{"C:\\Users\\david\\Desktop\\Uni\\Ingegneria del Software 2\\Progetto\\SEII-Project\\index.js": {"path":"C:\\Users\\david\\Desktop\\Uni\\Ingegneria del Software 2\\Progetto\\SEII-Project\\index.js","statementMap":{"0":{"start":{"line":1,"column":14},"end":{"line":1,"column":32}},"1":{"start":{"line":2,"column":17},"end":{"line":2,"column":39}},"2":{"start":{"line":3,"column":17},"end":{"line":3,"column":36}},"3":{"start":{"line":4,"column":15},"end":{"line":4,"column":32}},"4":{"start":{"line":6,"column":0},"end":{"line":6,"column":16}},"5":{"start":{"line":9,"column":12},"end":{"line":9,"column":21}},"6":{"start":{"line":10,"column":0},"end":{"line":10,"column":24}},"7":{"start":{"line":12,"column":0},"end":{"line":12,"column":27}},"8":{"start":{"line":13,"column":0},"end":{"line":13,"column":51}},"9":{"start":{"line":17,"column":13},"end":{"line":17,"column":29}},"10":{"start":{"line":20,"column":14},"end":{"line":20,"column":39}},"11":{"start":{"line":21,"column":19},"end":{"line":21,"column":49}},"12":{"start":{"line":22,"column":21},"end":{"line":22,"column":49}},"13":{"start":{"line":23,"column":15},"end":{"line":23,"column":41}},"14":{"start":{"line":24,"column":20},"end":{"line":24,"column":51}},"15":{"start":{"line":25,"column":20},"end":{"line":25,"column":51}},"16":{"start":{"line":26,"column":19},"end":{"line":26,"column":49}},"17":{"start":{"line":27,"column":15},"end":{"line":27,"column":41}},"18":{"start":{"line":29,"column":21},"end":{"line":29,"column":53}},"19":{"start":{"line":32,"column":0},"end":{"line":34,"column":3}},"20":{"start":{"line":33,"column":4},"end":{"line":33,"column":55}},"21":{"start":{"line":39,"column":0},"end":{"line":47,"column":3}},"22":{"start":{"line":46,"column":4},"end":{"line":46,"column":35}},"23":{"start":{"line":64,"column":13},"end":{"line":64,"column":40}},"24":{"start":{"line":66,"column":14},"end":{"line":66,"column":42}},"25":{"start":{"line":68,"column":14},"end":{"line":68,"column":42}},"26":{"start":{"line":70,"column":16},"end":{"line":70,"column":46}},"27":{"start":{"line":73,"column":0},"end":{"line":73,"column":30}},"28":{"start":{"line":74,"column":0},"end":{"line":74,"column":56}},"29":{"start":{"line":75,"column":0},"end":{"line":75,"column":21}},"30":{"start":{"line":76,"column":0},"end":{"line":76,"column":30}},"31":{"start":{"line":77,"column":0},"end":{"line":77,"column":56}},"32":{"start":{"line":80,"column":0},"end":{"line":80,"column":55}},"33":{"start":{"line":81,"column":0},"end":{"line":81,"column":54}},"34":{"start":{"line":82,"column":0},"end":{"line":82,"column":57}},"35":{"start":{"line":84,"column":0},"end":{"line":84,"column":59}},"36":{"start":{"line":85,"column":0},"end":{"line":85,"column":58}},"37":{"start":{"line":86,"column":0},"end":{"line":86,"column":61}},"38":{"start":{"line":89,"column":0},"end":{"line":94,"column":3}},"39":{"start":{"line":90,"column":8},"end":{"line":93,"column":7}},"40":{"start":{"line":91,"column":8},"end":{"line":91,"column":18}},"41":{"start":{"line":92,"column":8},"end":{"line":92,"column":27}},"42":{"start":{"line":92,"column":16},"end":{"line":92,"column":27}},"43":{"start":{"line":97,"column":0},"end":{"line":103,"column":3}},"44":{"start":{"line":98,"column":4},"end":{"line":102,"column":7}},"45":{"start":{"line":99,"column":8},"end":{"line":99,"column":18}},"46":{"start":{"line":100,"column":8},"end":{"line":100,"column":25}},"47":{"start":{"line":101,"column":8},"end":{"line":101,"column":27}},"48":{"start":{"line":101,"column":16},"end":{"line":101,"column":27}},"49":{"start":{"line":109,"column":0},"end":{"line":114,"column":3}},"50":{"start":{"line":110,"column":8},"end":{"line":113,"column":7}},"51":{"start":{"line":111,"column":8},"end":{"line":111,"column":18}},"52":{"start":{"line":112,"column":8},"end":{"line":112,"column":27}},"53":{"start":{"line":112,"column":16},"end":{"line":112,"column":27}},"54":{"start":{"line":116,"column":0},"end":{"line":121,"column":3}},"55":{"start":{"line":117,"column":8},"end":{"line":120,"column":7}},"56":{"start":{"line":118,"column":8},"end":{"line":118,"column":18}},"57":{"start":{"line":119,"column":8},"end":{"line":119,"column":27}},"58":{"start":{"line":119,"column":16},"end":{"line":119,"column":27}},"59":{"start":{"line":123,"column":0},"end":{"line":128,"column":3}},"60":{"start":{"line":124,"column":8},"end":{"line":127,"column":7}},"61":{"start":{"line":125,"column":8},"end":{"line":125,"column":18}},"62":{"start":{"line":126,"column":8},"end":{"line":126,"column":27}},"63":{"start":{"line":126,"column":16},"end":{"line":126,"column":27}},"64":{"start":{"line":130,"column":0},"end":{"line":135,"column":3}},"65":{"start":{"line":131,"column":8},"end":{"line":134,"column":7}},"66":{"start":{"line":132,"column":8},"end":{"line":132,"column":18}},"67":{"start":{"line":133,"column":8},"end":{"line":133,"column":27}},"68":{"start":{"line":133,"column":16},"end":{"line":133,"column":27}},"69":{"start":{"line":137,"column":0},"end":{"line":142,"column":3}},"70":{"start":{"line":138,"column":8},"end":{"line":141,"column":7}},"71":{"start":{"line":139,"column":8},"end":{"line":139,"column":18}},"72":{"start":{"line":140,"column":8},"end":{"line":140,"column":27}},"73":{"start":{"line":140,"column":16},"end":{"line":140,"column":27}},"74":{"start":{"line":144,"column":0},"end":{"line":149,"column":3}},"75":{"start":{"line":145,"column":8},"end":{"line":148,"column":7}},"76":{"start":{"line":146,"column":8},"end":{"line":146,"column":18}},"77":{"start":{"line":147,"column":8},"end":{"line":147,"column":27}},"78":{"start":{"line":147,"column":16},"end":{"line":147,"column":27}},"79":{"start":{"line":151,"column":0},"end":{"line":156,"column":3}},"80":{"start":{"line":152,"column":8},"end":{"line":155,"column":7}},"81":{"start":{"line":153,"column":8},"end":{"line":153,"column":18}},"82":{"start":{"line":154,"column":8},"end":{"line":154,"column":27}},"83":{"start":{"line":154,"column":16},"end":{"line":154,"column":27}},"84":{"start":{"line":158,"column":0},"end":{"line":163,"column":3}},"85":{"start":{"line":159,"column":8},"end":{"line":162,"column":7}},"86":{"start":{"line":160,"column":8},"end":{"line":160,"column":18}},"87":{"start":{"line":161,"column":8},"end":{"line":161,"column":27}},"88":{"start":{"line":161,"column":16},"end":{"line":161,"column":27}},"89":{"start":{"line":165,"column":0},"end":{"line":170,"column":3}},"90":{"start":{"line":166,"column":8},"end":{"line":169,"column":7}},"91":{"start":{"line":167,"column":8},"end":{"line":167,"column":18}},"92":{"start":{"line":168,"column":8},"end":{"line":168,"column":27}},"93":{"start":{"line":168,"column":16},"end":{"line":168,"column":27}},"94":{"start":{"line":172,"column":0},"end":{"line":177,"column":3}},"95":{"start":{"line":173,"column":8},"end":{"line":176,"column":7}},"96":{"start":{"line":174,"column":8},"end":{"line":174,"column":18}},"97":{"start":{"line":175,"column":8},"end":{"line":175,"column":27}},"98":{"start":{"line":175,"column":16},"end":{"line":175,"column":27}},"99":{"start":{"line":179,"column":0},"end":{"line":184,"column":3}},"100":{"start":{"line":180,"column":8},"end":{"line":183,"column":7}},"101":{"start":{"line":181,"column":8},"end":{"line":181,"column":18}},"102":{"start":{"line":182,"column":8},"end":{"line":182,"column":27}},"103":{"start":{"line":182,"column":16},"end":{"line":182,"column":27}},"104":{"start":{"line":186,"column":0},"end":{"line":191,"column":3}},"105":{"start":{"line":187,"column":4},"end":{"line":190,"column":3}},"106":{"start":{"line":188,"column":4},"end":{"line":188,"column":14}},"107":{"start":{"line":189,"column":4},"end":{"line":189,"column":23}},"108":{"start":{"line":189,"column":12},"end":{"line":189,"column":23}},"109":{"start":{"line":195,"column":13},"end":{"line":195,"column":28}},"110":{"start":{"line":197,"column":0},"end":{"line":199,"column":3}},"111":{"start":{"line":198,"column":4},"end":{"line":198,"column":64}},"112":{"start":{"line":200,"column":0},"end":{"line":202,"column":3}},"113":{"start":{"line":201,"column":4},"end":{"line":201,"column":68}},"114":{"start":{"line":203,"column":0},"end":{"line":205,"column":3}},"115":{"start":{"line":204,"column":4},"end":{"line":204,"column":64}},"116":{"start":{"line":206,"column":0},"end":{"line":208,"column":3}},"117":{"start":{"line":207,"column":4},"end":{"line":207,"column":64}},"118":{"start":{"line":209,"column":0},"end":{"line":211,"column":3}},"119":{"start":{"line":210,"column":4},"end":{"line":210,"column":68}},"120":{"start":{"line":212,"column":0},"end":{"line":214,"column":3}},"121":{"start":{"line":213,"column":4},"end":{"line":213,"column":64}},"122":{"start":{"line":215,"column":0},"end":{"line":217,"column":3}},"123":{"start":{"line":216,"column":4},"end":{"line":216,"column":66}},"124":{"start":{"line":218,"column":0},"end":{"line":220,"column":3}},"125":{"start":{"line":219,"column":4},"end":{"line":219,"column":70}},"126":{"start":{"line":221,"column":0},"end":{"line":223,"column":3}},"127":{"start":{"line":222,"column":4},"end":{"line":222,"column":66}},"128":{"start":{"line":225,"column":0},"end":{"line":227,"column":3}},"129":{"start":{"line":226,"column":4},"end":{"line":226,"column":60}},"130":{"start":{"line":229,"column":0},"end":{"line":231,"column":3}},"131":{"start":{"line":230,"column":4},"end":{"line":230,"column":63}},"132":{"start":{"line":233,"column":0},"end":{"line":235,"column":3}},"133":{"start":{"line":234,"column":4},"end":{"line":234,"column":63}},"134":{"start":{"line":239,"column":0},"end":{"line":239,"column":51}},"135":{"start":{"line":240,"column":0},"end":{"line":240,"column":57}},"136":{"start":{"line":242,"column":0},"end":{"line":242,"column":49}},"137":{"start":{"line":243,"column":0},"end":{"line":243,"column":47}},"138":{"start":{"line":244,"column":0},"end":{"line":244,"column":46}},"139":{"start":{"line":245,"column":0},"end":{"line":245,"column":47}},"140":{"start":{"line":246,"column":0},"end":{"line":246,"column":54}},"141":{"start":{"line":247,"column":0},"end":{"line":247,"column":52}},"142":{"start":{"line":248,"column":0},"end":{"line":248,"column":49}},"143":{"start":{"line":249,"column":0},"end":{"line":249,"column":50}},"144":{"start":{"line":250,"column":0},"end":{"line":250,"column":67}},"145":{"start":{"line":251,"column":0},"end":{"line":251,"column":65}},"146":{"start":{"line":252,"column":0},"end":{"line":252,"column":67}},"147":{"start":{"line":253,"column":0},"end":{"line":253,"column":76}},"148":{"start":{"line":254,"column":0},"end":{"line":254,"column":71}},"149":{"start":{"line":255,"column":0},"end":{"line":255,"column":72}},"150":{"start":{"line":258,"column":0},"end":{"line":258,"column":53}},"151":{"start":{"line":259,"column":0},"end":{"line":259,"column":46}},"152":{"start":{"line":262,"column":0},"end":{"line":262,"column":58}},"153":{"start":{"line":263,"column":0},"end":{"line":263,"column":67}},"154":{"start":{"line":264,"column":0},"end":{"line":264,"column":64}},"155":{"start":{"line":268,"column":0},"end":{"line":268,"column":54}},"156":{"start":{"line":269,"column":0},"end":{"line":269,"column":60}},"157":{"start":{"line":271,"column":0},"end":{"line":271,"column":66}},"158":{"start":{"line":272,"column":0},"end":{"line":272,"column":74}},"159":{"start":{"line":273,"column":0},"end":{"line":273,"column":75}},"160":{"start":{"line":274,"column":0},"end":{"line":274,"column":68}},"161":{"start":{"line":277,"column":0},"end":{"line":277,"column":53}},"162":{"start":{"line":278,"column":0},"end":{"line":278,"column":57}},"163":{"start":{"line":280,"column":0},"end":{"line":280,"column":67}},"164":{"start":{"line":281,"column":0},"end":{"line":281,"column":73}},"165":{"start":{"line":282,"column":0},"end":{"line":282,"column":74}},"166":{"start":{"line":283,"column":0},"end":{"line":283,"column":67}},"167":{"start":{"line":286,"column":0},"end":{"line":286,"column":47}},"168":{"start":{"line":288,"column":0},"end":{"line":288,"column":53}},"169":{"start":{"line":289,"column":0},"end":{"line":289,"column":54}},"170":{"start":{"line":290,"column":0},"end":{"line":290,"column":56}},"171":{"start":{"line":291,"column":0},"end":{"line":291,"column":59}},"172":{"start":{"line":294,"column":0},"end":{"line":294,"column":54}},"173":{"start":{"line":295,"column":0},"end":{"line":295,"column":60}},"174":{"start":{"line":296,"column":0},"end":{"line":296,"column":56}},"175":{"start":{"line":297,"column":0},"end":{"line":297,"column":60}},"176":{"start":{"line":300,"column":0},"end":{"line":304,"column":3}},"177":{"start":{"line":301,"column":16},"end":{"line":301,"column":38}},"178":{"start":{"line":302,"column":4},"end":{"line":302,"column":21}},"179":{"start":{"line":303,"column":4},"end":{"line":303,"column":14}},"180":{"start":{"line":306,"column":0},"end":{"line":309,"column":3}},"181":{"start":{"line":307,"column":4},"end":{"line":307,"column":34}},"182":{"start":{"line":308,"column":4},"end":{"line":308,"column":50}},"183":{"start":{"line":313,"column":0},"end":{"line":313,"column":20}}},"fnMap":{"0":{"name":"(anonymous_0)","decl":{"start":{"line":32,"column":20},"end":{"line":32,"column":21}},"loc":{"start":{"line":32,"column":40},"end":{"line":34,"column":1}},"line":32},"1":{"name":"(anonymous_1)","decl":{"start":{"line":45,"column":8},"end":{"line":45,"column":9}},"loc":{"start":{"line":45,"column":14},"end":{"line":47,"column":1}},"line":45},"2":{"name":"(anonymous_2)","decl":{"start":{"line":89,"column":18},"end":{"line":89,"column":19}},"loc":{"start":{"line":89,"column":32},"end":{"line":94,"column":1}},"line":89},"3":{"name":"(anonymous_3)","decl":{"start":{"line":90,"column":51},"end":{"line":90,"column":52}},"loc":{"start":{"line":90,"column":60},"end":{"line":93,"column":5}},"line":90},"4":{"name":"(anonymous_4)","decl":{"start":{"line":97,"column":21},"end":{"line":97,"column":22}},"loc":{"start":{"line":97,"column":35},"end":{"line":103,"column":1}},"line":97},"5":{"name":"(anonymous_5)","decl":{"start":{"line":98,"column":50},"end":{"line":98,"column":51}},"loc":{"start":{"line":98,"column":59},"end":{"line":102,"column":5}},"line":98},"6":{"name":"(anonymous_6)","decl":{"start":{"line":109,"column":20},"end":{"line":109,"column":21}},"loc":{"start":{"line":109,"column":34},"end":{"line":114,"column":1}},"line":109},"7":{"name":"(anonymous_7)","decl":{"start":{"line":110,"column":53},"end":{"line":110,"column":54}},"loc":{"start":{"line":110,"column":62},"end":{"line":113,"column":5}},"line":110},"8":{"name":"(anonymous_8)","decl":{"start":{"line":116,"column":19},"end":{"line":116,"column":20}},"loc":{"start":{"line":116,"column":33},"end":{"line":121,"column":1}},"line":116},"9":{"name":"(anonymous_9)","decl":{"start":{"line":117,"column":52},"end":{"line":117,"column":53}},"loc":{"start":{"line":117,"column":61},"end":{"line":120,"column":5}},"line":117},"10":{"name":"(anonymous_10)","decl":{"start":{"line":123,"column":18},"end":{"line":123,"column":19}},"loc":{"start":{"line":123,"column":32},"end":{"line":128,"column":1}},"line":123},"11":{"name":"(anonymous_11)","decl":{"start":{"line":124,"column":51},"end":{"line":124,"column":52}},"loc":{"start":{"line":124,"column":60},"end":{"line":127,"column":5}},"line":124},"12":{"name":"(anonymous_12)","decl":{"start":{"line":130,"column":19},"end":{"line":130,"column":20}},"loc":{"start":{"line":130,"column":33},"end":{"line":135,"column":1}},"line":130},"13":{"name":"(anonymous_13)","decl":{"start":{"line":131,"column":52},"end":{"line":131,"column":53}},"loc":{"start":{"line":131,"column":61},"end":{"line":134,"column":5}},"line":131},"14":{"name":"(anonymous_14)","decl":{"start":{"line":137,"column":28},"end":{"line":137,"column":29}},"loc":{"start":{"line":137,"column":42},"end":{"line":142,"column":1}},"line":137},"15":{"name":"(anonymous_15)","decl":{"start":{"line":138,"column":61},"end":{"line":138,"column":62}},"loc":{"start":{"line":138,"column":70},"end":{"line":141,"column":5}},"line":138},"16":{"name":"(anonymous_16)","decl":{"start":{"line":144,"column":26},"end":{"line":144,"column":27}},"loc":{"start":{"line":144,"column":40},"end":{"line":149,"column":1}},"line":144},"17":{"name":"(anonymous_17)","decl":{"start":{"line":145,"column":59},"end":{"line":145,"column":60}},"loc":{"start":{"line":145,"column":68},"end":{"line":148,"column":5}},"line":145},"18":{"name":"(anonymous_18)","decl":{"start":{"line":151,"column":26},"end":{"line":151,"column":27}},"loc":{"start":{"line":151,"column":40},"end":{"line":156,"column":1}},"line":151},"19":{"name":"(anonymous_19)","decl":{"start":{"line":152,"column":59},"end":{"line":152,"column":60}},"loc":{"start":{"line":152,"column":68},"end":{"line":155,"column":5}},"line":152},"20":{"name":"(anonymous_20)","decl":{"start":{"line":158,"column":25},"end":{"line":158,"column":26}},"loc":{"start":{"line":158,"column":39},"end":{"line":163,"column":1}},"line":158},"21":{"name":"(anonymous_21)","decl":{"start":{"line":159,"column":58},"end":{"line":159,"column":59}},"loc":{"start":{"line":159,"column":67},"end":{"line":162,"column":5}},"line":159},"22":{"name":"(anonymous_22)","decl":{"start":{"line":165,"column":34},"end":{"line":165,"column":35}},"loc":{"start":{"line":165,"column":48},"end":{"line":170,"column":1}},"line":165},"23":{"name":"(anonymous_23)","decl":{"start":{"line":166,"column":67},"end":{"line":166,"column":68}},"loc":{"start":{"line":166,"column":76},"end":{"line":169,"column":5}},"line":166},"24":{"name":"(anonymous_24)","decl":{"start":{"line":172,"column":34},"end":{"line":172,"column":35}},"loc":{"start":{"line":172,"column":48},"end":{"line":177,"column":1}},"line":172},"25":{"name":"(anonymous_25)","decl":{"start":{"line":173,"column":67},"end":{"line":173,"column":68}},"loc":{"start":{"line":173,"column":76},"end":{"line":176,"column":5}},"line":173},"26":{"name":"(anonymous_26)","decl":{"start":{"line":179,"column":34},"end":{"line":179,"column":35}},"loc":{"start":{"line":179,"column":48},"end":{"line":184,"column":1}},"line":179},"27":{"name":"(anonymous_27)","decl":{"start":{"line":180,"column":67},"end":{"line":180,"column":68}},"loc":{"start":{"line":180,"column":76},"end":{"line":183,"column":5}},"line":180},"28":{"name":"(anonymous_28)","decl":{"start":{"line":186,"column":21},"end":{"line":186,"column":22}},"loc":{"start":{"line":186,"column":35},"end":{"line":191,"column":1}},"line":186},"29":{"name":"(anonymous_29)","decl":{"start":{"line":187,"column":50},"end":{"line":187,"column":51}},"loc":{"start":{"line":187,"column":59},"end":{"line":190,"column":1}},"line":187},"30":{"name":"(anonymous_30)","decl":{"start":{"line":197,"column":24},"end":{"line":197,"column":25}},"loc":{"start":{"line":197,"column":38},"end":{"line":199,"column":1}},"line":197},"31":{"name":"(anonymous_31)","decl":{"start":{"line":200,"column":28},"end":{"line":200,"column":29}},"loc":{"start":{"line":200,"column":42},"end":{"line":202,"column":1}},"line":200},"32":{"name":"(anonymous_32)","decl":{"start":{"line":203,"column":24},"end":{"line":203,"column":25}},"loc":{"start":{"line":203,"column":38},"end":{"line":205,"column":1}},"line":203},"33":{"name":"(anonymous_33)","decl":{"start":{"line":206,"column":24},"end":{"line":206,"column":25}},"loc":{"start":{"line":206,"column":38},"end":{"line":208,"column":1}},"line":206},"34":{"name":"(anonymous_34)","decl":{"start":{"line":209,"column":28},"end":{"line":209,"column":29}},"loc":{"start":{"line":209,"column":42},"end":{"line":211,"column":1}},"line":209},"35":{"name":"(anonymous_35)","decl":{"start":{"line":212,"column":24},"end":{"line":212,"column":25}},"loc":{"start":{"line":212,"column":38},"end":{"line":214,"column":1}},"line":212},"36":{"name":"(anonymous_36)","decl":{"start":{"line":215,"column":26},"end":{"line":215,"column":27}},"loc":{"start":{"line":215,"column":40},"end":{"line":217,"column":1}},"line":215},"37":{"name":"(anonymous_37)","decl":{"start":{"line":218,"column":30},"end":{"line":218,"column":31}},"loc":{"start":{"line":218,"column":44},"end":{"line":220,"column":1}},"line":218},"38":{"name":"(anonymous_38)","decl":{"start":{"line":221,"column":26},"end":{"line":221,"column":27}},"loc":{"start":{"line":221,"column":40},"end":{"line":223,"column":1}},"line":221},"39":{"name":"(anonymous_39)","decl":{"start":{"line":225,"column":20},"end":{"line":225,"column":21}},"loc":{"start":{"line":225,"column":34},"end":{"line":227,"column":1}},"line":225},"40":{"name":"(anonymous_40)","decl":{"start":{"line":229,"column":23},"end":{"line":229,"column":24}},"loc":{"start":{"line":229,"column":37},"end":{"line":231,"column":1}},"line":229},"41":{"name":"(anonymous_41)","decl":{"start":{"line":233,"column":23},"end":{"line":233,"column":24}},"loc":{"start":{"line":233,"column":37},"end":{"line":235,"column":1}},"line":233},"42":{"name":"(anonymous_42)","decl":{"start":{"line":300,"column":8},"end":{"line":300,"column":9}},"loc":{"start":{"line":300,"column":28},"end":{"line":304,"column":1}},"line":300},"43":{"name":"(anonymous_43)","decl":{"start":{"line":306,"column":8},"end":{"line":306,"column":9}},"loc":{"start":{"line":306,"column":33},"end":{"line":309,"column":1}},"line":306}},"branchMap":{"0":{"loc":{"start":{"line":92,"column":8},"end":{"line":92,"column":27}},"type":"if","locations":[{"start":{"line":92,"column":8},"end":{"line":92,"column":27}},{"start":{"line":92,"column":8},"end":{"line":92,"column":27}}],"line":92},"1":{"loc":{"start":{"line":101,"column":8},"end":{"line":101,"column":27}},"type":"if","locations":[{"start":{"line":101,"column":8},"end":{"line":101,"column":27}},{"start":{"line":101,"column":8},"end":{"line":101,"column":27}}],"line":101},"2":{"loc":{"start":{"line":112,"column":8},"end":{"line":112,"column":27}},"type":"if","locations":[{"start":{"line":112,"column":8},"end":{"line":112,"column":27}},{"start":{"line":112,"column":8},"end":{"line":112,"column":27}}],"line":112},"3":{"loc":{"start":{"line":119,"column":8},"end":{"line":119,"column":27}},"type":"if","locations":[{"start":{"line":119,"column":8},"end":{"line":119,"column":27}},{"start":{"line":119,"column":8},"end":{"line":119,"column":27}}],"line":119},"4":{"loc":{"start":{"line":126,"column":8},"end":{"line":126,"column":27}},"type":"if","locations":[{"start":{"line":126,"column":8},"end":{"line":126,"column":27}},{"start":{"line":126,"column":8},"end":{"line":126,"column":27}}],"line":126},"5":{"loc":{"start":{"line":133,"column":8},"end":{"line":133,"column":27}},"type":"if","locations":[{"start":{"line":133,"column":8},"end":{"line":133,"column":27}},{"start":{"line":133,"column":8},"end":{"line":133,"column":27}}],"line":133},"6":{"loc":{"start":{"line":140,"column":8},"end":{"line":140,"column":27}},"type":"if","locations":[{"start":{"line":140,"column":8},"end":{"line":140,"column":27}},{"start":{"line":140,"column":8},"end":{"line":140,"column":27}}],"line":140},"7":{"loc":{"start":{"line":147,"column":8},"end":{"line":147,"column":27}},"type":"if","locations":[{"start":{"line":147,"column":8},"end":{"line":147,"column":27}},{"start":{"line":147,"column":8},"end":{"line":147,"column":27}}],"line":147},"8":{"loc":{"start":{"line":154,"column":8},"end":{"line":154,"column":27}},"type":"if","locations":[{"start":{"line":154,"column":8},"end":{"line":154,"column":27}},{"start":{"line":154,"column":8},"end":{"line":154,"column":27}}],"line":154},"9":{"loc":{"start":{"line":161,"column":8},"end":{"line":161,"column":27}},"type":"if","locations":[{"start":{"line":161,"column":8},"end":{"line":161,"column":27}},{"start":{"line":161,"column":8},"end":{"line":161,"column":27}}],"line":161},"10":{"loc":{"start":{"line":168,"column":8},"end":{"line":168,"column":27}},"type":"if","locations":[{"start":{"line":168,"column":8},"end":{"line":168,"column":27}},{"start":{"line":168,"column":8},"end":{"line":168,"column":27}}],"line":168},"11":{"loc":{"start":{"line":175,"column":8},"end":{"line":175,"column":27}},"type":"if","locations":[{"start":{"line":175,"column":8},"end":{"line":175,"column":27}},{"start":{"line":175,"column":8},"end":{"line":175,"column":27}}],"line":175},"12":{"loc":{"start":{"line":182,"column":8},"end":{"line":182,"column":27}},"type":"if","locations":[{"start":{"line":182,"column":8},"end":{"line":182,"column":27}},{"start":{"line":182,"column":8},"end":{"line":182,"column":27}}],"line":182},"13":{"loc":{"start":{"line":189,"column":4},"end":{"line":189,"column":23}},"type":"if","locations":[{"start":{"line":189,"column":4},"end":{"line":189,"column":23}},{"start":{"line":189,"column":4},"end":{"line":189,"column":23}}],"line":189},"14":{"loc":{"start":{"line":307,"column":15},"end":{"line":307,"column":32}},"type":"binary-expr","locations":[{"start":{"line":307,"column":15},"end":{"line":307,"column":25}},{"start":{"line":307,"column":29},"end":{"line":307,"column":32}}],"line":307}},"s":{"0":13,"1":13,"2":13,"3":13,"4":13,"5":13,"6":13,"7":13,"8":13,"9":13,"10":13,"11":13,"12":13,"13":13,"14":13,"15":13,"16":13,"17":13,"18":13,"19":13,"20":0,"21":13,"22":10,"23":13,"24":13,"25":13,"26":13,"27":13,"28":13,"29":13,"30":13,"31":13,"32":13,"33":13,"34":13,"35":13,"36":13,"37":13,"38":13,"39":0,"40":0,"41":0,"42":0,"43":13,"44":0,"45":0,"46":0,"47":0,"48":0,"49":13,"50":0,"51":0,"52":0,"53":0,"54":13,"55":0,"56":0,"57":0,"58":0,"59":13,"60":0,"61":0,"62":0,"63":0,"64":13,"65":0,"66":0,"67":0,"68":0,"69":13,"70":0,"71":0,"72":0,"73":0,"74":13,"75":0,"76":0,"77":0,"78":0,"79":13,"80":0,"81":0,"82":0,"83":0,"84":13,"85":0,"86":0,"87":0,"88":0,"89":13,"90":0,"91":0,"92":0,"93":0,"94":13,"95":0,"96":0,"97":0,"98":0,"99":13,"100":0,"101":0,"102":0,"103":0,"104":13,"105":0,"106":0,"107":0,"108":0,"109":13,"110":13,"111":0,"112":13,"113":0,"114":13,"115":0,"116":13,"117":0,"118":13,"119":0,"120":13,"121":0,"122":13,"123":0,"124":13,"125":0,"126":13,"127":0,"128":13,"129":0,"130":13,"131":0,"132":13,"133":0,"134":13,"135":13,"136":13,"137":13,"138":13,"139":13,"140":13,"141":13,"142":13,"143":13,"144":13,"145":13,"146":13,"147":13,"148":13,"149":13,"150":13,"151":13,"152":13,"153":13,"154":13,"155":13,"156":13,"157":13,"158":13,"159":13,"160":13,"161":13,"162":13,"163":13,"164":13,"165":13,"166":13,"167":13,"168":13,"169":13,"170":13,"171":13,"172":13,"173":13,"174":13,"175":13,"176":13,"177":0,"178":0,"179":0,"180":13,"181":0,"182":0,"183":13},"f":{"0":0,"1":10,"2":0,"3":0,"4":0,"5":0,"6":0,"7":0,"8":0,"9":0,"10":0,"11":0,"12":0,"13":0,"14":0,"15":0,"16":0,"17":0,"18":0,"19":0,"20":0,"21":0,"22":0,"23":0,"24":0,"25":0,"26":0,"27":0,"28":0,"29":0,"30":0,"31":0,"32":0,"33":0,"34":0,"35":0,"36":0,"37":0,"38":0,"39":0,"40":0,"41":0,"42":0,"43":0},"b":{"0":[0,0],"1":[0,0],"2":[0,0],"3":[0,0],"4":[0,0],"5":[0,0],"6":[0,0],"7":[0,0],"8":[0,0],"9":[0,0],"10":[0,0],"11":[0,0],"12":[0,0],"13":[0,0],"14":[0,0]},"_coverageSchema":"1a1c01bbd47fc00a2c39e90264f33305004495a9","hash":"f3c51201954bc1f10f043e0399319d186f5d4278"}
,"C:\\Users\\david\\Desktop\\Uni\\Ingegneria del Software 2\\Progetto\\SEII-Project\\api\\events.js": {"path":"C:\\Users\\david\\Desktop\\Uni\\Ingegneria del Software 2\\Progetto\\SEII-Project\\api\\events.js","statementMap":{"0":{"start":{"line":1,"column":15},"end":{"line":1,"column":32}},"1":{"start":{"line":2,"column":14},"end":{"line":2,"column":40}},"2":{"start":{"line":3,"column":13},"end":{"line":3,"column":38}},"3":{"start":{"line":9,"column":13},"end":{"line":9,"column":139}},"4":{"start":{"line":11,"column":4},"end":{"line":11,"column":25}},"5":{"start":{"line":19,"column":14},"end":{"line":19,"column":35}},"6":{"start":{"line":20,"column":13},"end":{"line":20,"column":34}},"7":{"start":{"line":22,"column":15},"end":{"line":22,"column":29}},"8":{"start":{"line":23,"column":18},"end":{"line":23,"column":31}},"9":{"start":{"line":26,"column":4},"end":{"line":26,"column":75}},"10":{"start":{"line":33,"column":17},"end":{"line":160,"column":1}},"11":{"start":{"line":36,"column":4},"end":{"line":39,"column":5}},"12":{"start":{"line":37,"column":8},"end":{"line":37,"column":69}},"13":{"start":{"line":38,"column":8},"end":{"line":38,"column":15}},"14":{"start":{"line":42,"column":17},"end":{"line":42,"column":32}},"15":{"start":{"line":45,"column":4},"end":{"line":48,"column":5}},"16":{"start":{"line":46,"column":8},"end":{"line":46,"column":85}},"17":{"start":{"line":47,"column":8},"end":{"line":47,"column":15}},"18":{"start":{"line":51,"column":19},"end":{"line":56,"column":6}},"19":{"start":{"line":52,"column":8},"end":{"line":55,"column":9}},"20":{"start":{"line":53,"column":12},"end":{"line":53,"column":49}},"21":{"start":{"line":54,"column":12},"end":{"line":54,"column":19}},"22":{"start":{"line":58,"column":4},"end":{"line":61,"column":5}},"23":{"start":{"line":59,"column":8},"end":{"line":59,"column":84}},"24":{"start":{"line":60,"column":8},"end":{"line":60,"column":15}},"25":{"start":{"line":64,"column":4},"end":{"line":67,"column":5}},"26":{"start":{"line":65,"column":8},"end":{"line":65,"column":82}},"27":{"start":{"line":66,"column":8},"end":{"line":66,"column":15}},"28":{"start":{"line":69,"column":16},"end":{"line":77,"column":5}},"29":{"start":{"line":80,"column":4},"end":{"line":83,"column":5}},"30":{"start":{"line":81,"column":8},"end":{"line":81,"column":92}},"31":{"start":{"line":82,"column":8},"end":{"line":82,"column":15}},"32":{"start":{"line":86,"column":15},"end":{"line":94,"column":6}},"33":{"start":{"line":87,"column":8},"end":{"line":91,"column":53}},"34":{"start":{"line":88,"column":12},"end":{"line":91,"column":53}},"35":{"start":{"line":89,"column":16},"end":{"line":89,"column":71}},"36":{"start":{"line":91,"column":16},"end":{"line":91,"column":53}},"37":{"start":{"line":93,"column":8},"end":{"line":93,"column":15}},"38":{"start":{"line":96,"column":4},"end":{"line":99,"column":5}},"39":{"start":{"line":97,"column":8},"end":{"line":97,"column":88}},"40":{"start":{"line":98,"column":8},"end":{"line":98,"column":15}},"41":{"start":{"line":101,"column":4},"end":{"line":104,"column":5}},"42":{"start":{"line":102,"column":8},"end":{"line":102,"column":88}},"43":{"start":{"line":103,"column":8},"end":{"line":103,"column":15}},"44":{"start":{"line":106,"column":4},"end":{"line":109,"column":5}},"45":{"start":{"line":107,"column":8},"end":{"line":107,"column":87}},"46":{"start":{"line":108,"column":8},"end":{"line":108,"column":15}},"47":{"start":{"line":111,"column":4},"end":{"line":114,"column":5}},"48":{"start":{"line":112,"column":8},"end":{"line":112,"column":97}},"49":{"start":{"line":113,"column":8},"end":{"line":113,"column":15}},"50":{"start":{"line":115,"column":4},"end":{"line":115,"column":36}},"51":{"start":{"line":118,"column":4},"end":{"line":121,"column":5}},"52":{"start":{"line":119,"column":8},"end":{"line":119,"column":89}},"53":{"start":{"line":120,"column":8},"end":{"line":120,"column":15}},"54":{"start":{"line":124,"column":16},"end":{"line":129,"column":6}},"55":{"start":{"line":125,"column":8},"end":{"line":128,"column":9}},"56":{"start":{"line":126,"column":12},"end":{"line":126,"column":49}},"57":{"start":{"line":127,"column":12},"end":{"line":127,"column":19}},"58":{"start":{"line":131,"column":4},"end":{"line":134,"column":5}},"59":{"start":{"line":132,"column":8},"end":{"line":132,"column":106}},"60":{"start":{"line":133,"column":8},"end":{"line":133,"column":15}},"61":{"start":{"line":136,"column":4},"end":{"line":139,"column":5}},"62":{"start":{"line":137,"column":8},"end":{"line":137,"column":88}},"63":{"start":{"line":138,"column":8},"end":{"line":138,"column":15}},"64":{"start":{"line":141,"column":4},"end":{"line":144,"column":5}},"65":{"start":{"line":142,"column":8},"end":{"line":142,"column":94}},"66":{"start":{"line":143,"column":8},"end":{"line":143,"column":15}},"67":{"start":{"line":146,"column":4},"end":{"line":149,"column":5}},"68":{"start":{"line":147,"column":8},"end":{"line":147,"column":103}},"69":{"start":{"line":148,"column":8},"end":{"line":148,"column":15}},"70":{"start":{"line":153,"column":19},"end":{"line":153,"column":35}},"71":{"start":{"line":154,"column":4},"end":{"line":159,"column":7}},"72":{"start":{"line":155,"column":8},"end":{"line":158,"column":118}},"73":{"start":{"line":156,"column":12},"end":{"line":156,"column":49}},"74":{"start":{"line":158,"column":12},"end":{"line":158,"column":118}},"75":{"start":{"line":166,"column":20},"end":{"line":234,"column":1}},"76":{"start":{"line":169,"column":4},"end":{"line":172,"column":5}},"77":{"start":{"line":170,"column":8},"end":{"line":170,"column":69}},"78":{"start":{"line":171,"column":8},"end":{"line":171,"column":15}},"79":{"start":{"line":175,"column":17},"end":{"line":175,"column":32}},"80":{"start":{"line":178,"column":4},"end":{"line":181,"column":5}},"81":{"start":{"line":179,"column":8},"end":{"line":179,"column":85}},"82":{"start":{"line":180,"column":8},"end":{"line":180,"column":15}},"83":{"start":{"line":184,"column":19},"end":{"line":189,"column":6}},"84":{"start":{"line":185,"column":8},"end":{"line":188,"column":9}},"85":{"start":{"line":186,"column":12},"end":{"line":186,"column":49}},"86":{"start":{"line":187,"column":12},"end":{"line":187,"column":19}},"87":{"start":{"line":191,"column":4},"end":{"line":194,"column":5}},"88":{"start":{"line":192,"column":8},"end":{"line":192,"column":84}},"89":{"start":{"line":193,"column":8},"end":{"line":193,"column":15}},"90":{"start":{"line":197,"column":4},"end":{"line":200,"column":5}},"91":{"start":{"line":198,"column":8},"end":{"line":198,"column":85}},"92":{"start":{"line":199,"column":8},"end":{"line":199,"column":15}},"93":{"start":{"line":202,"column":13},"end":{"line":202,"column":36}},"94":{"start":{"line":205,"column":4},"end":{"line":208,"column":5}},"95":{"start":{"line":206,"column":8},"end":{"line":206,"column":92}},"96":{"start":{"line":207,"column":8},"end":{"line":207,"column":15}},"97":{"start":{"line":211,"column":15},"end":{"line":219,"column":6}},"98":{"start":{"line":212,"column":8},"end":{"line":216,"column":53}},"99":{"start":{"line":213,"column":12},"end":{"line":216,"column":53}},"100":{"start":{"line":214,"column":16},"end":{"line":214,"column":71}},"101":{"start":{"line":216,"column":16},"end":{"line":216,"column":53}},"102":{"start":{"line":218,"column":8},"end":{"line":218,"column":15}},"103":{"start":{"line":221,"column":4},"end":{"line":224,"column":5}},"104":{"start":{"line":222,"column":8},"end":{"line":222,"column":101}},"105":{"start":{"line":223,"column":8},"end":{"line":223,"column":15}},"106":{"start":{"line":227,"column":4},"end":{"line":232,"column":7}},"107":{"start":{"line":228,"column":8},"end":{"line":231,"column":76}},"108":{"start":{"line":229,"column":12},"end":{"line":229,"column":49}},"109":{"start":{"line":231,"column":12},"end":{"line":231,"column":76}},"110":{"start":{"line":240,"column":20},"end":{"line":412,"column":1}},"111":{"start":{"line":243,"column":4},"end":{"line":246,"column":5}},"112":{"start":{"line":244,"column":8},"end":{"line":244,"column":69}},"113":{"start":{"line":245,"column":8},"end":{"line":245,"column":15}},"114":{"start":{"line":249,"column":17},"end":{"line":249,"column":32}},"115":{"start":{"line":252,"column":4},"end":{"line":255,"column":5}},"116":{"start":{"line":253,"column":8},"end":{"line":253,"column":85}},"117":{"start":{"line":254,"column":8},"end":{"line":254,"column":15}},"118":{"start":{"line":258,"column":19},"end":{"line":263,"column":6}},"119":{"start":{"line":259,"column":8},"end":{"line":262,"column":9}},"120":{"start":{"line":260,"column":12},"end":{"line":260,"column":49}},"121":{"start":{"line":261,"column":12},"end":{"line":261,"column":19}},"122":{"start":{"line":265,"column":4},"end":{"line":268,"column":5}},"123":{"start":{"line":266,"column":8},"end":{"line":266,"column":84}},"124":{"start":{"line":267,"column":8},"end":{"line":267,"column":15}},"125":{"start":{"line":271,"column":4},"end":{"line":274,"column":5}},"126":{"start":{"line":272,"column":8},"end":{"line":272,"column":85}},"127":{"start":{"line":273,"column":8},"end":{"line":273,"column":15}},"128":{"start":{"line":276,"column":13},"end":{"line":276,"column":36}},"129":{"start":{"line":279,"column":4},"end":{"line":282,"column":5}},"130":{"start":{"line":280,"column":8},"end":{"line":280,"column":92}},"131":{"start":{"line":281,"column":8},"end":{"line":281,"column":15}},"132":{"start":{"line":285,"column":15},"end":{"line":293,"column":6}},"133":{"start":{"line":286,"column":8},"end":{"line":290,"column":53}},"134":{"start":{"line":287,"column":12},"end":{"line":290,"column":53}},"135":{"start":{"line":288,"column":16},"end":{"line":288,"column":71}},"136":{"start":{"line":290,"column":16},"end":{"line":290,"column":53}},"137":{"start":{"line":292,"column":8},"end":{"line":292,"column":15}},"138":{"start":{"line":295,"column":4},"end":{"line":298,"column":5}},"139":{"start":{"line":296,"column":8},"end":{"line":296,"column":101}},"140":{"start":{"line":297,"column":8},"end":{"line":297,"column":15}},"141":{"start":{"line":301,"column":19},"end":{"line":307,"column":5}},"142":{"start":{"line":310,"column":4},"end":{"line":313,"column":5}},"143":{"start":{"line":311,"column":8},"end":{"line":311,"column":88}},"144":{"start":{"line":312,"column":8},"end":{"line":312,"column":15}},"145":{"start":{"line":315,"column":4},"end":{"line":318,"column":5}},"146":{"start":{"line":316,"column":8},"end":{"line":316,"column":87}},"147":{"start":{"line":317,"column":8},"end":{"line":317,"column":15}},"148":{"start":{"line":320,"column":4},"end":{"line":323,"column":5}},"149":{"start":{"line":321,"column":8},"end":{"line":321,"column":97}},"150":{"start":{"line":322,"column":8},"end":{"line":322,"column":15}},"151":{"start":{"line":325,"column":4},"end":{"line":345,"column":5}},"152":{"start":{"line":326,"column":8},"end":{"line":326,"column":46}},"153":{"start":{"line":329,"column":8},"end":{"line":332,"column":9}},"154":{"start":{"line":330,"column":12},"end":{"line":330,"column":88}},"155":{"start":{"line":331,"column":12},"end":{"line":331,"column":19}},"156":{"start":{"line":335,"column":20},"end":{"line":340,"column":10}},"157":{"start":{"line":336,"column":12},"end":{"line":339,"column":13}},"158":{"start":{"line":337,"column":16},"end":{"line":337,"column":53}},"159":{"start":{"line":338,"column":16},"end":{"line":338,"column":23}},"160":{"start":{"line":341,"column":8},"end":{"line":344,"column":9}},"161":{"start":{"line":342,"column":12},"end":{"line":342,"column":110}},"162":{"start":{"line":343,"column":12},"end":{"line":343,"column":19}},"163":{"start":{"line":347,"column":4},"end":{"line":350,"column":5}},"164":{"start":{"line":348,"column":8},"end":{"line":348,"column":88}},"165":{"start":{"line":349,"column":8},"end":{"line":349,"column":15}},"166":{"start":{"line":352,"column":4},"end":{"line":355,"column":5}},"167":{"start":{"line":353,"column":8},"end":{"line":353,"column":94}},"168":{"start":{"line":354,"column":8},"end":{"line":354,"column":15}},"169":{"start":{"line":357,"column":4},"end":{"line":363,"column":5}},"170":{"start":{"line":358,"column":8},"end":{"line":358,"column":50}},"171":{"start":{"line":359,"column":8},"end":{"line":362,"column":9}},"172":{"start":{"line":360,"column":12},"end":{"line":360,"column":107}},"173":{"start":{"line":361,"column":12},"end":{"line":361,"column":19}},"174":{"start":{"line":366,"column":4},"end":{"line":373,"column":5}},"175":{"start":{"line":367,"column":8},"end":{"line":372,"column":11}},"176":{"start":{"line":368,"column":12},"end":{"line":371,"column":13}},"177":{"start":{"line":369,"column":16},"end":{"line":369,"column":73}},"178":{"start":{"line":370,"column":16},"end":{"line":370,"column":23}},"179":{"start":{"line":375,"column":4},"end":{"line":382,"column":5}},"180":{"start":{"line":376,"column":8},"end":{"line":381,"column":11}},"181":{"start":{"line":377,"column":12},"end":{"line":380,"column":13}},"182":{"start":{"line":378,"column":16},"end":{"line":378,"column":73}},"183":{"start":{"line":379,"column":16},"end":{"line":379,"column":23}},"184":{"start":{"line":384,"column":4},"end":{"line":391,"column":5}},"185":{"start":{"line":385,"column":8},"end":{"line":390,"column":11}},"186":{"start":{"line":386,"column":12},"end":{"line":389,"column":13}},"187":{"start":{"line":387,"column":16},"end":{"line":387,"column":73}},"188":{"start":{"line":388,"column":16},"end":{"line":388,"column":23}},"189":{"start":{"line":393,"column":4},"end":{"line":400,"column":5}},"190":{"start":{"line":394,"column":8},"end":{"line":399,"column":11}},"191":{"start":{"line":395,"column":12},"end":{"line":398,"column":13}},"192":{"start":{"line":396,"column":16},"end":{"line":396,"column":73}},"193":{"start":{"line":397,"column":16},"end":{"line":397,"column":23}},"194":{"start":{"line":402,"column":4},"end":{"line":409,"column":5}},"195":{"start":{"line":403,"column":8},"end":{"line":408,"column":11}},"196":{"start":{"line":404,"column":12},"end":{"line":407,"column":13}},"197":{"start":{"line":405,"column":16},"end":{"line":405,"column":73}},"198":{"start":{"line":406,"column":16},"end":{"line":406,"column":23}},"199":{"start":{"line":411,"column":4},"end":{"line":411,"column":68}},"200":{"start":{"line":414,"column":0},"end":{"line":418,"column":1}}},"fnMap":{"0":{"name":"checkDate","decl":{"start":{"line":8,"column":9},"end":{"line":8,"column":18}},"loc":{"start":{"line":8,"column":25},"end":{"line":12,"column":1}},"line":8},"1":{"name":"toDate","decl":{"start":{"line":17,"column":9},"end":{"line":17,"column":15}},"loc":{"start":{"line":17,"column":25},"end":{"line":27,"column":1}},"line":17},"2":{"name":"(anonymous_2)","decl":{"start":{"line":33,"column":17},"end":{"line":33,"column":18}},"loc":{"start":{"line":33,"column":37},"end":{"line":160,"column":1}},"line":33},"3":{"name":"(anonymous_3)","decl":{"start":{"line":51,"column":84},"end":{"line":51,"column":85}},"loc":{"start":{"line":51,"column":93},"end":{"line":56,"column":5}},"line":51},"4":{"name":"(anonymous_4)","decl":{"start":{"line":86,"column":72},"end":{"line":86,"column":73}},"loc":{"start":{"line":86,"column":87},"end":{"line":94,"column":5}},"line":86},"5":{"name":"(anonymous_5)","decl":{"start":{"line":124,"column":77},"end":{"line":124,"column":78}},"loc":{"start":{"line":124,"column":92},"end":{"line":129,"column":5}},"line":124},"6":{"name":"(anonymous_6)","decl":{"start":{"line":154,"column":35},"end":{"line":154,"column":36}},"loc":{"start":{"line":154,"column":58},"end":{"line":159,"column":5}},"line":154},"7":{"name":"(anonymous_7)","decl":{"start":{"line":166,"column":20},"end":{"line":166,"column":21}},"loc":{"start":{"line":166,"column":40},"end":{"line":234,"column":1}},"line":166},"8":{"name":"(anonymous_8)","decl":{"start":{"line":184,"column":84},"end":{"line":184,"column":85}},"loc":{"start":{"line":184,"column":93},"end":{"line":189,"column":5}},"line":184},"9":{"name":"(anonymous_9)","decl":{"start":{"line":211,"column":66},"end":{"line":211,"column":67}},"loc":{"start":{"line":211,"column":81},"end":{"line":219,"column":5}},"line":211},"10":{"name":"(anonymous_10)","decl":{"start":{"line":227,"column":54},"end":{"line":227,"column":55}},"loc":{"start":{"line":227,"column":69},"end":{"line":232,"column":5}},"line":227},"11":{"name":"(anonymous_11)","decl":{"start":{"line":240,"column":20},"end":{"line":240,"column":21}},"loc":{"start":{"line":240,"column":40},"end":{"line":412,"column":1}},"line":240},"12":{"name":"(anonymous_12)","decl":{"start":{"line":258,"column":84},"end":{"line":258,"column":85}},"loc":{"start":{"line":258,"column":93},"end":{"line":263,"column":5}},"line":258},"13":{"name":"(anonymous_13)","decl":{"start":{"line":285,"column":66},"end":{"line":285,"column":67}},"loc":{"start":{"line":285,"column":81},"end":{"line":293,"column":5}},"line":285},"14":{"name":"(anonymous_14)","decl":{"start":{"line":335,"column":84},"end":{"line":335,"column":85}},"loc":{"start":{"line":335,"column":99},"end":{"line":340,"column":9}},"line":335},"15":{"name":"(anonymous_15)","decl":{"start":{"line":367,"column":100},"end":{"line":367,"column":101}},"loc":{"start":{"line":367,"column":109},"end":{"line":372,"column":9}},"line":367},"16":{"name":"(anonymous_16)","decl":{"start":{"line":376,"column":99},"end":{"line":376,"column":100}},"loc":{"start":{"line":376,"column":108},"end":{"line":381,"column":9}},"line":376},"17":{"name":"(anonymous_17)","decl":{"start":{"line":385,"column":100},"end":{"line":385,"column":101}},"loc":{"start":{"line":385,"column":109},"end":{"line":390,"column":9}},"line":385},"18":{"name":"(anonymous_18)","decl":{"start":{"line":394,"column":112},"end":{"line":394,"column":113}},"loc":{"start":{"line":394,"column":121},"end":{"line":399,"column":9}},"line":394},"19":{"name":"(anonymous_19)","decl":{"start":{"line":403,"column":98},"end":{"line":403,"column":99}},"loc":{"start":{"line":403,"column":107},"end":{"line":408,"column":9}},"line":403}},"branchMap":{"0":{"loc":{"start":{"line":36,"column":4},"end":{"line":39,"column":5}},"type":"if","locations":[{"start":{"line":36,"column":4},"end":{"line":39,"column":5}},{"start":{"line":36,"column":4},"end":{"line":39,"column":5}}],"line":36},"1":{"loc":{"start":{"line":45,"column":4},"end":{"line":48,"column":5}},"type":"if","locations":[{"start":{"line":45,"column":4},"end":{"line":48,"column":5}},{"start":{"line":45,"column":4},"end":{"line":48,"column":5}}],"line":45},"2":{"loc":{"start":{"line":52,"column":8},"end":{"line":55,"column":9}},"type":"if","locations":[{"start":{"line":52,"column":8},"end":{"line":55,"column":9}},{"start":{"line":52,"column":8},"end":{"line":55,"column":9}}],"line":52},"3":{"loc":{"start":{"line":58,"column":4},"end":{"line":61,"column":5}},"type":"if","locations":[{"start":{"line":58,"column":4},"end":{"line":61,"column":5}},{"start":{"line":58,"column":4},"end":{"line":61,"column":5}}],"line":58},"4":{"loc":{"start":{"line":64,"column":4},"end":{"line":67,"column":5}},"type":"if","locations":[{"start":{"line":64,"column":4},"end":{"line":67,"column":5}},{"start":{"line":64,"column":4},"end":{"line":67,"column":5}}],"line":64},"5":{"loc":{"start":{"line":80,"column":4},"end":{"line":83,"column":5}},"type":"if","locations":[{"start":{"line":80,"column":4},"end":{"line":83,"column":5}},{"start":{"line":80,"column":4},"end":{"line":83,"column":5}}],"line":80},"6":{"loc":{"start":{"line":80,"column":8},"end":{"line":80,"column":39}},"type":"binary-expr","locations":[{"start":{"line":80,"column":8},"end":{"line":80,"column":23}},{"start":{"line":80,"column":27},"end":{"line":80,"column":39}}],"line":80},"7":{"loc":{"start":{"line":87,"column":8},"end":{"line":91,"column":53}},"type":"if","locations":[{"start":{"line":87,"column":8},"end":{"line":91,"column":53}},{"start":{"line":87,"column":8},"end":{"line":91,"column":53}}],"line":87},"8":{"loc":{"start":{"line":88,"column":12},"end":{"line":91,"column":53}},"type":"if","locations":[{"start":{"line":88,"column":12},"end":{"line":91,"column":53}},{"start":{"line":88,"column":12},"end":{"line":91,"column":53}}],"line":88},"9":{"loc":{"start":{"line":96,"column":4},"end":{"line":99,"column":5}},"type":"if","locations":[{"start":{"line":96,"column":4},"end":{"line":99,"column":5}},{"start":{"line":96,"column":4},"end":{"line":99,"column":5}}],"line":96},"10":{"loc":{"start":{"line":101,"column":4},"end":{"line":104,"column":5}},"type":"if","locations":[{"start":{"line":101,"column":4},"end":{"line":104,"column":5}},{"start":{"line":101,"column":4},"end":{"line":104,"column":5}}],"line":101},"11":{"loc":{"start":{"line":101,"column":8},"end":{"line":101,"column":54}},"type":"binary-expr","locations":[{"start":{"line":101,"column":8},"end":{"line":101,"column":20}},{"start":{"line":101,"column":24},"end":{"line":101,"column":54}}],"line":101},"12":{"loc":{"start":{"line":106,"column":4},"end":{"line":109,"column":5}},"type":"if","locations":[{"start":{"line":106,"column":4},"end":{"line":109,"column":5}},{"start":{"line":106,"column":4},"end":{"line":109,"column":5}}],"line":106},"13":{"loc":{"start":{"line":106,"column":8},"end":{"line":106,"column":52}},"type":"binary-expr","locations":[{"start":{"line":106,"column":8},"end":{"line":106,"column":19}},{"start":{"line":106,"column":23},"end":{"line":106,"column":52}}],"line":106},"14":{"loc":{"start":{"line":111,"column":4},"end":{"line":114,"column":5}},"type":"if","locations":[{"start":{"line":111,"column":4},"end":{"line":114,"column":5}},{"start":{"line":111,"column":4},"end":{"line":114,"column":5}}],"line":111},"15":{"loc":{"start":{"line":118,"column":4},"end":{"line":121,"column":5}},"type":"if","locations":[{"start":{"line":118,"column":4},"end":{"line":121,"column":5}},{"start":{"line":118,"column":4},"end":{"line":121,"column":5}}],"line":118},"16":{"loc":{"start":{"line":125,"column":8},"end":{"line":128,"column":9}},"type":"if","locations":[{"start":{"line":125,"column":8},"end":{"line":128,"column":9}},{"start":{"line":125,"column":8},"end":{"line":128,"column":9}}],"line":125},"17":{"loc":{"start":{"line":131,"column":4},"end":{"line":134,"column":5}},"type":"if","locations":[{"start":{"line":131,"column":4},"end":{"line":134,"column":5}},{"start":{"line":131,"column":4},"end":{"line":134,"column":5}}],"line":131},"18":{"loc":{"start":{"line":136,"column":4},"end":{"line":139,"column":5}},"type":"if","locations":[{"start":{"line":136,"column":4},"end":{"line":139,"column":5}},{"start":{"line":136,"column":4},"end":{"line":139,"column":5}}],"line":136},"19":{"loc":{"start":{"line":136,"column":8},"end":{"line":136,"column":54}},"type":"binary-expr","locations":[{"start":{"line":136,"column":8},"end":{"line":136,"column":20}},{"start":{"line":136,"column":24},"end":{"line":136,"column":54}}],"line":136},"20":{"loc":{"start":{"line":141,"column":4},"end":{"line":144,"column":5}},"type":"if","locations":[{"start":{"line":141,"column":4},"end":{"line":144,"column":5}},{"start":{"line":141,"column":4},"end":{"line":144,"column":5}}],"line":141},"21":{"loc":{"start":{"line":141,"column":8},"end":{"line":141,"column":66}},"type":"binary-expr","locations":[{"start":{"line":141,"column":8},"end":{"line":141,"column":26}},{"start":{"line":141,"column":30},"end":{"line":141,"column":66}}],"line":141},"22":{"loc":{"start":{"line":146,"column":4},"end":{"line":149,"column":5}},"type":"if","locations":[{"start":{"line":146,"column":4},"end":{"line":149,"column":5}},{"start":{"line":146,"column":4},"end":{"line":149,"column":5}}],"line":146},"23":{"loc":{"start":{"line":146,"column":8},"end":{"line":146,"column":45}},"type":"binary-expr","locations":[{"start":{"line":146,"column":8},"end":{"line":146,"column":25}},{"start":{"line":146,"column":29},"end":{"line":146,"column":45}}],"line":146},"24":{"loc":{"start":{"line":155,"column":8},"end":{"line":158,"column":118}},"type":"if","locations":[{"start":{"line":155,"column":8},"end":{"line":158,"column":118}},{"start":{"line":155,"column":8},"end":{"line":158,"column":118}}],"line":155},"25":{"loc":{"start":{"line":169,"column":4},"end":{"line":172,"column":5}},"type":"if","locations":[{"start":{"line":169,"column":4},"end":{"line":172,"column":5}},{"start":{"line":169,"column":4},"end":{"line":172,"column":5}}],"line":169},"26":{"loc":{"start":{"line":178,"column":4},"end":{"line":181,"column":5}},"type":"if","locations":[{"start":{"line":178,"column":4},"end":{"line":181,"column":5}},{"start":{"line":178,"column":4},"end":{"line":181,"column":5}}],"line":178},"27":{"loc":{"start":{"line":185,"column":8},"end":{"line":188,"column":9}},"type":"if","locations":[{"start":{"line":185,"column":8},"end":{"line":188,"column":9}},{"start":{"line":185,"column":8},"end":{"line":188,"column":9}}],"line":185},"28":{"loc":{"start":{"line":191,"column":4},"end":{"line":194,"column":5}},"type":"if","locations":[{"start":{"line":191,"column":4},"end":{"line":194,"column":5}},{"start":{"line":191,"column":4},"end":{"line":194,"column":5}}],"line":191},"29":{"loc":{"start":{"line":197,"column":4},"end":{"line":200,"column":5}},"type":"if","locations":[{"start":{"line":197,"column":4},"end":{"line":200,"column":5}},{"start":{"line":197,"column":4},"end":{"line":200,"column":5}}],"line":197},"30":{"loc":{"start":{"line":205,"column":4},"end":{"line":208,"column":5}},"type":"if","locations":[{"start":{"line":205,"column":4},"end":{"line":208,"column":5}},{"start":{"line":205,"column":4},"end":{"line":208,"column":5}}],"line":205},"31":{"loc":{"start":{"line":205,"column":8},"end":{"line":205,"column":27}},"type":"binary-expr","locations":[{"start":{"line":205,"column":8},"end":{"line":205,"column":17}},{"start":{"line":205,"column":21},"end":{"line":205,"column":27}}],"line":205},"32":{"loc":{"start":{"line":212,"column":8},"end":{"line":216,"column":53}},"type":"if","locations":[{"start":{"line":212,"column":8},"end":{"line":216,"column":53}},{"start":{"line":212,"column":8},"end":{"line":216,"column":53}}],"line":212},"33":{"loc":{"start":{"line":213,"column":12},"end":{"line":216,"column":53}},"type":"if","locations":[{"start":{"line":213,"column":12},"end":{"line":216,"column":53}},{"start":{"line":213,"column":12},"end":{"line":216,"column":53}}],"line":213},"34":{"loc":{"start":{"line":221,"column":4},"end":{"line":224,"column":5}},"type":"if","locations":[{"start":{"line":221,"column":4},"end":{"line":224,"column":5}},{"start":{"line":221,"column":4},"end":{"line":224,"column":5}}],"line":221},"35":{"loc":{"start":{"line":228,"column":8},"end":{"line":231,"column":76}},"type":"if","locations":[{"start":{"line":228,"column":8},"end":{"line":231,"column":76}},{"start":{"line":228,"column":8},"end":{"line":231,"column":76}}],"line":228},"36":{"loc":{"start":{"line":243,"column":4},"end":{"line":246,"column":5}},"type":"if","locations":[{"start":{"line":243,"column":4},"end":{"line":246,"column":5}},{"start":{"line":243,"column":4},"end":{"line":246,"column":5}}],"line":243},"37":{"loc":{"start":{"line":252,"column":4},"end":{"line":255,"column":5}},"type":"if","locations":[{"start":{"line":252,"column":4},"end":{"line":255,"column":5}},{"start":{"line":252,"column":4},"end":{"line":255,"column":5}}],"line":252},"38":{"loc":{"start":{"line":259,"column":8},"end":{"line":262,"column":9}},"type":"if","locations":[{"start":{"line":259,"column":8},"end":{"line":262,"column":9}},{"start":{"line":259,"column":8},"end":{"line":262,"column":9}}],"line":259},"39":{"loc":{"start":{"line":265,"column":4},"end":{"line":268,"column":5}},"type":"if","locations":[{"start":{"line":265,"column":4},"end":{"line":268,"column":5}},{"start":{"line":265,"column":4},"end":{"line":268,"column":5}}],"line":265},"40":{"loc":{"start":{"line":271,"column":4},"end":{"line":274,"column":5}},"type":"if","locations":[{"start":{"line":271,"column":4},"end":{"line":274,"column":5}},{"start":{"line":271,"column":4},"end":{"line":274,"column":5}}],"line":271},"41":{"loc":{"start":{"line":279,"column":4},"end":{"line":282,"column":5}},"type":"if","locations":[{"start":{"line":279,"column":4},"end":{"line":282,"column":5}},{"start":{"line":279,"column":4},"end":{"line":282,"column":5}}],"line":279},"42":{"loc":{"start":{"line":279,"column":8},"end":{"line":279,"column":27}},"type":"binary-expr","locations":[{"start":{"line":279,"column":8},"end":{"line":279,"column":17}},{"start":{"line":279,"column":21},"end":{"line":279,"column":27}}],"line":279},"43":{"loc":{"start":{"line":286,"column":8},"end":{"line":290,"column":53}},"type":"if","locations":[{"start":{"line":286,"column":8},"end":{"line":290,"column":53}},{"start":{"line":286,"column":8},"end":{"line":290,"column":53}}],"line":286},"44":{"loc":{"start":{"line":287,"column":12},"end":{"line":290,"column":53}},"type":"if","locations":[{"start":{"line":287,"column":12},"end":{"line":290,"column":53}},{"start":{"line":287,"column":12},"end":{"line":290,"column":53}}],"line":287},"45":{"loc":{"start":{"line":295,"column":4},"end":{"line":298,"column":5}},"type":"if","locations":[{"start":{"line":295,"column":4},"end":{"line":298,"column":5}},{"start":{"line":295,"column":4},"end":{"line":298,"column":5}}],"line":295},"46":{"loc":{"start":{"line":310,"column":4},"end":{"line":313,"column":5}},"type":"if","locations":[{"start":{"line":310,"column":4},"end":{"line":313,"column":5}},{"start":{"line":310,"column":4},"end":{"line":313,"column":5}}],"line":310},"47":{"loc":{"start":{"line":310,"column":8},"end":{"line":310,"column":93}},"type":"binary-expr","locations":[{"start":{"line":310,"column":8},"end":{"line":310,"column":35}},{"start":{"line":310,"column":40},"end":{"line":310,"column":55}},{"start":{"line":310,"column":59},"end":{"line":310,"column":92}}],"line":310},"48":{"loc":{"start":{"line":315,"column":4},"end":{"line":318,"column":5}},"type":"if","locations":[{"start":{"line":315,"column":4},"end":{"line":318,"column":5}},{"start":{"line":315,"column":4},"end":{"line":318,"column":5}}],"line":315},"49":{"loc":{"start":{"line":315,"column":8},"end":{"line":315,"column":90}},"type":"binary-expr","locations":[{"start":{"line":315,"column":8},"end":{"line":315,"column":34}},{"start":{"line":315,"column":39},"end":{"line":315,"column":53}},{"start":{"line":315,"column":57},"end":{"line":315,"column":89}}],"line":315},"50":{"loc":{"start":{"line":320,"column":4},"end":{"line":323,"column":5}},"type":"if","locations":[{"start":{"line":320,"column":4},"end":{"line":323,"column":5}},{"start":{"line":320,"column":4},"end":{"line":323,"column":5}}],"line":320},"51":{"loc":{"start":{"line":320,"column":8},"end":{"line":320,"column":63}},"type":"binary-expr","locations":[{"start":{"line":320,"column":8},"end":{"line":320,"column":34}},{"start":{"line":320,"column":38},"end":{"line":320,"column":63}}],"line":320},"52":{"loc":{"start":{"line":325,"column":4},"end":{"line":345,"column":5}},"type":"if","locations":[{"start":{"line":325,"column":4},"end":{"line":345,"column":5}},{"start":{"line":325,"column":4},"end":{"line":345,"column":5}}],"line":325},"53":{"loc":{"start":{"line":329,"column":8},"end":{"line":332,"column":9}},"type":"if","locations":[{"start":{"line":329,"column":8},"end":{"line":332,"column":9}},{"start":{"line":329,"column":8},"end":{"line":332,"column":9}}],"line":329},"54":{"loc":{"start":{"line":336,"column":12},"end":{"line":339,"column":13}},"type":"if","locations":[{"start":{"line":336,"column":12},"end":{"line":339,"column":13}},{"start":{"line":336,"column":12},"end":{"line":339,"column":13}}],"line":336},"55":{"loc":{"start":{"line":341,"column":8},"end":{"line":344,"column":9}},"type":"if","locations":[{"start":{"line":341,"column":8},"end":{"line":344,"column":9}},{"start":{"line":341,"column":8},"end":{"line":344,"column":9}}],"line":341},"56":{"loc":{"start":{"line":347,"column":4},"end":{"line":350,"column":5}},"type":"if","locations":[{"start":{"line":347,"column":4},"end":{"line":350,"column":5}},{"start":{"line":347,"column":4},"end":{"line":350,"column":5}}],"line":347},"57":{"loc":{"start":{"line":347,"column":8},"end":{"line":347,"column":93}},"type":"binary-expr","locations":[{"start":{"line":347,"column":8},"end":{"line":347,"column":35}},{"start":{"line":347,"column":40},"end":{"line":347,"column":55}},{"start":{"line":347,"column":59},"end":{"line":347,"column":92}}],"line":347},"58":{"loc":{"start":{"line":352,"column":4},"end":{"line":355,"column":5}},"type":"if","locations":[{"start":{"line":352,"column":4},"end":{"line":355,"column":5}},{"start":{"line":352,"column":4},"end":{"line":355,"column":5}}],"line":352},"59":{"loc":{"start":{"line":352,"column":8},"end":{"line":352,"column":111}},"type":"binary-expr","locations":[{"start":{"line":352,"column":8},"end":{"line":352,"column":41}},{"start":{"line":352,"column":46},"end":{"line":352,"column":67}},{"start":{"line":352,"column":71},"end":{"line":352,"column":110}}],"line":352},"60":{"loc":{"start":{"line":357,"column":4},"end":{"line":363,"column":5}},"type":"if","locations":[{"start":{"line":357,"column":4},"end":{"line":363,"column":5}},{"start":{"line":357,"column":4},"end":{"line":363,"column":5}}],"line":357},"61":{"loc":{"start":{"line":359,"column":8},"end":{"line":362,"column":9}},"type":"if","locations":[{"start":{"line":359,"column":8},"end":{"line":362,"column":9}},{"start":{"line":359,"column":8},"end":{"line":362,"column":9}}],"line":359},"62":{"loc":{"start":{"line":359,"column":12},"end":{"line":359,"column":55}},"type":"binary-expr","locations":[{"start":{"line":359,"column":12},"end":{"line":359,"column":32}},{"start":{"line":359,"column":36},"end":{"line":359,"column":55}}],"line":359},"63":{"loc":{"start":{"line":366,"column":4},"end":{"line":373,"column":5}},"type":"if","locations":[{"start":{"line":366,"column":4},"end":{"line":373,"column":5}},{"start":{"line":366,"column":4},"end":{"line":373,"column":5}}],"line":366},"64":{"loc":{"start":{"line":368,"column":12},"end":{"line":371,"column":13}},"type":"if","locations":[{"start":{"line":368,"column":12},"end":{"line":371,"column":13}},{"start":{"line":368,"column":12},"end":{"line":371,"column":13}}],"line":368},"65":{"loc":{"start":{"line":375,"column":4},"end":{"line":382,"column":5}},"type":"if","locations":[{"start":{"line":375,"column":4},"end":{"line":382,"column":5}},{"start":{"line":375,"column":4},"end":{"line":382,"column":5}}],"line":375},"66":{"loc":{"start":{"line":377,"column":12},"end":{"line":380,"column":13}},"type":"if","locations":[{"start":{"line":377,"column":12},"end":{"line":380,"column":13}},{"start":{"line":377,"column":12},"end":{"line":380,"column":13}}],"line":377},"67":{"loc":{"start":{"line":384,"column":4},"end":{"line":391,"column":5}},"type":"if","locations":[{"start":{"line":384,"column":4},"end":{"line":391,"column":5}},{"start":{"line":384,"column":4},"end":{"line":391,"column":5}}],"line":384},"68":{"loc":{"start":{"line":386,"column":12},"end":{"line":389,"column":13}},"type":"if","locations":[{"start":{"line":386,"column":12},"end":{"line":389,"column":13}},{"start":{"line":386,"column":12},"end":{"line":389,"column":13}}],"line":386},"69":{"loc":{"start":{"line":393,"column":4},"end":{"line":400,"column":5}},"type":"if","locations":[{"start":{"line":393,"column":4},"end":{"line":400,"column":5}},{"start":{"line":393,"column":4},"end":{"line":400,"column":5}}],"line":393},"70":{"loc":{"start":{"line":395,"column":12},"end":{"line":398,"column":13}},"type":"if","locations":[{"start":{"line":395,"column":12},"end":{"line":398,"column":13}},{"start":{"line":395,"column":12},"end":{"line":398,"column":13}}],"line":395},"71":{"loc":{"start":{"line":402,"column":4},"end":{"line":409,"column":5}},"type":"if","locations":[{"start":{"line":402,"column":4},"end":{"line":409,"column":5}},{"start":{"line":402,"column":4},"end":{"line":409,"column":5}}],"line":402},"72":{"loc":{"start":{"line":404,"column":12},"end":{"line":407,"column":13}},"type":"if","locations":[{"start":{"line":404,"column":12},"end":{"line":407,"column":13}},{"start":{"line":404,"column":12},"end":{"line":407,"column":13}}],"line":404}},"s":{"0":13,"1":13,"2":13,"3":0,"4":0,"5":0,"6":0,"7":0,"8":0,"9":0,"10":13,"11":0,"12":0,"13":0,"14":0,"15":0,"16":0,"17":0,"18":0,"19":0,"20":0,"21":0,"22":0,"23":0,"24":0,"25":0,"26":0,"27":0,"28":0,"29":0,"30":0,"31":0,"32":0,"33":0,"34":0,"35":0,"36":0,"37":0,"38":0,"39":0,"40":0,"41":0,"42":0,"43":0,"44":0,"45":0,"46":0,"47":0,"48":0,"49":0,"50":0,"51":0,"52":0,"53":0,"54":0,"55":0,"56":0,"57":0,"58":0,"59":0,"60":0,"61":0,"62":0,"63":0,"64":0,"65":0,"66":0,"67":0,"68":0,"69":0,"70":0,"71":0,"72":0,"73":0,"74":0,"75":13,"76":0,"77":0,"78":0,"79":0,"80":0,"81":0,"82":0,"83":0,"84":0,"85":0,"86":0,"87":0,"88":0,"89":0,"90":0,"91":0,"92":0,"93":0,"94":0,"95":0,"96":0,"97":0,"98":0,"99":0,"100":0,"101":0,"102":0,"103":0,"104":0,"105":0,"106":0,"107":0,"108":0,"109":0,"110":13,"111":0,"112":0,"113":0,"114":0,"115":0,"116":0,"117":0,"118":0,"119":0,"120":0,"121":0,"122":0,"123":0,"124":0,"125":0,"126":0,"127":0,"128":0,"129":0,"130":0,"131":0,"132":0,"133":0,"134":0,"135":0,"136":0,"137":0,"138":0,"139":0,"140":0,"141":0,"142":0,"143":0,"144":0,"145":0,"146":0,"147":0,"148":0,"149":0,"150":0,"151":0,"152":0,"153":0,"154":0,"155":0,"156":0,"157":0,"158":0,"159":0,"160":0,"161":0,"162":0,"163":0,"164":0,"165":0,"166":0,"167":0,"168":0,"169":0,"170":0,"171":0,"172":0,"173":0,"174":0,"175":0,"176":0,"177":0,"178":0,"179":0,"180":0,"181":0,"182":0,"183":0,"184":0,"185":0,"186":0,"187":0,"188":0,"189":0,"190":0,"191":0,"192":0,"193":0,"194":0,"195":0,"196":0,"197":0,"198":0,"199":0,"200":13},"f":{"0":0,"1":0,"2":0,"3":0,"4":0,"5":0,"6":0,"7":0,"8":0,"9":0,"10":0,"11":0,"12":0,"13":0,"14":0,"15":0,"16":0,"17":0,"18":0,"19":0},"b":{"0":[0,0],"1":[0,0],"2":[0,0],"3":[0,0],"4":[0,0],"5":[0,0],"6":[0,0],"7":[0,0],"8":[0,0],"9":[0,0],"10":[0,0],"11":[0,0],"12":[0,0],"13":[0,0],"14":[0,0],"15":[0,0],"16":[0,0],"17":[0,0],"18":[0,0],"19":[0,0],"20":[0,0],"21":[0,0],"22":[0,0],"23":[0,0],"24":[0,0],"25":[0,0],"26":[0,0],"27":[0,0],"28":[0,0],"29":[0,0],"30":[0,0],"31":[0,0],"32":[0,0],"33":[0,0],"34":[0,0],"35":[0,0],"36":[0,0],"37":[0,0],"38":[0,0],"39":[0,0],"40":[0,0],"41":[0,0],"42":[0,0],"43":[0,0],"44":[0,0],"45":[0,0],"46":[0,0],"47":[0,0,0],"48":[0,0],"49":[0,0,0],"50":[0,0],"51":[0,0],"52":[0,0],"53":[0,0],"54":[0,0],"55":[0,0],"56":[0,0],"57":[0,0,0],"58":[0,0],"59":[0,0,0],"60":[0,0],"61":[0,0],"62":[0,0],"63":[0,0],"64":[0,0],"65":[0,0],"66":[0,0],"67":[0,0],"68":[0,0],"69":[0,0],"70":[0,0],"71":[0,0],"72":[0,0]},"_coverageSchema":"1a1c01bbd47fc00a2c39e90264f33305004495a9","hash":"48f97efb3cd4e9fcd2a076f16a8a1e389fec86e3"}
,"C:\\Users\\david\\Desktop\\Uni\\Ingegneria del Software 2\\Progetto\\SEII-Project\\api\\follow.js": {"path":"C:\\Users\\david\\Desktop\\Uni\\Ingegneria del Software 2\\Progetto\\SEII-Project\\api\\follow.js","statementMap":{"0":{"start":{"line":1,"column":13},"end":{"line":1,"column":41}},"1":{"start":{"line":3,"column":20},"end":{"line":51,"column":1}},"2":{"start":{"line":5,"column":4},"end":{"line":8,"column":5}},"3":{"start":{"line":6,"column":8},"end":{"line":6,"column":67}},"4":{"start":{"line":7,"column":8},"end":{"line":7,"column":15}},"5":{"start":{"line":10,"column":15},"end":{"line":10,"column":38}},"6":{"start":{"line":11,"column":17},"end":{"line":11,"column":32}},"7":{"start":{"line":13,"column":19},"end":{"line":19,"column":6}},"8":{"start":{"line":14,"column":8},"end":{"line":18,"column":9}},"9":{"start":{"line":15,"column":12},"end":{"line":15,"column":31}},"10":{"start":{"line":16,"column":12},"end":{"line":16,"column":105}},"11":{"start":{"line":17,"column":12},"end":{"line":17,"column":19}},"12":{"start":{"line":20,"column":4},"end":{"line":23,"column":5}},"13":{"start":{"line":21,"column":8},"end":{"line":21,"column":70}},"14":{"start":{"line":22,"column":8},"end":{"line":22,"column":15}},"15":{"start":{"line":25,"column":17},"end":{"line":31,"column":6}},"16":{"start":{"line":26,"column":8},"end":{"line":30,"column":9}},"17":{"start":{"line":27,"column":12},"end":{"line":27,"column":31}},"18":{"start":{"line":28,"column":12},"end":{"line":28,"column":103}},"19":{"start":{"line":29,"column":12},"end":{"line":29,"column":19}},"20":{"start":{"line":32,"column":4},"end":{"line":35,"column":5}},"21":{"start":{"line":33,"column":8},"end":{"line":33,"column":68}},"22":{"start":{"line":34,"column":8},"end":{"line":34,"column":15}},"23":{"start":{"line":37,"column":24},"end":{"line":43,"column":6}},"24":{"start":{"line":38,"column":8},"end":{"line":42,"column":9}},"25":{"start":{"line":39,"column":12},"end":{"line":39,"column":31}},"26":{"start":{"line":40,"column":12},"end":{"line":40,"column":106}},"27":{"start":{"line":41,"column":12},"end":{"line":41,"column":19}},"28":{"start":{"line":44,"column":4},"end":{"line":50,"column":5}},"29":{"start":{"line":45,"column":8},"end":{"line":45,"column":52}},"30":{"start":{"line":46,"column":8},"end":{"line":46,"column":15}},"31":{"start":{"line":48,"column":8},"end":{"line":48,"column":56}},"32":{"start":{"line":49,"column":8},"end":{"line":49,"column":15}},"33":{"start":{"line":53,"column":15},"end":{"line":117,"column":1}},"34":{"start":{"line":57,"column":4},"end":{"line":60,"column":5}},"35":{"start":{"line":58,"column":8},"end":{"line":58,"column":67}},"36":{"start":{"line":59,"column":8},"end":{"line":59,"column":15}},"37":{"start":{"line":62,"column":15},"end":{"line":62,"column":38}},"38":{"start":{"line":63,"column":17},"end":{"line":63,"column":32}},"39":{"start":{"line":65,"column":4},"end":{"line":68,"column":5}},"40":{"start":{"line":66,"column":8},"end":{"line":66,"column":75}},"41":{"start":{"line":67,"column":8},"end":{"line":67,"column":15}},"42":{"start":{"line":70,"column":19},"end":{"line":76,"column":6}},"43":{"start":{"line":71,"column":8},"end":{"line":75,"column":9}},"44":{"start":{"line":72,"column":12},"end":{"line":72,"column":31}},"45":{"start":{"line":73,"column":12},"end":{"line":73,"column":105}},"46":{"start":{"line":74,"column":12},"end":{"line":74,"column":19}},"47":{"start":{"line":77,"column":4},"end":{"line":80,"column":5}},"48":{"start":{"line":78,"column":8},"end":{"line":78,"column":70}},"49":{"start":{"line":79,"column":8},"end":{"line":79,"column":15}},"50":{"start":{"line":82,"column":17},"end":{"line":88,"column":6}},"51":{"start":{"line":83,"column":8},"end":{"line":87,"column":9}},"52":{"start":{"line":84,"column":12},"end":{"line":84,"column":31}},"53":{"start":{"line":85,"column":12},"end":{"line":85,"column":103}},"54":{"start":{"line":86,"column":12},"end":{"line":86,"column":19}},"55":{"start":{"line":89,"column":4},"end":{"line":92,"column":5}},"56":{"start":{"line":90,"column":8},"end":{"line":90,"column":68}},"57":{"start":{"line":91,"column":8},"end":{"line":91,"column":15}},"58":{"start":{"line":94,"column":24},"end":{"line":100,"column":6}},"59":{"start":{"line":95,"column":8},"end":{"line":99,"column":9}},"60":{"start":{"line":96,"column":12},"end":{"line":96,"column":31}},"61":{"start":{"line":97,"column":12},"end":{"line":97,"column":106}},"62":{"start":{"line":98,"column":12},"end":{"line":98,"column":19}},"63":{"start":{"line":101,"column":4},"end":{"line":104,"column":5}},"64":{"start":{"line":102,"column":8},"end":{"line":102,"column":74}},"65":{"start":{"line":103,"column":8},"end":{"line":103,"column":15}},"66":{"start":{"line":106,"column":4},"end":{"line":115,"column":7}},"67":{"start":{"line":107,"column":8},"end":{"line":114,"column":9}},"68":{"start":{"line":108,"column":12},"end":{"line":108,"column":31}},"69":{"start":{"line":109,"column":12},"end":{"line":109,"column":98}},"70":{"start":{"line":110,"column":12},"end":{"line":110,"column":19}},"71":{"start":{"line":112,"column":12},"end":{"line":112,"column":72}},"72":{"start":{"line":113,"column":12},"end":{"line":113,"column":19}},"73":{"start":{"line":119,"column":17},"end":{"line":178,"column":1}},"74":{"start":{"line":123,"column":4},"end":{"line":126,"column":5}},"75":{"start":{"line":124,"column":8},"end":{"line":124,"column":67}},"76":{"start":{"line":125,"column":8},"end":{"line":125,"column":15}},"77":{"start":{"line":128,"column":15},"end":{"line":128,"column":38}},"78":{"start":{"line":129,"column":17},"end":{"line":129,"column":32}},"79":{"start":{"line":131,"column":19},"end":{"line":137,"column":6}},"80":{"start":{"line":132,"column":8},"end":{"line":136,"column":9}},"81":{"start":{"line":133,"column":12},"end":{"line":133,"column":31}},"82":{"start":{"line":134,"column":12},"end":{"line":134,"column":105}},"83":{"start":{"line":135,"column":12},"end":{"line":135,"column":19}},"84":{"start":{"line":138,"column":4},"end":{"line":141,"column":5}},"85":{"start":{"line":139,"column":8},"end":{"line":139,"column":70}},"86":{"start":{"line":140,"column":8},"end":{"line":140,"column":15}},"87":{"start":{"line":143,"column":17},"end":{"line":149,"column":6}},"88":{"start":{"line":144,"column":8},"end":{"line":148,"column":9}},"89":{"start":{"line":145,"column":12},"end":{"line":145,"column":31}},"90":{"start":{"line":146,"column":12},"end":{"line":146,"column":103}},"91":{"start":{"line":147,"column":12},"end":{"line":147,"column":19}},"92":{"start":{"line":150,"column":4},"end":{"line":153,"column":5}},"93":{"start":{"line":151,"column":8},"end":{"line":151,"column":68}},"94":{"start":{"line":152,"column":8},"end":{"line":152,"column":15}},"95":{"start":{"line":155,"column":26},"end":{"line":161,"column":6}},"96":{"start":{"line":156,"column":8},"end":{"line":160,"column":9}},"97":{"start":{"line":157,"column":12},"end":{"line":157,"column":31}},"98":{"start":{"line":158,"column":12},"end":{"line":158,"column":106}},"99":{"start":{"line":159,"column":12},"end":{"line":159,"column":19}},"100":{"start":{"line":162,"column":4},"end":{"line":165,"column":5}},"101":{"start":{"line":163,"column":8},"end":{"line":163,"column":81}},"102":{"start":{"line":164,"column":8},"end":{"line":164,"column":15}},"103":{"start":{"line":167,"column":4},"end":{"line":176,"column":7}},"104":{"start":{"line":168,"column":8},"end":{"line":175,"column":9}},"105":{"start":{"line":169,"column":12},"end":{"line":169,"column":31}},"106":{"start":{"line":170,"column":12},"end":{"line":170,"column":100}},"107":{"start":{"line":171,"column":12},"end":{"line":171,"column":19}},"108":{"start":{"line":173,"column":12},"end":{"line":173,"column":78}},"109":{"start":{"line":174,"column":12},"end":{"line":174,"column":19}},"110":{"start":{"line":180,"column":0},"end":{"line":184,"column":1}}},"fnMap":{"0":{"name":"(anonymous_0)","decl":{"start":{"line":3,"column":20},"end":{"line":3,"column":21}},"loc":{"start":{"line":3,"column":46},"end":{"line":51,"column":1}},"line":3},"1":{"name":"(anonymous_1)","decl":{"start":{"line":13,"column":79},"end":{"line":13,"column":80}},"loc":{"start":{"line":13,"column":88},"end":{"line":19,"column":5}},"line":13},"2":{"name":"(anonymous_2)","decl":{"start":{"line":25,"column":55},"end":{"line":25,"column":56}},"loc":{"start":{"line":25,"column":64},"end":{"line":31,"column":5}},"line":25},"3":{"name":"(anonymous_3)","decl":{"start":{"line":37,"column":92},"end":{"line":37,"column":93}},"loc":{"start":{"line":37,"column":101},"end":{"line":43,"column":5}},"line":37},"4":{"name":"(anonymous_4)","decl":{"start":{"line":53,"column":15},"end":{"line":53,"column":16}},"loc":{"start":{"line":53,"column":41},"end":{"line":117,"column":1}},"line":53},"5":{"name":"(anonymous_5)","decl":{"start":{"line":70,"column":79},"end":{"line":70,"column":80}},"loc":{"start":{"line":70,"column":88},"end":{"line":76,"column":5}},"line":70},"6":{"name":"(anonymous_6)","decl":{"start":{"line":82,"column":55},"end":{"line":82,"column":56}},"loc":{"start":{"line":82,"column":64},"end":{"line":88,"column":5}},"line":82},"7":{"name":"(anonymous_7)","decl":{"start":{"line":94,"column":92},"end":{"line":94,"column":93}},"loc":{"start":{"line":94,"column":101},"end":{"line":100,"column":5}},"line":94},"8":{"name":"(anonymous_8)","decl":{"start":{"line":106,"column":77},"end":{"line":106,"column":78}},"loc":{"start":{"line":106,"column":86},"end":{"line":115,"column":5}},"line":106},"9":{"name":"(anonymous_9)","decl":{"start":{"line":119,"column":17},"end":{"line":119,"column":18}},"loc":{"start":{"line":119,"column":43},"end":{"line":178,"column":1}},"line":119},"10":{"name":"(anonymous_10)","decl":{"start":{"line":131,"column":79},"end":{"line":131,"column":80}},"loc":{"start":{"line":131,"column":88},"end":{"line":137,"column":5}},"line":131},"11":{"name":"(anonymous_11)","decl":{"start":{"line":143,"column":55},"end":{"line":143,"column":56}},"loc":{"start":{"line":143,"column":64},"end":{"line":149,"column":5}},"line":143},"12":{"name":"(anonymous_12)","decl":{"start":{"line":155,"column":95},"end":{"line":155,"column":96}},"loc":{"start":{"line":155,"column":104},"end":{"line":161,"column":5}},"line":155},"13":{"name":"(anonymous_13)","decl":{"start":{"line":167,"column":77},"end":{"line":167,"column":78}},"loc":{"start":{"line":167,"column":86},"end":{"line":176,"column":5}},"line":167}},"branchMap":{"0":{"loc":{"start":{"line":5,"column":4},"end":{"line":8,"column":5}},"type":"if","locations":[{"start":{"line":5,"column":4},"end":{"line":8,"column":5}},{"start":{"line":5,"column":4},"end":{"line":8,"column":5}}],"line":5},"1":{"loc":{"start":{"line":14,"column":8},"end":{"line":18,"column":9}},"type":"if","locations":[{"start":{"line":14,"column":8},"end":{"line":18,"column":9}},{"start":{"line":14,"column":8},"end":{"line":18,"column":9}}],"line":14},"2":{"loc":{"start":{"line":20,"column":4},"end":{"line":23,"column":5}},"type":"if","locations":[{"start":{"line":20,"column":4},"end":{"line":23,"column":5}},{"start":{"line":20,"column":4},"end":{"line":23,"column":5}}],"line":20},"3":{"loc":{"start":{"line":26,"column":8},"end":{"line":30,"column":9}},"type":"if","locations":[{"start":{"line":26,"column":8},"end":{"line":30,"column":9}},{"start":{"line":26,"column":8},"end":{"line":30,"column":9}}],"line":26},"4":{"loc":{"start":{"line":32,"column":4},"end":{"line":35,"column":5}},"type":"if","locations":[{"start":{"line":32,"column":4},"end":{"line":35,"column":5}},{"start":{"line":32,"column":4},"end":{"line":35,"column":5}}],"line":32},"5":{"loc":{"start":{"line":38,"column":8},"end":{"line":42,"column":9}},"type":"if","locations":[{"start":{"line":38,"column":8},"end":{"line":42,"column":9}},{"start":{"line":38,"column":8},"end":{"line":42,"column":9}}],"line":38},"6":{"loc":{"start":{"line":44,"column":4},"end":{"line":50,"column":5}},"type":"if","locations":[{"start":{"line":44,"column":4},"end":{"line":50,"column":5}},{"start":{"line":44,"column":4},"end":{"line":50,"column":5}}],"line":44},"7":{"loc":{"start":{"line":57,"column":4},"end":{"line":60,"column":5}},"type":"if","locations":[{"start":{"line":57,"column":4},"end":{"line":60,"column":5}},{"start":{"line":57,"column":4},"end":{"line":60,"column":5}}],"line":57},"8":{"loc":{"start":{"line":65,"column":4},"end":{"line":68,"column":5}},"type":"if","locations":[{"start":{"line":65,"column":4},"end":{"line":68,"column":5}},{"start":{"line":65,"column":4},"end":{"line":68,"column":5}}],"line":65},"9":{"loc":{"start":{"line":71,"column":8},"end":{"line":75,"column":9}},"type":"if","locations":[{"start":{"line":71,"column":8},"end":{"line":75,"column":9}},{"start":{"line":71,"column":8},"end":{"line":75,"column":9}}],"line":71},"10":{"loc":{"start":{"line":77,"column":4},"end":{"line":80,"column":5}},"type":"if","locations":[{"start":{"line":77,"column":4},"end":{"line":80,"column":5}},{"start":{"line":77,"column":4},"end":{"line":80,"column":5}}],"line":77},"11":{"loc":{"start":{"line":83,"column":8},"end":{"line":87,"column":9}},"type":"if","locations":[{"start":{"line":83,"column":8},"end":{"line":87,"column":9}},{"start":{"line":83,"column":8},"end":{"line":87,"column":9}}],"line":83},"12":{"loc":{"start":{"line":89,"column":4},"end":{"line":92,"column":5}},"type":"if","locations":[{"start":{"line":89,"column":4},"end":{"line":92,"column":5}},{"start":{"line":89,"column":4},"end":{"line":92,"column":5}}],"line":89},"13":{"loc":{"start":{"line":95,"column":8},"end":{"line":99,"column":9}},"type":"if","locations":[{"start":{"line":95,"column":8},"end":{"line":99,"column":9}},{"start":{"line":95,"column":8},"end":{"line":99,"column":9}}],"line":95},"14":{"loc":{"start":{"line":101,"column":4},"end":{"line":104,"column":5}},"type":"if","locations":[{"start":{"line":101,"column":4},"end":{"line":104,"column":5}},{"start":{"line":101,"column":4},"end":{"line":104,"column":5}}],"line":101},"15":{"loc":{"start":{"line":107,"column":8},"end":{"line":114,"column":9}},"type":"if","locations":[{"start":{"line":107,"column":8},"end":{"line":114,"column":9}},{"start":{"line":107,"column":8},"end":{"line":114,"column":9}}],"line":107},"16":{"loc":{"start":{"line":123,"column":4},"end":{"line":126,"column":5}},"type":"if","locations":[{"start":{"line":123,"column":4},"end":{"line":126,"colu
[...]
ine":220,"column":5}},"type":"if","locations":[{"start":{"line":217,"column":4},"end":{"line":220,"column":5}},{"start":{"line":217,"column":4},"end":{"line":220,"column":5}}],"line":217},"19":{"loc":{"start":{"line":230,"column":4},"end":{"line":233,"column":5}},"type":"if","locations":[{"start":{"line":230,"column":4},"end":{"line":233,"column":5}},{"start":{"line":230,"column":4},"end":{"line":233,"column":5}}],"line":230},"20":{"loc":{"start":{"line":237,"column":8},"end":{"line":240,"column":9}},"type":"if","locations":[{"start":{"line":237,"column":8},"end":{"line":240,"column":9}},{"start":{"line":237,"column":8},"end":{"line":240,"column":9}}],"line":237},"21":{"loc":{"start":{"line":242,"column":4},"end":{"line":245,"column":5}},"type":"if","locations":[{"start":{"line":242,"column":4},"end":{"line":245,"column":5}},{"start":{"line":242,"column":4},"end":{"line":245,"column":5}}],"line":242},"22":{"loc":{"start":{"line":255,"column":4},"end":{"line":258,"column":5}},"type":"if","locations":[{"start":{"line":255,"column":4},"end":{"line":258,"column":5}},{"start":{"line":255,"column":4},"end":{"line":258,"column":5}}],"line":255},"23":{"loc":{"start":{"line":262,"column":8},"end":{"line":265,"column":9}},"type":"if","locations":[{"start":{"line":262,"column":8},"end":{"line":265,"column":9}},{"start":{"line":262,"column":8},"end":{"line":265,"column":9}}],"line":262},"24":{"loc":{"start":{"line":268,"column":4},"end":{"line":271,"column":5}},"type":"if","locations":[{"start":{"line":268,"column":4},"end":{"line":271,"column":5}},{"start":{"line":268,"column":4},"end":{"line":271,"column":5}}],"line":268},"25":{"loc":{"start":{"line":281,"column":4},"end":{"line":284,"column":5}},"type":"if","locations":[{"start":{"line":281,"column":4},"end":{"line":284,"column":5}},{"start":{"line":281,"column":4},"end":{"line":284,"column":5}}],"line":281},"26":{"loc":{"start":{"line":281,"column":8},"end":{"line":281,"column":40}},"type":"binary-expr","locations":[{"start":{"line":281,"column":8},"end":{"line":281,"column":13}},{"start":{"line":281,"column":17},"end":{"line":281,"column":40}}],"line":281},"27":{"loc":{"start":{"line":288,"column":8},"end":{"line":291,"column":9}},"type":"if","locations":[{"start":{"line":288,"column":8},"end":{"line":291,"column":9}},{"start":{"line":288,"column":8},"end":{"line":291,"column":9}}],"line":288},"28":{"loc":{"start":{"line":294,"column":4},"end":{"line":297,"column":5}},"type":"if","locations":[{"start":{"line":294,"column":4},"end":{"line":297,"column":5}},{"start":{"line":294,"column":4},"end":{"line":297,"column":5}}],"line":294},"29":{"loc":{"start":{"line":303,"column":8},"end":{"line":306,"column":9}},"type":"if","locations":[{"start":{"line":303,"column":8},"end":{"line":306,"column":9}},{"start":{"line":303,"column":8},"end":{"line":306,"column":9}}],"line":303},"30":{"loc":{"start":{"line":309,"column":4},"end":{"line":312,"column":5}},"type":"if","locations":[{"start":{"line":309,"column":4},"end":{"line":312,"column":5}},{"start":{"line":309,"column":4},"end":{"line":312,"column":5}}],"line":309},"31":{"loc":{"start":{"line":324,"column":4},"end":{"line":327,"column":5}},"type":"if","locations":[{"start":{"line":324,"column":4},"end":{"line":327,"column":5}},{"start":{"line":324,"column":4},"end":{"line":327,"column":5}}],"line":324},"32":{"loc":{"start":{"line":324,"column":8},"end":{"line":324,"column":40}},"type":"binary-expr","locations":[{"start":{"line":324,"column":8},"end":{"line":324,"column":13}},{"start":{"line":324,"column":17},"end":{"line":324,"column":40}}],"line":324},"33":{"loc":{"start":{"line":331,"column":8},"end":{"line":334,"column":9}},"type":"if","locations":[{"start":{"line":331,"column":8},"end":{"line":334,"column":9}},{"start":{"line":331,"column":8},"end":{"line":334,"column":9}}],"line":331},"34":{"loc":{"start":{"line":337,"column":4},"end":{"line":340,"column":5}},"type":"if","locations":[{"start":{"line":337,"column":4},"end":{"line":340,"column":5}},{"start":{"line":337,"column":4},"end":{"line":340,"column":5}}],"line":337},"35":{"loc":{"start":{"line":346,"column":8},"end":{"line":349,"column":9}},"type":"if","locations":[{"start":{"line":346,"column":8},"end":{"line":349,"column":9}},{"start":{"line":346,"column":8},"end":{"line":349,"column":9}}],"line":346},"36":{"loc":{"start":{"line":352,"column":4},"end":{"line":355,"column":5}},"type":"if","locations":[{"start":{"line":352,"column":4},"end":{"line":355,"column":5}},{"start":{"line":352,"column":4},"end":{"line":355,"column":5}}],"line":352},"37":{"loc":{"start":{"line":367,"column":4},"end":{"line":370,"column":5}},"type":"if","locations":[{"start":{"line":367,"column":4},"end":{"line":370,"column":5}},{"start":{"line":367,"column":4},"end":{"line":370,"column":5}}],"line":367},"38":{"loc":{"start":{"line":367,"column":8},"end":{"line":367,"column":40}},"type":"binary-expr","locations":[{"start":{"line":367,"column":8},"end":{"line":367,"column":13}},{"start":{"line":367,"column":17},"end":{"line":367,"column":40}}],"line":367},"39":{"loc":{"start":{"line":374,"column":8},"end":{"line":377,"column":9}},"type":"if","locations":[{"start":{"line":374,"column":8},"end":{"line":377,"column":9}},{"start":{"line":374,"column":8},"end":{"line":377,"column":9}}],"line":374},"40":{"loc":{"start":{"line":380,"column":4},"end":{"line":383,"column":5}},"type":"if","locations":[{"start":{"line":380,"column":4},"end":{"line":383,"column":5}},{"start":{"line":380,"column":4},"end":{"line":383,"column":5}}],"line":380},"41":{"loc":{"start":{"line":389,"column":8},"end":{"line":392,"column":9}},"type":"if","locations":[{"start":{"line":389,"column":8},"end":{"line":392,"column":9}},{"start":{"line":389,"column":8},"end":{"line":392,"column":9}}],"line":389},"42":{"loc":{"start":{"line":395,"column":4},"end":{"line":398,"column":5}},"type":"if","locations":[{"start":{"line":395,"column":4},"end":{"line":398,"column":5}},{"start":{"line":395,"column":4},"end":{"line":398,"column":5}}],"line":395},"43":{"loc":{"start":{"line":411,"column":4},"end":{"line":414,"column":5}},"type":"if","locations":[{"start":{"line":411,"column":4},"end":{"line":414,"column":5}},{"start":{"line":411,"column":4},"end":{"line":414,"column":5}}],"line":411},"44":{"loc":{"start":{"line":415,"column":4},"end":{"line":418,"column":5}},"type":"if","locations":[{"start":{"line":415,"column":4},"end":{"line":418,"column":5}},{"start":{"line":415,"column":4},"end":{"line":418,"column":5}}],"line":415},"45":{"loc":{"start":{"line":415,"column":8},"end":{"line":415,"column":40}},"type":"binary-expr","locations":[{"start":{"line":415,"column":8},"end":{"line":415,"column":13}},{"start":{"line":415,"column":17},"end":{"line":415,"column":40}}],"line":415},"46":{"loc":{"start":{"line":422,"column":8},"end":{"line":425,"column":9}},"type":"if","locations":[{"start":{"line":422,"column":8},"end":{"line":425,"column":9}},{"start":{"line":422,"column":8},"end":{"line":425,"column":9}}],"line":422},"47":{"loc":{"start":{"line":430,"column":8},"end":{"line":433,"column":9}},"type":"if","locations":[{"start":{"line":430,"column":8},"end":{"line":433,"column":9}},{"start":{"line":430,"column":8},"end":{"line":433,"column":9}}],"line":430},"48":{"loc":{"start":{"line":436,"column":4},"end":{"line":439,"column":5}},"type":"if","locations":[{"start":{"line":436,"column":4},"end":{"line":439,"column":5}},{"start":{"line":436,"column":4},"end":{"line":439,"column":5}}],"line":436},"49":{"loc":{"start":{"line":441,"column":4},"end":{"line":444,"column":5}},"type":"if","locations":[{"start":{"line":441,"column":4},"end":{"line":444,"column":5}},{"start":{"line":441,"column":4},"end":{"line":444,"column":5}}],"line":441},"50":{"loc":{"start":{"line":446,"column":4},"end":{"line":449,"column":5}},"type":"if","locations":[{"start":{"line":446,"column":4},"end":{"line":449,"column":5}},{"start":{"line":446,"column":4},"end":{"line":449,"column":5}}],"line":446},"51":{"loc":{"start":{"line":460,"column":4},"end":{"line":463,"column":5}},"type":"if","locations":[{"start":{"line":460,"column":4},"end":{"line":463,"column":5}},{"start":{"line":460,"column":4},"end":{"line":463,"column":5}}],"line":460},"52":{"loc":{"start":{"line":464,"column":4},"end":{"line":467,"column":5}},"type":"if","locations":[{"start":{"line":464,"column":4},"end":{"line":467,"column":5}},{"start":{"line":464,"column":4},"end":{"line":467,"column":5}}],"line":464},"53":{"loc":{"start":{"line":464,"column":8},"end":{"line":464,"column":40}},"type":"binary-expr","locations":[{"start":{"line":464,"column":8},"end":{"line":464,"column":13}},{"start":{"line":464,"column":17},"end":{"line":464,"column":40}}],"line":464},"54":{"loc":{"start":{"line":471,"column":8},"end":{"line":474,"column":9}},"type":"if","locations":[{"start":{"line":471,"column":8},"end":{"line":474,"column":9}},{"start":{"line":471,"column":8},"end":{"line":474,"column":9}}],"line":471},"55":{"loc":{"start":{"line":479,"column":8},"end":{"line":482,"column":9}},"type":"if","locations":[{"start":{"line":479,"column":8},"end":{"line":482,"column":9}},{"start":{"line":479,"column":8},"end":{"line":482,"column":9}}],"line":479},"56":{"loc":{"start":{"line":485,"column":4},"end":{"line":488,"column":5}},"type":"if","locations":[{"start":{"line":485,"column":4},"end":{"line":488,"column":5}},{"start":{"line":485,"column":4},"end":{"line":488,"column":5}}],"line":485},"57":{"loc":{"start":{"line":490,"column":4},"end":{"line":493,"column":5}},"type":"if","locations":[{"start":{"line":490,"column":4},"end":{"line":493,"column":5}},{"start":{"line":490,"column":4},"end":{"line":493,"column":5}}],"line":490},"58":{"loc":{"start":{"line":495,"column":4},"end":{"line":498,"column":5}},"type":"if","locations":[{"start":{"line":495,"column":4},"end":{"line":498,"column":5}},{"start":{"line":495,"column":4},"end":{"line":498,"column":5}}],"line":495},"59":{"loc":{"start":{"line":510,"column":4},"end":{"line":513,"column":5}},"type":"if","locations":[{"start":{"line":510,"column":4},"end":{"line":513,"column":5}},{"start":{"line":510,"column":4},"end":{"line":513,"column":5}}],"line":510},"60":{"loc":{"start":{"line":514,"column":4},"end":{"line":517,"column":5}},"type":"if","locations":[{"start":{"line":514,"column":4},"end":{"line":517,"column":5}},{"start":{"line":514,"column":4},"end":{"line":517,"column":5}}],"line":514},"61":{"loc":{"start":{"line":514,"column":8},"end":{"line":514,"column":40}},"type":"binary-expr","locations":[{"start":{"line":514,"column":8},"end":{"line":514,"column":13}},{"start":{"line":514,"column":17},"end":{"line":514,"column":40}}],"line":514},"62":{"loc":{"start":{"line":521,"column":8},"end":{"line":524,"column":9}},"type":"if","locations":[{"start":{"line":521,"column":8},"end":{"line":524,"column":9}},{"start":{"line":521,"column":8},"end":{"line":524,"column":9}}],"line":521},"63":{"loc":{"start":{"line":529,"column":8},"end":{"line":532,"column":9}},"type":"if","locations":[{"start":{"line":529,"column":8},"end":{"line":532,"column":9}},{"start":{"line":529,"column":8},"end":{"line":532,"column":9}}],"line":529},"64":{"loc":{"start":{"line":535,"column":4},"end":{"line":538,"column":5}},"type":"if","locations":[{"start":{"line":535,"column":4},"end":{"line":538,"column":5}},{"start":{"line":535,"column":4},"end":{"line":538,"column":5}}],"line":535},"65":{"loc":{"start":{"line":540,"column":4},"end":{"line":543,"column":5}},"type":"if","locations":[{"start":{"line":540,"column":4},"end":{"line":543,"column":5}},{"start":{"line":540,"column":4},"end":{"line":543,"column":5}}],"line":540},"66":{"loc":{"start":{"line":545,"column":4},"end":{"line":548,"column":5}},"type":"if","locations":[{"start":{"line":545,"column":4},"end":{"line":548,"column":5}},{"start":{"line":545,"column":4},"end":{"line":548,"column":5}}],"line":545}},"s":{"0":13,"1":13,"2":13,"3":13,"4":13,"5":0,"6":0,"7":0,"8":0,"9":0,"10":0,"11":0,"12":0,"13":13,"14":0,"15":0,"16":0,"17":0,"18":0,"19":0,"20":0,"21":0,"22":13,"23":0,"24":0,"25":0,"26":0,"27":0,"28":0,"29":0,"30":0,"31":13,"32":0,"33":0,"34":0,"35":0,"36":0,"37":0,"38":0,"39":0,"40":13,"41":1,"42":1,"43":1,"44":0,"45":0,"46":1,"47":1,"48":0,"49":0,"50":1,"51":1,"52":1,"53":0,"54":0,"55":0,"56":0,"57":0,"58":0,"59":0,"60":0,"61":0,"62":0,"63":0,"64":0,"65":0,"66":0,"67":0,"68":0,"69":0,"70":0,"71":0,"72":0,"73":0,"74":0,"75":0,"76":0,"77":0,"78":0,"79":0,"80":0,"81":0,"82":13,"83":2,"84":2,"85":2,"86":2,"87":0,"88":0,"89":2,"90":1,"91":1,"92":2,"93":2,"94":0,"95":0,"96":2,"97":2,"98":2,"99":10,"100":2,"101":2,"102":2,"103":0,"104":0,"105":2,"106":2,"107":2,"108":6,"109":2,"110":2,"111":1,"112":0,"113":0,"114":1,"115":1,"116":1,"117":3,"118":1,"119":1,"120":13,"121":0,"122":0,"123":0,"124":0,"125":0,"126":0,"127":0,"128":0,"129":0,"130":0,"131":0,"132":0,"133":13,"134":0,"135":0,"136":0,"137":0,"138":0,"139":0,"140":0,"141":0,"142":0,"143":0,"144":0,"145":0,"146":13,"147":0,"148":0,"149":0,"150":0,"151":0,"152":0,"153":0,"154":0,"155":0,"156":0,"157":0,"158":0,"159":13,"160":0,"161":0,"162":0,"163":0,"164":0,"165":0,"166":0,"167":0,"168":0,"169":0,"170":0,"171":0,"172":0,"173":0,"174":0,"175":0,"176":0,"177":0,"178":0,"179":0,"180":0,"181":0,"182":13,"183":0,"184":0,"185":0,"186":0,"187":0,"188":0,"189":0,"190":0,"191":0,"192":0,"193":0,"194":0,"195":0,"196":0,"197":0,"198":0,"199":0,"200":0,"201":0,"202":0,"203":0,"204":0,"205":13,"206":0,"207":0,"208":0,"209":0,"210":0,"211":0,"212":0,"213":0,"214":0,"215":0,"216":0,"217":0,"218":0,"219":0,"220":0,"221":0,"222":0,"223":0,"224":0,"225":0,"226":0,"227":0,"228":13,"229":4,"230":4,"231":4,"232":1,"233":1,"234":3,"235":0,"236":0,"237":3,"238":3,"239":0,"240":0,"241":3,"242":3,"243":0,"244":0,"245":3,"246":1,"247":1,"248":2,"249":2,"250":2,"251":0,"252":0,"253":0,"254":0,"255":13,"256":0,"257":0,"258":0,"259":0,"260":0,"261":0,"262":0,"263":0,"264":0,"265":0,"266":0,"267":0,"268":0,"269":0,"270":0,"271":0,"272":0,"273":0,"274":0,"275":0,"276":0,"277":0,"278":0,"279":0,"280":0,"281":0,"282":13,"283":0,"284":0,"285":0,"286":0,"287":0,"288":0,"289":0,"290":0,"291":0,"292":0,"293":0,"294":0,"295":0,"296":0,"297":0,"298":0,"299":0,"300":0,"301":0,"302":0,"303":0,"304":0,"305":0,"306":0,"307":0,"308":0,"309":13},"f":{"0":0,"1":0,"2":0,"3":0,"4":0,"5":0,"6":0,"7":0,"8":1,"9":1,"10":0,"11":0,"12":0,"13":2,"14":2,"15":2,"16":2,"17":1,"18":0,"19":0,"20":0,"21":0,"22":0,"23":0,"24":0,"25":0,"26":0,"27":0,"28":0,"29":0,"30":0,"31":0,"32":0,"33":4,"34":3,"35":3,"36":0,"37":0,"38":0,"39":0,"40":0,"41":0},"b":{"0":[0,0],"1":[0,0],"2":[0,0],"3":[0,0],"4":[0,1],"5":[1,1],"6":[0,1],"7":[1,0],"8":[0,0],"9":[0,0],"10":[0,0],"11":[0,2],"12":[1,1],"13":[0,2],"14":[0,2],"15":[0,1],"16":[0,0],"17":[0,0],"18":[0,0],"19":[0,0],"20":[0,0],"21":[0,0],"22":[0,0],"23":[0,0],"24":[0,0],"25":[0,0],"26":[0,0],"27":[0,0],"28":[0,0],"29":[0,0],"30":[0,0],"31":[0,0],"32":[0,0],"33":[0,0],"34":[0,0],"35":[0,0],"36":[0,0],"37":[0,0],"38":[0,0],"39":[0,0],"40":[0,0],"41":[0,0],"42":[0,0],"43":[1,3],"44":[0,3],"45":[3,3],"46":[0,3],"47":[0,3],"48":[1,2],"49":[2,0],"50":[0,0],"51":[0,0],"52":[0,0],"53":[0,0],"54":[0,0],"55":[0,0],"56":[0,0],"57":[0,0],"58":[0,0],"59":[0,0],"60":[0,0],"61":[0,0],"62":[0,0],"63":[0,0],"64":[0,0],"65":[0,0],"66":[0,0]},"_coverageSchema":"1a1c01bbd47fc00a2c39e90264f33305004495a9","hash":"cea46381fa192db77a2ce599018101b65a33be4d"}
,"C:\\Users\\david\\Desktop\\Uni\\Ingegneria del Software 2\\Progetto\\SEII-Project\\models\\album.js": {"path":"C:\\Users\\david\\Desktop\\Uni\\Ingegneria del Software 2\\Progetto\\SEII-Project\\models\\album.js","statementMap":{"0":{"start":{"line":1,"column":17},"end":{"line":1,"column":36}},"1":{"start":{"line":3,"column":20},"end":{"line":39,"column":2}},"2":{"start":{"line":41,"column":0},"end":{"line":41,"column":54}}},"fnMap":{},"branchMap":{},"s":{"0":13,"1":13,"2":13},"f":{},"b":{},"_coverageSchema":"1a1c01bbd47fc00a2c39e90264f33305004495a9","hash":"25deb209d6b83b95497faa5e790230fd6ec83d32"}
,"C:\\Users\\david\\Desktop\\Uni\\Ingegneria del Software 2\\Progetto\\SEII-Project\\models\\event.js": {"path":"C:\\Users\\david\\Desktop\\Uni\\Ingegneria del Software 2\\Progetto\\SEII-Project\\models\\event.js","statementMap":{"0":{"start":{"line":1,"column":15},"end":{"line":1,"column":34}},"1":{"start":{"line":2,"column":13},"end":{"line":2,"column":28}},"2":{"start":{"line":4,"column":20},"end":{"line":40,"column":26}},"3":{"start":{"line":42,"column":0},"end":{"line":42,"column":54}}},"fnMap":{},"branchMap":{},"s":{"0":13,"1":13,"2":13,"3":13},"f":{},"b":{},"_coverageSchema":"1a1c01bbd47fc00a2c39e90264f33305004495a9","hash":"87510fe48cfaa4bf5bb26e27a1f38758cfa351eb"}
,"C:\\Users\\david\\Desktop\\Uni\\Ingegneria del Software 2\\Progetto\\SEII-Project\\models\\product.js": {"path":"C:\\Users\\david\\Desktop\\Uni\\Ingegneria del Software 2\\Progetto\\SEII-Project\\models\\product.js","statementMap":{"0":{"start":{"line":1,"column":17},"end":{"line":1,"column":36}},"1":{"start":{"line":3,"column":22},"end":{"line":34,"column":2}},"2":{"start":{"line":36,"column":0},"end":{"line":36,"column":58}}},"fnMap":{},"branchMap":{},"s":{"0":13,"1":13,"2":13},"f":{},"b":{},"_coverageSchema":"1a1c01bbd47fc00a2c39e90264f33305004495a9","hash":"5d3e7cb1c2c239fb2a45ca70c47e7e9e8eb8f8b0"}
,"C:\\Users\\david\\Desktop\\Uni\\Ingegneria del Software 2\\Progetto\\SEII-Project\\models\\user.js": {"path":"C:\\Users\\david\\Desktop\\Uni\\Ingegneria del Software 2\\Progetto\\SEII-Project\\models\\user.js","statementMap":{"0":{"start":{"line":1,"column":17},"end":{"line":1,"column":36}},"1":{"start":{"line":2,"column":15},"end":{"line":2,"column":32}},"2":{"start":{"line":4,"column":15},"end":{"line":4,"column":30}},"3":{"start":{"line":5,"column":19},"end":{"line":5,"column":21}},"4":{"start":{"line":7,"column":19},"end":{"line":38,"column":27}},"5":{"start":{"line":42,"column":0},"end":{"line":57,"column":3}},"6":{"start":{"line":43,"column":15},"end":{"line":43,"column":19}},"7":{"start":{"line":44,"column":2},"end":{"line":56,"column":3}},"8":{"start":{"line":45,"column":4},"end":{"line":45,"column":11}},"9":{"start":{"line":47,"column":4},"end":{"line":55,"column":7}},"10":{"start":{"line":48,"column":6},"end":{"line":54,"column":7}},"11":{"start":{"line":49,"column":8},"end":{"line":49,"column":66}},"12":{"start":{"line":50,"column":8},"end":{"line":50,"column":18}},"13":{"start":{"line":52,"column":8},"end":{"line":52,"column":29}},"14":{"start":{"line":53,"column":8},"end":{"line":53,"column":15}},"15":{"start":{"line":60,"column":0},"end":{"line":60,"column":52}}},"fnMap":{"0":{"name":"(anonymous_0)","decl":{"start":{"line":42,"column":23},"end":{"line":42,"column":24}},"loc":{"start":{"line":42,"column":38},"end":{"line":57,"column":1}},"line":42},"1":{"name":"(anonymous_1)","decl":{"start":{"line":47,"column":44},"end":{"line":47,"column":45}},"loc":{"start":{"line":47,"column":64},"end":{"line":55,"column":5}},"line":47}},"branchMap":{"0":{"loc":{"start":{"line":44,"column":2},"end":{"line":56,"column":3}},"type":"if","locations":[{"start":{"line":44,"column":2},"end":{"line":56,"column":3}},{"start":{"line":44,"column":2},"end":{"line":56,"column":3}}],"line":44},"1":{"loc":{"start":{"line":44,"column":5},"end":{"line":44,"column":36}},"type":"binary-expr","locations":[{"start":{"line":44,"column":5},"end":{"line":44,"column":21}},{"start":{"line":44,"column":25},"end":{"line":44,"column":36}}],"line":44},"2":{"loc":{"start":{"line":48,"column":6},"end":{"line":54,"column":7}},"type":"if","locations":[{"start":{"line":48,"column":6},"end":{"line":54,"column":7}},{"start":{"line":48,"column":6},"end":{"line":54,"column":7}}],"line":48}},"s":{"0":13,"1":13,"2":13,"3":13,"4":13,"5":13,"6":0,"7":0,"8":0,"9":0,"10":0,"11":0,"12":0,"13":0,"14":0,"15":13},"f":{"0":0,"1":0},"b":{"0":[0,0],"1":[0,0],"2":[0,0]},"_coverageSchema":"1a1c01bbd47fc00a2c39e90264f33305004495a9","hash":"b40c90478bfc098090c7ce6d5e37d568cc96d377"}
}
