{"C:\\Users\\david\\Desktop\\Uni\\Ingegneria del Software 2\\Progetto\\SEII-Project\\config.js": {"path":"C:\\Users\\david\\Desktop\\Uni\\Ingegneria del Software 2\\Progetto\\SEII-Project\\config.js","statementMap":{"0":{"start":{"line":2,"column":0},"end":{"line":9,"column":2}}},"fnMap":{},"branchMap":{},"s":{"0":1},"f":{},"b":{},"_coverageSchema":"1a1c01bbd47fc00a2c39e90264f33305004495a9","hash":"93c731c32ce6ccfcdc8caf960799f2f6812933a6"}
,"C:\\Users\\david\\Desktop\\Uni\\Ingegneria del Software 2\\Progetto\\SEII-Project\\index.js": {"path":"C:\\Users\\david\\Desktop\\Uni\\Ingegneria del Software 2\\Progetto\\SEII-Project\\index.js","statementMap":{"0":{"start":{"line":1,"column":17},"end":{"line":1,"column":39}},"1":{"start":{"line":2,"column":14},"end":{"line":2,"column":32}},"2":{"start":{"line":4,"column":17},"end":{"line":4,"column":36}},"3":{"start":{"line":7,"column":12},"end":{"line":7,"column":21}},"4":{"start":{"line":8,"column":0},"end":{"line":8,"column":24}},"5":{"start":{"line":10,"column":19},"end":{"line":10,"column":49}},"6":{"start":{"line":13,"column":13},"end":{"line":13,"column":29}},"7":{"start":{"line":17,"column":0},"end":{"line":19,"column":3}},"8":{"start":{"line":18,"column":4},"end":{"line":18,"column":55}},"9":{"start":{"line":23,"column":13},"end":{"line":23,"column":35}},"10":{"start":{"line":25,"column":0},"end":{"line":29,"column":3}},"11":{"start":{"line":32,"column":11},"end":{"line":32,"column":30}},"12":{"start":{"line":33,"column":0},"end":{"line":33,"column":69}},"13":{"start":{"line":34,"column":0},"end":{"line":36,"column":3}},"14":{"start":{"line":35,"column":2},"end":{"line":35,"column":39}},"15":{"start":{"line":39,"column":13},"end":{"line":39,"column":40}},"16":{"start":{"line":41,"column":14},"end":{"line":41,"column":42}},"17":{"start":{"line":43,"column":14},"end":{"line":43,"column":42}},"18":{"start":{"line":45,"column":16},"end":{"line":45,"column":46}},"19":{"start":{"line":49,"column":0},"end":{"line":49,"column":30}},"20":{"start":{"line":51,"column":0},"end":{"line":51,"column":50}},"21":{"start":{"line":53,"column":0},"end":{"line":58,"column":3}},"22":{"start":{"line":54,"column":8},"end":{"line":57,"column":7}},"23":{"start":{"line":55,"column":8},"end":{"line":55,"column":18}},"24":{"start":{"line":56,"column":8},"end":{"line":56,"column":27}},"25":{"start":{"line":56,"column":16},"end":{"line":56,"column":27}},"26":{"start":{"line":60,"column":0},"end":{"line":65,"column":3}},"27":{"start":{"line":61,"column":8},"end":{"line":64,"column":7}},"28":{"start":{"line":62,"column":8},"end":{"line":62,"column":18}},"29":{"start":{"line":63,"column":8},"end":{"line":63,"column":27}},"30":{"start":{"line":63,"column":16},"end":{"line":63,"column":27}},"31":{"start":{"line":67,"column":0},"end":{"line":72,"column":3}},"32":{"start":{"line":68,"column":8},"end":{"line":71,"column":7}},"33":{"start":{"line":69,"column":8},"end":{"line":69,"column":18}},"34":{"start":{"line":70,"column":8},"end":{"line":70,"column":27}},"35":{"start":{"line":70,"column":16},"end":{"line":70,"column":27}},"36":{"start":{"line":74,"column":0},"end":{"line":79,"column":3}},"37":{"start":{"line":75,"column":8},"end":{"line":78,"column":7}},"38":{"start":{"line":76,"column":8},"end":{"line":76,"column":18}},"39":{"start":{"line":77,"column":8},"end":{"line":77,"column":27}},"40":{"start":{"line":77,"column":16},"end":{"line":77,"column":27}},"41":{"start":{"line":81,"column":0},"end":{"line":86,"column":3}},"42":{"start":{"line":82,"column":8},"end":{"line":85,"column":7}},"43":{"start":{"line":83,"column":8},"end":{"line":83,"column":18}},"44":{"start":{"line":84,"column":8},"end":{"line":84,"column":27}},"45":{"start":{"line":84,"column":16},"end":{"line":84,"column":27}},"46":{"start":{"line":88,"column":0},"end":{"line":93,"column":3}},"47":{"start":{"line":89,"column":8},"end":{"line":92,"column":7}},"48":{"start":{"line":90,"column":8},"end":{"line":90,"column":18}},"49":{"start":{"line":91,"column":8},"end":{"line":91,"column":27}},"50":{"start":{"line":91,"column":16},"end":{"line":91,"column":27}},"51":{"start":{"line":95,"column":0},"end":{"line":100,"column":3}},"52":{"start":{"line":96,"column":8},"end":{"line":99,"column":7}},"53":{"start":{"line":97,"column":8},"end":{"line":97,"column":18}},"54":{"start":{"line":98,"column":8},"end":{"line":98,"column":27}},"55":{"start":{"line":98,"column":16},"end":{"line":98,"column":27}},"56":{"start":{"line":102,"column":0},"end":{"line":107,"column":3}},"57":{"start":{"line":103,"column":8},"end":{"line":106,"column":7}},"58":{"start":{"line":104,"column":8},"end":{"line":104,"column":18}},"59":{"start":{"line":105,"column":8},"end":{"line":105,"column":27}},"60":{"start":{"line":105,"column":16},"end":{"line":105,"column":27}},"61":{"start":{"line":109,"column":0},"end":{"line":114,"column":3}},"62":{"start":{"line":110,"column":8},"end":{"line":113,"column":7}},"63":{"start":{"line":111,"column":8},"end":{"line":111,"column":18}},"64":{"start":{"line":112,"column":8},"end":{"line":112,"column":27}},"65":{"start":{"line":112,"column":16},"end":{"line":112,"column":27}},"66":{"start":{"line":116,"column":0},"end":{"line":121,"column":3}},"67":{"start":{"line":117,"column":8},"end":{"line":120,"column":7}},"68":{"start":{"line":118,"column":8},"end":{"line":118,"column":18}},"69":{"start":{"line":119,"column":8},"end":{"line":119,"column":27}},"70":{"start":{"line":119,"column":16},"end":{"line":119,"column":27}},"71":{"start":{"line":123,"column":0},"end":{"line":128,"column":3}},"72":{"start":{"line":124,"column":8},"end":{"line":127,"column":7}},"73":{"start":{"line":125,"column":8},"end":{"line":125,"column":18}},"74":{"start":{"line":126,"column":8},"end":{"line":126,"column":27}},"75":{"start":{"line":126,"column":16},"end":{"line":126,"column":27}},"76":{"start":{"line":132,"column":0},"end":{"line":132,"column":49}},"77":{"start":{"line":133,"column":0},"end":{"line":133,"column":47}},"78":{"start":{"line":134,"column":0},"end":{"line":134,"column":46}},"79":{"start":{"line":135,"column":0},"end":{"line":135,"column":47}},"80":{"start":{"line":136,"column":0},"end":{"line":136,"column":54}},"81":{"start":{"line":137,"column":0},"end":{"line":137,"column":52}},"82":{"start":{"line":138,"column":0},"end":{"line":138,"column":49}},"83":{"start":{"line":139,"column":0},"end":{"line":139,"column":50}},"84":{"start":{"line":140,"column":0},"end":{"line":140,"column":67}},"85":{"start":{"line":141,"column":0},"end":{"line":141,"column":65}},"86":{"start":{"line":142,"column":0},"end":{"line":142,"column":67}},"87":{"start":{"line":143,"column":0},"end":{"line":143,"column":76}},"88":{"start":{"line":144,"column":0},"end":{"line":144,"column":71}},"89":{"start":{"line":145,"column":0},"end":{"line":145,"column":72}},"90":{"start":{"line":148,"column":0},"end":{"line":152,"column":3}},"91":{"start":{"line":149,"column":16},"end":{"line":149,"column":38}},"92":{"start":{"line":150,"column":4},"end":{"line":150,"column":21}},"93":{"start":{"line":151,"column":4},"end":{"line":151,"column":14}},"94":{"start":{"line":154,"column":0},"end":{"line":157,"column":3}},"95":{"start":{"line":155,"column":4},"end":{"line":155,"column":34}},"96":{"start":{"line":156,"column":4},"end":{"line":156,"column":50}},"97":{"start":{"line":162,"column":11},"end":{"line":162,"column":35}},"98":{"start":{"line":163,"column":0},"end":{"line":163,"column":17}},"99":{"start":{"line":165,"column":0},"end":{"line":165,"column":41}},"100":{"start":{"line":166,"column":0},"end":{"line":166,"column":20}}},"fnMap":{"0":{"name":"(anonymous_0)","decl":{"start":{"line":17,"column":20},"end":{"line":17,"column":21}},"loc":{"start":{"line":17,"column":40},"end":{"line":19,"column":1}},"line":17},"1":{"name":"(anonymous_1)","decl":{"start":{"line":34,"column":16},"end":{"line":34,"column":17}},"loc":{"start":{"line":34,"column":27},"end":{"line":36,"column":1}},"line":34},"2":{"name":"(anonymous_2)","decl":{"start":{"line":53,"column":20},"end":{"line":53,"column":21}},"loc":{"start":{"line":53,"column":34},"end":{"line":58,"column":1}},"line":53},"3":{"name":"(anonymous_3)","decl":{"start":{"line":54,"column":53},"end":{"line":54,"column":54}},"loc":{"start":{"line":54,"column":62},"end":{"line":57,"column":5}},"line":54},"4":{"name":"(anonymous_4)","decl":{"start":{"line":60,"column":19},"end":{"line":60,"column":20}},"loc":{"start":{"line":60,"column":33},"end":{"line":65,"column":1}},"line":60},"5":{"name":"(anonymous_5)","decl":{"start":{"line":61,"column":52},"end":{"line":61,"column":53}},"loc":{"start":{"line":61,"column":61},"end":{"line":64,"column":5}},"line":61},"6":{"name":"(anonymous_6)","decl":{"start":{"line":67,"column":18},"end":{"line":67,"column":19}},"loc":{"start":{"line":67,"column":32},"end":{"line":72,"column":1}},"line":67},"7":{"name":"(anonymous_7)","decl":{"start":{"line":68,"column":51},"end":{"line":68,"column":52}},"loc":{"start":{"line":68,"column":60},"end":{"line":71,"column":5}},"line":68},"8":{"name":"(anonymous_8)","decl":{"start":{"line":74,"column":19},"end":{"line":74,"column":20}},"loc":{"start":{"line":74,"column":33},"end":{"line":79,"column":1}},"line":74},"9":{"name":"(anonymous_9)","decl":{"start":{"line":75,"column":52},"end":{"line":75,"column":53}},"loc":{"start":{"line":75,"column":61},"end":{"line":78,"column":5}},"line":75},"10":{"name":"(anonymous_10)","decl":{"start":{"line":81,"column":28},"end":{"line":81,"column":29}},"loc":{"start":{"line":81,"column":42},"end":{"line":86,"column":1}},"line":81},"11":{"name":"(anonymous_11)","decl":{"start":{"line":82,"column":61},"end":{"line":82,"column":62}},"loc":{"start":{"line":82,"column":70},"end":{"line":85,"column":5}},"line":82},"12":{"name":"(anonymous_12)","decl":{"start":{"line":88,"column":26},"end":{"line":88,"column":27}},"loc":{"start":{"line":88,"column":40},"end":{"line":93,"column":1}},"line":88},"13":{"name":"(anonymous_13)","decl":{"start":{"line":89,"column":59},"end":{"line":89,"column":60}},"loc":{"start":{"line":89,"column":68},"end":{"line":92,"column":5}},"line":89},"14":{"name":"(anonymous_14)","decl":{"start":{"line":95,"column":26},"end":{"line":95,"column":27}},"loc":{"start":{"line":95,"column":40},"end":{"line":100,"column":1}},"line":95},"15":{"name":"(anonymous_15)","decl":{"start":{"line":96,"column":59},"end":{"line":96,"column":60}},"loc":{"start":{"line":96,"column":68},"end":{"line":99,"column":5}},"line":96},"16":{"name":"(anonymous_16)","decl":{"start":{"line":102,"column":25},"end":{"line":102,"column":26}},"loc":{"start":{"line":102,"column":39},"end":{"line":107,"column":1}},"line":102},"17":{"name":"(anonymous_17)","decl":{"start":{"line":103,"column":58},"end":{"line":103,"column":59}},"loc":{"start":{"line":103,"column":67},"end":{"line":106,"column":5}},"line":103},"18":{"name":"(anonymous_18)","decl":{"start":{"line":109,"column":34},"end":{"line":109,"column":35}},"loc":{"start":{"line":109,"column":48},"end":{"line":114,"column":1}},"line":109},"19":{"name":"(anonymous_19)","decl":{"start":{"line":110,"column":67},"end":{"line":110,"column":68}},"loc":{"start":{"line":110,"column":76},"end":{"line":113,"column":5}},"line":110},"20":{"name":"(anonymous_20)","decl":{"start":{"line":116,"column":34},"end":{"line":116,"column":35}},"loc":{"start":{"line":116,"column":48},"end":{"line":121,"column":1}},"line":116},"21":{"name":"(anonymous_21)","decl":{"start":{"line":117,"column":67},"end":{"line":117,"column":68}},"loc":{"start":{"line":117,"column":76},"end":{"line":120,"column":5}},"line":117},"22":{"name":"(anonymous_22)","decl":{"start":{"line":123,"column":34},"end":{"line":123,"column":35}},"loc":{"start":{"line":123,"column":48},"end":{"line":128,"column":1}},"line":123},"23":{"name":"(anonymous_23)","decl":{"start":{"line":124,"column":67},"end":{"line":124,"column":68}},"loc":{"start":{"line":124,"column":76},"end":{"line":127,"column":5}},"line":124},"24":{"name":"(anonymous_24)","decl":{"start":{"line":148,"column":8},"end":{"line":148,"column":9}},"loc":{"start":{"line":148,"column":28},"end":{"line":152,"column":1}},"line":148},"25":{"name":"(anonymous_25)","decl":{"start":{"line":154,"column":8},"end":{"line":154,"column":9}},"loc":{"start":{"line":154,"column":33},"end":{"line":157,"column":1}},"line":154}},"branchMap":{"0":{"loc":{"start":{"line":56,"column":8},"end":{"line":56,"column":27}},"type":"if","locations":[{"start":{"line":56,"column":8},"end":{"line":56,"column":27}},{"start":{"line":56,"column":8},"end":{"line":56,"column":27}}],"line":56},"1":{"loc":{"start":{"line":63,"column":8},"end":{"line":63,"column":27}},"type":"if","locations":[{"start":{"line":63,"column":8},"end":{"line":63,"column":27}},{"start":{"line":63,"column":8},"end":{"line":63,"column":27}}],"line":63},"2":{"loc":{"start":{"line":70,"column":8},"end":{"line":70,"column":27}},"type":"if","locations":[{"start":{"line":70,"column":8},"end":{"line":70,"column":27}},{"start":{"line":70,"column":8},"end":{"line":70,"column":27}}],"line":70},"3":{"loc":{"start":{"line":77,"column":8},"end":{"line":77,"column":27}},"type":"if","locations":[{"start":{"line":77,"column":8},"end":{"line":77,"column":27}},{"start":{"line":77,"column":8},"end":{"line":77,"column":27}}],"line":77},"4":{"loc":{"start":{"line":84,"column":8},"end":{"line":84,"column":27}},"type":"if","locations":[{"start":{"line":84,"column":8},"end":{"line":84,"column":27}},{"start":{"line":84,"column":8},"end":{"line":84,"column":27}}],"line":84},"5":{"loc":{"start":{"line":91,"column":8},"end":{"line":91,"column":27}},"type":"if","locations":[{"start":{"line":91,"column":8},"end":{"line":91,"column":27}},{"start":{"line":91,"column":8},"end":{"line":91,"column":27}}],"line":91},"6":{"loc":{"start":{"line":98,"column":8},"end":{"line":98,"column":27}},"type":"if","locations":[{"start":{"line":98,"column":8},"end":{"line":98,"column":27}},{"start":{"line":98,"column":8},"end":{"line":98,"column":27}}],"line":98},"7":{"loc":{"start":{"line":105,"column":8},"end":{"line":105,"column":27}},"type":"if","locations":[{"start":{"line":105,"column":8},"end":{"line":105,"column":27}},{"start":{"line":105,"column":8},"end":{"line":105,"column":27}}],"line":105},"8":{"loc":{"start":{"line":112,"column":8},"end":{"line":112,"column":27}},"type":"if","locations":[{"start":{"line":112,"column":8},"end":{"line":112,"column":27}},{"start":{"line":112,"column":8},"end":{"line":112,"column":27}}],"line":112},"9":{"loc":{"start":{"line":119,"column":8},"end":{"line":119,"column":27}},"type":"if","locations":[{"start":{"line":119,"column":8},"end":{"line":119,"column":27}},{"start":{"line":119,"column":8},"end":{"line":119,"column":27}}],"line":119},"10":{"loc":{"start":{"line":126,"column":8},"end":{"line":126,"column":27}},"type":"if","locations":[{"start":{"line":126,"column":8},"end":{"line":126,"column":27}},{"start":{"line":126,"column":8},"end":{"line":126,"column":27}}],"line":126},"11":{"loc":{"start":{"line":155,"column":15},"end":{"line":155,"column":32}},"type":"binary-expr","locations":[{"start":{"line":155,"column":15},"end":{"line":155,"column":25}},{"start":{"line":155,"column":29},"end":{"line":155,"column":32}}],"line":155},"12":{"loc":{"start":{"line":162,"column":11},"end":{"line":162,"column":35}},"type":"binary-expr","locations":[{"start":{"line":162,"column":11},"end":{"line":162,"column":27}},{"start":{"line":162,"column":31},"end":{"line":162,"column":35}}],"line":162}},"s":{"0":1,"1":1,"2":1,"3":1,"4":1,"5":1,"6":1,"7":1,"8":0,"9":1,"10":1,"11":1,"12":1,"13":1,"14":1,"15":1,"16":1,"17":1,"18":1,"19":1,"20":1,"21":1,"22":0,"23":0,"24":0,"25":0,"26":1,"27":0,"28":0,"29":0,"30":0,"31":1,"32":0,"33":0,"34":0,"35":0,"36":1,"37":0,"38":0,"39":0,"40":0,"41":1,"42":0,"43":0,"44":0,"45":0,"46":1,"47":0,"48":0,"49":0,"50":0,"51":1,"52":0,"53":0,"54":0,"55":0,"56":1,"57":0,"58":0,"59":0,"60":0,"61":1,"62":0,"63":0,"64":0,"65":0,"66":1,"67":0,"68":0,"69":0,"70":0,"71":1,"72":0,"73":0,"74":0,"75":0,"76":1,"77":1,"78":1,"79":1,"80":1,"81":1,"82":1,"83":1,"84":1,"85":1,"86":1,"87":1,"88":1,"89":1,"90":1,"91":0,"92":0,"93":0,"94":1,"95":0,"96":0,"97":1,"98":1,"99":1,"100":1},"f":{"0":0,"1":1,"2":0,"3":0,"4":0,"5":0,"6":0,"7":0,"8":0,"9":0,"10":0,"11":0,"12":0,"13":0,"14":0,"15":0,"16":0,"17":0,"18":0,"19":0,"20":0,"21":0,"22":0,"23":0,"24":0,"25":0},"b":{"0":[0,0],"1":[0,0],"2":[0,0],"3":[0,0],"4":[0,0],"5":[0,0],"6":[0,0],"7":[0,0],"8":[0,0],"9":[0,0],"10":[0,0],"11":[0,0],"12":[1,1]},"_coverageSchema":"1a1c01bbd47fc00a2c39e90264f33305004495a9","hash":"7ddfd8f1401d1286b998db45c756e9d42b7e668c"}
,"C:\\Users\\david\\Desktop\\Uni\\Ingegneria del Software 2\\Progetto\\SEII-Project\\api\\userStory4.js": {"path":"C:\\Users\\david\\Desktop\\Uni\\Ingegneria del Software 2\\Progetto\\SEII-Project\\api\\userStory4.js","statementMap":{"0":{"start":{"line":2,"column":13},"end":{"line":2,"column":36}},"1":{"start":{"line":3,"column":13},"end":{"line":3,"column":41}},"2":{"start":{"line":4,"column":14},"end":{"line":4,"column":43}},"3":{"start":{"line":5,"column":14},"end":{"line":5,"column":43}},"4":{"start":{"line":6,"column":16},"end":{"line":6,"column":47}},"5":{"start":{"line":11,"column":19},"end":{"line":22,"column":1}},"6":{"start":{"line":12,"column":4},"end":{"line":21,"column":7}},"7":{"start":{"line":13,"column":8},"end":{"line":20,"column":9}},"8":{"start":{"line":13,"column":16},"end":{"line":13,"column":72}},"9":{"start":{"line":15,"column":26},"end":{"line":15,"column":28}},"10":{"start":{"line":16,"column":12},"end":{"line":18,"column":13}},"11":{"start":{"line":16,"column":22},"end":{"line":16,"column":23}},"12":{"start":{"line":17,"column":16},"end":{"line":17,"column":48}},"13":{"start":{"line":19,"column":12},"end":{"line":19,"column":42}},"14":{"start":{"line":26,"column":18},"end":{"line":37,"column":1}},"15":{"start":{"line":27,"column":4},"end":{"line":36,"column":7}},"16":{"start":{"line":28,"column":8},"end":{"line":35,"column":9}},"17":{"start":{"line":28,"column":16},"end":{"line":28,"column":73}},"18":{"start":{"line":30,"column":26},"end":{"line":30,"column":28}},"19":{"start":{"line":31,"column":12},"end":{"line":33,"column":13}},"20":{"start":{"line":31,"column":22},"end":{"line":31,"column":23}},"21":{"start":{"line":32,"column":16},"end":{"line":32,"column":77}},"22":{"start":{"line":34,"column":12},"end":{"line":34,"column":42}},"23":{"start":{"line":41,"column":18},"end":{"line":52,"column":1}},"24":{"start":{"line":42,"column":4},"end":{"line":51,"column":7}},"25":{"start":{"line":43,"column":8},"end":{"line":50,"column":9}},"26":{"start":{"line":43,"column":16},"end":{"line":43,"column":72}},"27":{"start":{"line":45,"column":26},"end":{"line":45,"column":28}},"28":{"start":{"line":46,"column":12},"end":{"line":48,"column":13}},"29":{"start":{"line":46,"column":22},"end":{"line":46,"column":23}},"30":{"start":{"line":47,"column":16},"end":{"line":47,"column":77}},"31":{"start":{"line":49,"column":12},"end":{"line":49,"column":42}},"32":{"start":{"line":56,"column":18},"end":{"line":67,"column":1}},"33":{"start":{"line":57,"column":4},"end":{"line":66,"column":7}},"34":{"start":{"line":58,"column":8},"end":{"line":65,"column":9}},"35":{"start":{"line":58,"column":16},"end":{"line":58,"column":73}},"36":{"start":{"line":60,"column":26},"end":{"line":60,"column":28}},"37":{"start":{"line":61,"column":12},"end":{"line":63,"column":13}},"38":{"start":{"line":61,"column":22},"end":{"line":61,"column":23}},"39":{"start":{"line":62,"column":16},"end":{"line":62,"column":73}},"40":{"start":{"line":64,"column":12},"end":{"line":64,"column":42}},"41":{"start":{"line":71,"column":18},"end":{"line":143,"column":1}},"42":{"start":{"line":72,"column":15},"end":{"line":72,"column":30}},"43":{"start":{"line":73,"column":18},"end":{"line":73,"column":20}},"44":{"start":{"line":76,"column":4},"end":{"line":79,"column":5}},"45":{"start":{"line":77,"column":8},"end":{"line":77,"column":62}},"46":{"start":{"line":78,"column":8},"end":{"line":78,"column":16}},"47":{"start":{"line":82,"column":17},"end":{"line":87,"column":6}},"48":{"start":{"line":83,"column":8},"end":{"line":86,"column":9}},"49":{"start":{"line":84,"column":12},"end":{"line":84,"column":49}},"50":{"start":{"line":85,"column":12},"end":{"line":85,"column":19}},"51":{"start":{"line":89,"column":4},"end":{"line":92,"column":5}},"52":{"start":{"line":90,"column":8},"end":{"line":90,"column":84}},"53":{"start":{"line":91,"column":8},"end":{"line":91,"column":15}},"54":{"start":{"line":94,"column":4},"end":{"line":95,"column":38}},"55":{"start":{"line":98,"column":8},"end":{"line":111,"column":11}},"56":{"start":{"line":99,"column":12},"end":{"line":110,"column":13}},"57":{"start":{"line":100,"column":17},"end":{"line":100,"column":74}},"58":{"start":{"line":101,"column":17},"end":{"line":101,"column":24}},"59":{"start":{"line":104,"column":29},"end":{"line":104,"column":31}},"60":{"start":{"line":105,"column":16},"end":{"line":107,"column":17}},"61":{"start":{"line":105,"column":26},"end":{"line":105,"column":27}},"62":{"start":{"line":106,"column":20},"end":{"line":106,"column":80}},"63":{"start":{"line":108,"column":16},"end":{"line":108,"column":40}},"64":{"start":{"line":113,"column":8},"end":{"line":126,"column":11}},"65":{"start":{"line":114,"column":12},"end":{"line":125,"column":13}},"66":{"start":{"line":115,"column":17},"end":{"line":115,"column":74}},"67":{"start":{"line":116,"column":17},"end":{"line":116,"column":24}},"68":{"start":{"line":119,"column":29},"end":{"line":119,"column":31}},"69":{"start":{"line":120,"column":16},"end":{"line":122,"column":17}},"70":{"start":{"line":120,"column":26},"end":{"line":120,"column":27}},"71":{"start":{"line":121,"column":20},"end":{"line":121,"column":74}},"72":{"start":{"line":123,"column":16},"end":{"line":123,"column":40}},"73":{"start":{"line":128,"column":8},"end":{"line":141,"column":11}},"74":{"start":{"line":129,"column":12},"end":{"line":140,"column":13}},"75":{"start":{"line":130,"column":17},"end":{"line":130,"column":73}},"76":{"start":{"line":131,"column":17},"end":{"line":131,"column":24}},"77":{"start":{"line":134,"column":28},"end":{"line":134,"column":30}},"78":{"start":{"line":135,"column":16},"end":{"line":137,"column":17}},"79":{"start":{"line":135,"column":26},"end":{"line":135,"column":27}},"80":{"start":{"line":136,"column":20},"end":{"line":136,"column":73}},"81":{"start":{"line":138,"column":16},"end":{"line":138,"column":38}},"82":{"start":{"line":142,"column":8},"end":{"line":142,"column":38}},"83":{"start":{"line":147,"column":17},"end":{"line":169,"column":1}},"84":{"start":{"line":148,"column":15},"end":{"line":148,"column":40}},"85":{"start":{"line":151,"column":4},"end":{"line":154,"column":5}},"86":{"start":{"line":152,"column":8},"end":{"line":152,"column":62}},"87":{"start":{"line":153,"column":8},"end":{"line":153,"column":16}},"88":{"start":{"line":157,"column":16},"end":{"line":162,"column":6}},"89":{"start":{"line":158,"column":8},"end":{"line":161,"column":9}},"90":{"start":{"line":159,"column":12},"end":{"line":159,"column":49}},"91":{"start":{"line":160,"column":12},"end":{"line":160,"column":19}},"92":{"start":{"line":164,"column":4},"end":{"line":167,"column":5}},"93":{"start":{"line":165,"column":8},"end":{"line":165,"column":81}},"94":{"start":{"line":166,"column":8},"end":{"line":166,"column":15}},"95":{"start":{"line":168,"column":4},"end":{"line":168,"column":32}},"96":{"start":{"line":173,"column":17},"end":{"line":195,"column":1}},"97":{"start":{"line":174,"column":13},"end":{"line":174,"column":36}},"98":{"start":{"line":177,"column":4},"end":{"line":180,"column":5}},"99":{"start":{"line":178,"column":8},"end":{"line":178,"column":60}},"100":{"start":{"line":179,"column":8},"end":{"line":179,"column":16}},"101":{"start":{"line":183,"column":15},"end":{"line":188,"column":6}},"102":{"start":{"line":184,"column":8},"end":{"line":187,"column":9}},"103":{"start":{"line":185,"column":12},"end":{"line":185,"column":49}},"104":{"start":{"line":186,"column":12},"end":{"line":186,"column":19}},"105":{"start":{"line":189,"column":4},"end":{"line":192,"column":5}},"106":{"start":{"line":190,"column":8},"end":{"line":190,"column":81}},"107":{"start":{"line":191,"column":8},"end":{"line":191,"column":15}},"108":{"start":{"line":194,"column":4},"end":{"line":194,"column":31}},"109":{"start":{"line":199,"column":17},"end":{"line":220,"column":1}},"110":{"start":{"line":200,"column":13},"end":{"line":200,"column":36}},"111":{"start":{"line":202,"column":4},"end":{"line":205,"column":5}},"112":{"start":{"line":203,"column":8},"end":{"line":203,"column":60}},"113":{"start":{"line":204,"column":8},"end":{"line":204,"column":16}},"114":{"start":{"line":208,"column":17},"end":{"line":213,"column":6}},"115":{"start":{"line":209,"column":8},"end":{"line":212,"column":9}},"116":{"start":{"line":210,"column":12},"end":{"line":210,"column":49}},"117":{"start":{"line":211,"column":12},"end":{"line":211,"column":19}},"118":{"start":{"line":215,"column":4},"end":{"line":218,"column":5}},"119":{"start":{"line":216,"column":8},"end":{"line":216,"column":79}},"120":{"start":{"line":217,"column":8},"end":{"line":217,"column":15}},"121":{"start":{"line":219,"column":4},"end":{"line":219,"column":33}},"122":{"start":{"line":224,"column":24},"end":{"line":262,"column":1}},"123":{"start":{"line":225,"column":15},"end":{"line":225,"column":30}},"124":{"start":{"line":226,"column":18},"end":{"line":226,"column":20}},"125":{"start":{"line":228,"column":4},"end":{"line":231,"column":5}},"126":{"start":{"line":229,"column":8},"end":{"line":229,"column":62}},"127":{"start":{"line":230,"column":8},"end":{"line":230,"column":16}},"128":{"start":{"line":234,"column":17},"end":{"line":239,"column":6}},"129":{"start":{"line":235,"column":8},"end":{"line":238,"column":9}},"130":{"start":{"line":236,"column":12},"end":{"line":236,"column":49}},"131":{"start":{"line":237,"column":12},"end":{"line":237,"column":19}},"132":{"start":{"line":241,"column":4},"end":{"line":244,"column":5}},"133":{"start":{"line":242,"column":8},"end":{"line":242,"column":84}},"134":{"start":{"line":243,"column":8},"end":{"line":243,"column":15}},"135":{"start":{"line":246,"column":4},"end":{"line":246,"column":52}},"136":{"start":{"line":249,"column":17},"end":{"line":254,"column":6}},"137":{"start":{"line":250,"column":8},"end":{"line":253,"column":9}},"138":{"start":{"line":251,"column":12},"end":{"line":251,"column":49}},"139":{"start":{"line":252,"column":12},"end":{"line":252,"column":19}},"140":{"start":{"line":256,"column":4},"end":{"line":259,"column":5}},"141":{"start":{"line":257,"column":8},"end":{"line":257,"column":85}},"142":{"start":{"line":258,"column":8},"end":{"line":258,"column":15}},"143":{"start":{"line":260,"column":4},"end":{"line":260,"column":28}},"144":{"start":{"line":261,"column":4},"end":{"line":261,"column":34}},"145":{"start":{"line":266,"column":23},"end":{"line":305,"column":1}},"146":{"start":{"line":267,"column":15},"end":{"line":267,"column":30}},"147":{"start":{"line":268,"column":18},"end":{"line":268,"column":20}},"148":{"start":{"line":271,"column":4},"end":{"line":274,"column":5}},"149":{"start":{"line":272,"column":8},"end":{"line":272,"column":62}},"150":{"start":{"line":273,"column":8},"end":{"line":273,"column":16}},"151":{"start":{"line":277,"column":17},"end":{"line":282,"column":6}},"152":{"start":{"line":278,"column":8},"end":{"line":281,"column":9}},"153":{"start":{"line":279,"column":12},"end":{"line":279,"column":49}},"154":{"start":{"line":280,"column":12},"end":{"line":280,"column":19}},"155":{"start":{"line":284,"column":4},"end":{"line":287,"column":5}},"156":{"start":{"line":285,"column":8},"end":{"line":285,"column":84}},"157":{"start":{"line":286,"column":8},"end":{"line":286,"column":15}},"158":{"start":{"line":289,"column":4},"end":{"line":289,"column":52}},"159":{"start":{"line":292,"column":16},"end":{"line":297,"column":6}},"160":{"start":{"line":293,"column":8},"end":{"line":296,"column":9}},"161":{"start":{"line":294,"column":12},"end":{"line":294,"column":49}},"162":{"start":{"line":295,"column":12},"end":{"line":295,"column":19}},"163":{"start":{"line":299,"column":4},"end":{"line":302,"column":5}},"164":{"start":{"line":300,"column":8},"end":{"line":300,"column":84}},"165":{"start":{"line":301,"column":8},"end":{"line":301,"column":15}},"166":{"start":{"line":303,"column":4},"end":{"line":303,"column":26}},"167":{"start":{"line":304,"column":4},"end":{"line":304,"column":34}},"168":{"start":{"line":309,"column":24},"end":{"line":349,"column":1}},"169":{"start":{"line":310,"column":15},"end":{"line":310,"column":30}},"170":{"start":{"line":311,"column":18},"end":{"line":311,"column":20}},"171":{"start":{"line":314,"column":4},"end":{"line":317,"column":5}},"172":{"start":{"line":315,"column":8},"end":{"line":315,"column":62}},"173":{"start":{"line":316,"column":8},"end":{"line":316,"column":16}},"174":{"start":{"line":320,"column":17},"end":{"line":325,"column":6}},"175":{"start":{"line":321,"column":8},"end":{"line":324,"column":9}},"176":{"start":{"line":322,"column":12},"end":{"line":322,"column":49}},"177":{"start":{"line":323,"column":12},"end":{"line":323,"column":19}},"178":{"start":{"line":327,"column":4},"end":{"line":330,"column":5}},"179":{"start":{"line":328,"column":8},"end":{"line":328,"column":84}},"180":{"start":{"line":329,"column":8},"end":{"line":329,"column":15}},"181":{"start":{"line":332,"column":4},"end":{"line":332,"column":52}},"182":{"start":{"line":335,"column":17},"end":{"line":340,"column":6}},"183":{"start":{"line":336,"column":8},"end":{"line":339,"column":9}},"184":{"start":{"line":337,"column":12},"end":{"line":337,"column":49}},"185":{"start":{"line":338,"column":12},"end":{"line":338,"column":19}},"186":{"start":{"line":342,"column":4},"end":{"line":345,"column":5}},"187":{"start":{"line":343,"column":8},"end":{"line":343,"column":85}},"188":{"start":{"line":344,"column":8},"end":{"line":344,"column":15}},"189":{"start":{"line":346,"column":4},"end":{"line":346,"column":28}},"190":{"start":{"line":347,"column":4},"end":{"line":347,"column":34}},"191":{"start":{"line":353,"column":27},"end":{"line":398,"column":1}},"192":{"start":{"line":354,"column":15},"end":{"line":354,"column":30}},"193":{"start":{"line":355,"column":15},"end":{"line":355,"column":40}},"194":{"start":{"line":358,"column":4},"end":{"line":361,"column":5}},"195":{"start":{"line":359,"column":8},"end":{"line":359,"column":62}},"196":{"start":{"line":360,"column":8},"end":{"line":360,"column":16}},"197":{"start":{"line":362,"column":4},"end":{"line":365,"column":5}},"198":{"start":{"line":363,"column":8},"end":{"line":363,"column":62}},"199":{"start":{"line":364,"column":8},"end":{"line":364,"column":16}},"200":{"start":{"line":368,"column":16},"end":{"line":373,"column":6}},"201":{"start":{"line":369,"column":8},"end":{"line":372,"column":9}},"202":{"start":{"line":370,"column":12},"end":{"line":370,"column":49}},"203":{"start":{"line":371,"column":12},"end":{"line":371,"column":19}},"204":{"start":{"line":376,"column":17},"end":{"line":381,"column":6}},"205":{"start":{"line":377,"column":8},"end":{"line":380,"column":9}},"206":{"start":{"line":378,"column":12},"end":{"line":378,"column":49}},"207":{"start":{"line":379,"column":12},"end":{"line":379,"column":19}},"208":{"start":{"line":383,"column":4},"end":{"line":386,"column":5}},"209":{"start":{"line":384,"column":8},"end":{"line":384,"column":82}},"210":{"start":{"line":385,"column":8},"end":{"line":385,"column":15}},"211":{"start":{"line":388,"column":4},"end":{"line":391,"column":5}},"212":{"start":{"line":389,"column":8},"end":{"line":389,"column":81}},"213":{"start":{"line":390,"column":8},"end":{"line":390,"column":15}},"214":{"start":{"line":393,"column":4},"end":{"line":396,"column":5}},"215":{"start":{"line":394,"column":8},"end":{"line":394,"column":107}},"216":{"start":{"line":395,"column":8},"end":{"line":395,"column":15}},"217":{"start":{"line":397,"column":4},"end":{"line":397,"column":32}},"218":{"start":{"line":403,"column":25},"end":{"line":448,"column":1}},"219":{"start":{"line":404,"column":15},"end":{"line":404,"column":30}},"220":{"start":{"line":405,"column":13},"end":{"line":405,"column":26}},"221":{"start":{"line":407,"column":4},"end":{"line":410,"column":5}},"222":{"start":{"line":408,"column":8},"end":{"line":408,"column":60}},"223":{"start":{"line":409,"column":8},"end":{"line":409,"column":16}},"224":{"start":{"line":411,"column":4},"end":{"line":414,"column":5}},"225":{"start":{"line":412,"column":8},"end":{"line":412,"column":62}},"226":{"start":{"line":413,"column":8},"end":{"line":413,"column":16}},"227":{"start":{"line":417,"column":15},"end":{"line":422,"column":6}},"228":{"start":{"line":418,"column":8},"end":{"line":421,"column":9}},"229":{"start":{"line":419,"column":12},"end":{"line":419,"column":49}},"230":{"start":{"line":420,"column":12},"end":{"line":420,"column":19}},"231":{"start":{"line":425,"column":17},"end":{"line":430,"column":6}},"232":{"start":{"line":426,"column":8},"end":{"line":429,"column":9}},"233":{"start":{"line":427,"column":12},"end":{"line":427,"column":49}},"234":{"start":{"line":428,"column":12},"end":{"line":428,"column":19}},"235":{"start":{"line":432,"column":4},"end":{"line":435,"column":5}},"236":{"start":{"line":433,"column":8},"end":{"line":433,"column":81}},"237":{"start":{"line":434,"column":8},"end":{"line":434,"column":15}},"238":{"start":{"line":437,"column":4},"end":{"line":440,"column":5}},"239":{"start":{"line":438,"column":8},"end":{"line":438,"column":82}},"240":{"start":{"line":439,"column":8},"end":{"line":439,"column":15}},"241":{"start":{"line":442,"column":4},"end":{"line":445,"column":5}},"242":{"start":{"line":443,"column":8},"end":{"line":443,"column":107}},"243":{"start":{"line":444,"column":8},"end":{"line":444,"column":15}},"244":{"start":{"line":447,"column":4},"end":{"line":447,"column":31}},"245":{"start":{"line":452,"column":25},"end":{"line":498,"column":1}},"246":{"start":{"line":453,"column":15},"end":{"line":453,"column":30}},"247":{"start":{"line":454,"column":13},"end":{"line":454,"column":26}},"248":{"start":{"line":457,"column":4},"end":{"line":460,"column":5}},"249":{"start":{"line":458,"column":8},"end":{"line":458,"column":60}},"250":{"start":{"line":459,"column":8},"end":{"line":459,"column":16}},"251":{"start":{"line":461,"column":4},"end":{"line":464,"column":5}},"252":{"start":{"line":462,"column":8},"end":{"line":462,"column":62}},"253":{"start":{"line":463,"column":8},"end":{"line":463,"column":16}},"254":{"start":{"line":467,"column":17},"end":{"line":472,"column":6}},"255":{"start":{"line":468,"column":8},"end":{"line":471,"column":9}},"256":{"start":{"line":469,"column":12},"end":{"line":469,"column":49}},"257":{"start":{"line":470,"column":12},"end":{"line":470,"column":19}},"258":{"start":{"line":475,"column":17},"end":{"line":480,"column":6}},"259":{"start":{"line":476,"column":8},"end":{"line":479,"column":9}},"260":{"start":{"line":477,"column":12},"end":{"line":477,"column":49}},"261":{"start":{"line":478,"column":12},"end":{"line":478,"column":19}},"262":{"start":{"line":482,"column":4},"end":{"line":485,"column":5}},"263":{"start":{"line":483,"column":8},"end":{"line":483,"column":79}},"264":{"start":{"line":484,"column":8},"end":{"line":484,"column":15}},"265":{"start":{"line":487,"column":4},"end":{"line":490,"column":5}},"266":{"start":{"line":488,"column":8},"end":{"line":488,"column":82}},"267":{"start":{"line":489,"column":8},"end":{"line":489,"column":15}},"268":{"start":{"line":492,"column":4},"end":{"line":495,"column":5}},"269":{"start":{"line":493,"column":8},"end":{"line":493,"column":105}},"270":{"start":{"line":494,"column":8},"end":{"line":494,"column":15}},"271":{"start":{"line":497,"column":4},"end":{"line":497,"column":33}},"272":{"start":{"line":500,"column":0},"end":{"line":515,"column":2}}},"fnMap":{"0":{"name":"(anonymous_0)","decl":{"start":{"line":11,"column":19},"end":{"line":11,"column":20}},"loc":{"start":{"line":11,"column":38},"end":{"line":22,"column":1}},"line":11},"1":{"name":"(anonymous_1)","decl":{"start":{"line":12,"column":44},"end":{"line":12,"column":45}},"loc":{"start":{"line":12,"column":65},"end":{"line":21,"column":5}},"line":12},"2":{"name":"(anonymous_2)","decl":{"start":{"line":26,"column":18},"end":{"line":26,"column":19}},"loc":{"start":{"line":26,"column":37},"end":{"line":37,"column":1}},"line":26},"3":{"name":"(anonymous_3)","decl":{"start":{"line":27,"column":22},"end":{"line":27,"column":23}},"loc":{"start":{"line":27,"column":43},"end":{"line":36,"column":5}},"line":27},"4":{"name":"(anonymous_4)","decl":{"start":{"line":41,"column":18},"end":{"line":41,"column":19}},"loc":{"start":{"line":41,"column":37},"end":{"line":52,"column":1}},"line":41},"5":{"name":"(anonymous_5)","decl":{"start":{"line":42,"column":24},"end":{"line":42,"column":25}},"loc":{"start":{"line":42,"column":47},"end":{"line":51,"column":5}},"line":42},"6":{"name":"(anonymous_6)","decl":{"start":{"line":56,"column":18},"end":{"line":56,"column":19}},"loc":{"start":{"line":56,"column":37},"end":{"line":67,"column":1}},"line":56},"7":{"name":"(anonymous_7)","decl":{"start":{"line":57,"column":22},"end":{"line":57,"column":23}},"loc":{"start":{"line":57,"column":43},"end":{"line":66,"column":5}},"line":57},"8":{"name":"(anonymous_8)","decl":{"start":{"line":71,"column":18},"end":{"line":71,"column":19}},"loc":{"start":{"line":71,"column":37},"end":{"line":143,"column":1}},"line":71},"9":{"name":"(anonymous_9)","decl":{"start":{"line":82,"column":76},"end":{"line":82,"column":77}},"loc":{"start":{"line":82,"column":85},"end":{"line":87,"column":5}},"line":82},"10":{"name":"(anonymous_10)","decl":{"start":{"line":98,"column":41},"end":{"line":98,"column":42}},"loc":{"start":{"line":98,"column":62},"end":{"line":111,"column":9}},"line":98},"11":{"name":"(anonymous_11)","decl":{"start":{"line":113,"column":41},"end":{"line":113,"column":42}},"loc":{"start":{"line":113,"column":61},"end":{"line":126,"column":9}},"line":113},"12":{"name":"(anonymous_12)","decl":{"start":{"line":128,"column":43},"end":{"line":128,"column":44}},"loc":{"start":{"line":128,"column":63},"end":{"line":141,"column":9}},"line":128},"13":{"name":"(anonymous_13)","decl":{"start":{"line":147,"column":17},"end":{"line":147,"column":18}},"loc":{"start":{"line":147,"column":36},"end":{"line":169,"column":1}},"line":147},"14":{"name":"(anonymous_14)","decl":{"start":{"line":157,"column":52},"end":{"line":157,"column":53}},"loc":{"start":{"line":157,"column":61},"end":{"line":162,"column":5}},"line":157},"15":{"name":"(anonymous_15)","decl":{"start":{"line":173,"column":17},"end":{"line":173,"column":18}},"loc":{"start":{"line":173,"column":36},"end":{"line":195,"column":1}},"line":173},"16":{"name":"(anonymous_16)","decl":{"start":{"line":183,"column":49},"end":{"line":183,"column":50}},"loc":{"start":{"line":183,"column":58},"end":{"line":188,"column":5}},"line":183},"17":{"name":"(anonymous_17)","decl":{"start":{"line":199,"column":17},"end":{"line":199,"column":18}},"loc":{"start":{"line":199,"column":36},"end":{"line":220,"column":1}},"line":199},"18":{"name":"(anonymous_18)","decl":{"start":{"line":208,"column":49},"end":{"line":208,"column":50}},"loc":{"start":{"line":208,"column":58},"end":{"line":213,"column":5}},"line":208},"19":{"name":"(anonymous_19)","decl":{"start":{"line":224,"column":24},"end":{"line":224,"column":25}},"loc":{"start":{"line":224,"column":44},"end":{"line":262,"column":1}},"line":224},"20":{"name":"(anonymous_20)","decl":{"start":{"line":234,"column":76},"end":{"line":234,"column":77}},"loc":{"start":{"line":234,"column":85},"end":{"line":239,"column":5}},"line":234},"21":{"name":"(anonymous_21)","decl":{"start":{"line":249,"column":51},"end":{"line":249,"column":52}},"loc":{"start":{"line":249,"column":60},"end":{"line":254,"column":5}},"line":249},"22":{"name":"(anonymous_22)","decl":{"start":{"line":266,"column":23},"end":{"line":266,"column":24}},"loc":{"start":{"line":266,"column":43},"end":{"line":305,"column":1}},"line":266},"23":{"name":"(anonymous_23)","decl":{"start":{"line":277,"column":76},"end":{"line":277,"column":77}},"loc":{"start":{"line":277,"column":85},"end":{"line":282,"column":5}},"line":277},"24":{"name":"(anonymous_24)","decl":{"start":{"line":292,"column":52},"end":{"line":292,"column":53}},"loc":{"start":{"line":292,"column":61},"end":{"line":297,"column":5}},"line":292},"25":{"name":"(anonymous_25)","decl":{"start":{"line":309,"column":24},"end":{"line":309,"column":25}},"loc":{"start":{"line":309,"column":44},"end":{"line":349,"column":1}},"line":309},"26":{"name":"(anonymous_26)","decl":{"start":{"line":320,"column":76},"end":{"line":320,"column":77}},"loc":{"start":{"line":320,"column":85},"end":{"line":325,"column":5}},"line":320},"27":{"name":"(anonymous_27)","decl":{"start":{"line":335,"column":51},"end":{"line":335,"column":52}},"loc":{"start":{"line":335,"column":60},"end":{"line":340,"column":5}},"line":335},"28":{"name":"(anonymous_28)","decl":{"start":{"line":353,"column":27},"end":{"line":353,"column":28}},"loc":{"start":{"line":353,"column":47},"end":{"line":398,"column":1}},"line":353},"29":{"name":"(anonymous_29)","decl":{"start":{"line":368,"column":52},"end":{"line":368,"column":53}},"loc":{"start":{"line":368,"column":61},"end":{"line":373,"column":5}},"line":368},"30":{"name":"(anonymous_30)","decl":{"start":{"line":376,"column":76},"end":{"line":376,"column":77}},"loc":{"start":{"line":376,"column":85},"end":{"line":381,"column":5}},"line":376},"31":{"name":"(anonymous_31)","decl":{"start":{"line":403,"column":25},"end":{"line":403,"column":26}},"loc":{"start":{"line":403,"column":45},"end":{"line":448,"column":1}},"line":403},"32":{"name":"(anonymous_32)","decl":{"start":{"line":417,"column":49},"end":{"line":417,"column":50}},"loc":{"start":{"line":417,"column":58},"end":{"line":422,"column":5}},"line":417},"33":{"name":"(anonymous_33)","decl":{"start":{"line":425,"column":76},"end":{"line":425,"column":77}},"loc":{"start":{"line":425,"column":85},"end":{"line":430,"column":5}},"line":425},"34":{"name":"(anonymous_34)","decl":{"start":{"line":452,"column":25},"end":{"line":452,"column":26}},"loc":{"start":{"line":452,"column":45},"end":{"line":498,"column":1}},"line":452},"35":{"name":"(anonymous_35)","decl":{"start":{"line":467,"column":49},"end":{"line":467,"column":50}},"loc":{"start":{"line":467,"column":58},"end":{"line":472,"column":5}},"line":467},"36":{"name":"(anonymous_36)","decl":{"start":{"line":475,"column":76},"end":{"line":475,"column":77}},"loc":{"start":{"line":475,"column":85},"end":{"line":480,"column":5}},"line":475}},"branchMap":{"0":{"loc":{"start":{"line":13,"column":8},"end":{"line":20,"column":9}},"type":"if","locations":[{"start":{"line":13,"column":8},"end":{"line":20,"column":9}},{"start":{"line":13,"column":8},"end":{"line":20,"column":9}}],"line":13},"1":{"loc":{"start":{"line":28,"column":8},"end":{"line":35,"column":9}},"type":"if","locations":[{"start":{"line":28,"column":8},"end":{"line":35,"column":9}},{"start":{"line":28,"column":8},"end":{"line":35,"column":9}}],"line":28},"2":{"loc":{"start":{"line":43,"column":8},"end":{"line":50,"column":9}},"type":"if","locations":[{"start":{"line":43,"column":8},"end":{"line":50,"column":9}},{"start":{"line":43,"column":8},"end":{"line":50,"column":9}}],"line":43},"3":{"loc":{"start":{"line":58,"column":8},"end":{"line":65,"column":9}},"type":"if","locations":[{"start":{"line":58,"column":8},"end":{"line":65,"column":9}},{"start":{"line":58,"column":8},"end":{"line":65,"column":9}}],"line":58},"4":{"loc":{"start":{"line":76,"column":4},"end":{"line":79,"column":5}},"type":"if","locations":[{"start":{"line":76,"column":4},"end":{"line":79,"column":5}},{"start":{"line":76,"column":4},"end":{"line":79,"column":5}}],"line":76},"5":{"loc":{"start":{"line":76,"column":8},"end":{"line":76,"column":40}},"type":"binary-expr","locations":[{"start":{"line":76,"column":8},"end":{"line":76,"column":13}},{"start":{"line":76,"column":17},"end":{"line":76,"column":40}}],"line":76},"6":{"loc":{"start":{"line":83,"column":8},"end":{"line":86,"column":9}},"type":"if","locations":[{"start":{"line":83,"column":8},"end":{"line":86,"column":9}},{"start":{"line":83,"column":8},"end":{"line":86,"column":9}}],"line":83},"7":{"loc":{"start":{"line":89,"column":4},"end":{"line":92,"column":5}},"type":"if","locations":[{"start":{"line":89,"column":4},"end":{"line":92,"column":5}},{"start":{"line":89,"column":4},"end":{"line":92,"column":5}}],"line":89},"8":{"loc":{"start":{"line":99,"column":12},"end":{"line":110,"column":13}},"type":"if","locations":[{"start":{"line":99,"column":12},"end":{"line":110,"column":13}},{"start":{"line":99,"column":12},"end":{"line":110,"column":13}}],"line":99},"9":{"loc":{"start":{"line":114,"column":12},"end":{"line":125,"column":13}},"type":"if","locations":[{"start":{"line":114,"column":12},"end":{"line":125,"column":13}},{"start":{"line":114,"column":12},"end":{"line":125,"column":13}}],"line":114},"10":{"loc":{"start":{"line":129,"column":12},"end":{"line":140,"column":13}},"type":"if","locations":[{"start":{"line":129,"column":12},"end":{"line":140,"column":13}},{"start":{"line":129,"column":12},"end":{"line":140,"column":13}}],"line":129},"11":{"loc":{"start":{"line":151,"column":4},"end":{"line":154,"column":5}},"type":"if","locations":[{"start":{"line":151,"column":4},"end":{"line":154,"column":5}},{"start":{"line":151,"column":4},"end":{"line":154,"column":5}}],"line":151},"12":{"loc":{"start":{"line":158,"column":8},"end":{"line":161,"column":9}},"type":"if","locations":[{"start":{"line":158,"column":8},"end":{"line":161,"column":9}},{"start":{"line":158,"column":8},"end":{"line":161,"column":9}}],"line":158},"13":{"loc":{"start":{"line":164,"column":4},"end":{"line":167,"column":5}},"type":"if","locations":[{"start":{"line":164,"column":4},"end":{"line":167,"column":5}},{"start":{"line":164,"column":4},"end":{"line":167,"column":5}}],"line":164},"14":{"loc":{"start":{"line":177,"column":4},"end":{"line":180,"column":5}},"type":"if","locations":[{"start":{"line":177,"column":4},"end":{"line":180,"column":5}},{"start":{"line":177,"column":4},"end":{"line":180,"column":5}}],"line":177},"15":{"loc":{"start":{"line":184,"column":8},"end":{"line":187,"column":9}},"type":"if","locations":[{"start":{"line":184,"column":8},"end":{"line":187,"column":9}},{"start":{"line":184,"column":8},"end":{"line":187,"column":9}}],"line":184},"16":{"loc":{"start":{"line":189,"column":4},"end":{"line":192,"column":5}},"type":"if","locations":[{"start":{"line":189,"column":4},"end":{"line":192,"column":5}},{"start":{"line":189,"column":4},"end":{"line":192,"column":5}}],"line":189},"17":{"loc":{"start":{"line":202,"column":4},"end":{"line":205,"column":5}},"type":"if","locations":[{"start":{"line":202,"column":4},"end":{"line":205,"column":5}},{"start":{"line":202,"column":4},"end":{"line":205,"column":5}}],"line":202},"18":{"loc":{"start":{"line":209,"column":8},"end":{"line":212,"column":9}},"type":"if","locations":[{"start":{"line":209,"column":8},"end":{"line":212,"column":9}},{"start":{"line":209,"column":8},"end":{"line":212,"column":9}}],"line":209},"19":{"loc":{"start":{"line":215,"column":4},"end":{"line":218,"column":5}},"type":"if","locations":[{"start":{"line":215,"column":4},"end":{"line":218,"column":5}},{"start":{"line":215,"column":4},"end":{"line":218,"column":5}}],"line":215},"20":{"loc":{"start":{"line":228,"column":4},"end":{"line":231,"column":5}},"type":"if","locations":[{"start":{"line":228,"column":4},"end":{"line":231,"column":5}},{"start":{"line":228,"column":4},"end":{"line":231,"column":5}}],"line":228},"21":{"loc":{"start":{"line":228,"column":8},"end":{"line":228,"column":40}},"type":"binary-expr","locations":[{"start":{"line":228,"column":8},"end":{"line":228,"column":13}},{"start":{"line":228,"column":17},"end":{"line":228,"column":40}}],"line":228},"22":{"loc":{"start":{"line":235,"column":8},"end":{"line":238,"column":9}},"type":"if","locations":[{"start":{"line":235,"column":8},"end":{"line":238,"column":9}},{"start":{"line":235,"column":8},"end":{"line":238,"column":9}}],"line":235},"23":{"loc":{"start":{"line":241,"column":4},"end":{"line":244,"column":5}},"type":"if","locations":[{"start":{"line":241,"column":4},"end":{"line":244,"column":5}},{"start":{"line":241,"column":4},"end":{"line":244,"column":5}}],"line":241},"24":{"loc":{"start":{"line":250,"column":8},"end":{"line":253,"column":9}},"type":"if","locations":[{"start":{"line":250,"column":8},"end":{"line":253,"column":9}},{"start":{"line":250,"column":8},"end":{"line":253,"column":9}}],"line":250},"25":{"loc":{"start":{"line":256,"column":4},"end":{"line":259,"column":5}},"type":"if","locations":[{"start":{"line":256,"column":4},"end":{"line":259,"column":5}},{"start":{"line":256,"column":4},"end":{"line":259,"column":5}}],"line":256},"26":{"loc":{"start":{"line":271,"column":4},"end":{"line":274,"column":5}},"type":"if","locations":[{"start":{"line":271,"column":4},"end":{"line":274,"column":5}},{"start":{"line":271,"column":4},"end":{"line":274,"column":5}}],"line":271},"27":{"loc":{"start":{"line":271,"column":8},"end":{"line":271,"column":40}},"type":"binary-expr","locations":[{"start":{"line":271,"column":8},"end":{"line":271,"column":13}},{"start":{"line":271,"column":17},"end":{"line":271,"column":40}}],"line":271},"28":{"loc":{"start":{"line":278,"column":8},"end":{"line":281,"column":9}},"type":"if","locations":[{"start":{"line":278,"column":8},"end":{"line":281,"column":9}},{"start":{"line":278,"column":8},"end":{"line":281,"column":9}}],"line":278},"29":{"loc":{"start":{"line":284,"column":4},"end":{"line":287,"column":5}},"type":"if","locations":[{"start":{"line":284,"column":4},"end":{"line":287,"column":5}},{"start":{"line":284,"column":4},"end":{"line":287,"column":5}}],"line":284},"30":{"loc":{"start":{"line":293,"column":8},"end":{"line":296,"column":9}},"type":"if","locations":[{"start":{"line":293,"column":8},"end":{"line":296,"column":9}},{"start":{"line":293,"column":8},"end":{"line":296,"column":9}}],"line":293},"31":{"loc":{"start":{"line":299,"column":4},"end":{"line":302,"column":5}},"type":"if","locations":[{"start":{"line":299,"column":4},"end":{"line":302,"column":5}},{"start":{"line":299,"column":4},"end":{"line":302,"column":5}}],"line":299},"32":{"loc":{"start":{"line":314,"column":4},"end":{"line":317,"column":5}},"type":"if","locations":[{"start":{"line":314,"column":4},"end":{"line":317,"column":5}},{"start":{"line":314,"column":4},"end":{"line":317,"column":5}}],"line":314},"33":{"loc":{"start":{"line":314,"column":8},"end":{"line":314,"column":40}},"type":"binary-expr","locations":[{"start":{"line":314,"column":8},"end":{"line":314,"column":13}},{"start":{"line":314,"column":17},"end":{"line":314,"column":40}}],"line":314},"34":{"loc":{"start":{"line":321,"column":8},"end":{"line":324,"column":9}},"type":"if","locations":[{"start":{"line":321,"column":8},"end":{"line":324,"column":9}},{"start":{"line":321,"column":8},"end":{"line":324,"column":9}}],"line":321},"35":{"loc":{"start":{"line":327,"column":4},"end":{"line":330,"column":5}},"type":"if","locations":[{"start":{"line":327,"column":4},"end":{"line":330,"column":5}},{"start":{"line":327,"column":4},"end":{"line":330,"column":5}}],"line":327},"36":{"loc":{"start":{"line":336,"column":8},"end":{"line":339,"column":9}},"type":"if","locations":[{"start":{"line":336,"column":8},"end":{"line":339,"column":9}},{"start":{"line":336,"column":8},"end":{"line":339,"column":9}}],"line":336},"37":{"loc":{"start":{"line":342,"column":4},"end":{"line":345,"column":5}},"type":"if","locations":[{"start":{"line":342,"column":4},"end":{"line":345,"column":5}},{"start":{"line":342,"column":4},"end":{"line":345,"column":5}}],"line":342},"38":{"loc":{"start":{"line":358,"column":4},"end":{"line":361,"column":5}},"type":"if","locations":[{"start":{"line":358,"column":4},"end":{"line":361,"column":5}},{"start":{"line":358,"column":4},"end":{"line":361,"column":5}}],"line":358},"39":{"loc":{"start":{"line":362,"column":4},"end":{"line":365,"column":5}},"type":"if","locations":[{"start":{"line":362,"column":4},"end":{"line":365,"column":5}},{"start":{"line":362,"column":4},"end":{"line":365,"column":5}}],"line":362},"40":{"loc":{"start":{"line":362,"column":8},"end":{"line":362,"column":40}},"type":"binary-expr","locations":[{"start":{"line":362,"column":8},"end":{"line":362,"column":13}},{"start":{"line":362,"column":17},"end":{"line":362,"column":40}}],"line":362},"41":{"loc":{"start":{"line":369,"column":8},"end":{"line":372,"column":9}},"type":"if","locations":[{"start":{"line":369,"column":8},"end":{"line":372,"column":9}},{"start":{"line":369,"column":8},"end":{"line":372,"column":9}}],"line":369},"42":{"loc":{"start":{"line":377,"column":8},"end":{"line":380,"column":9}},"type":"if","locations":[{"start":{"line":377,"column":8},"end":{"line":380,"column":9}},{"start":{"line":377,"column":8},"end":{"line":380,"column":9}}],"line":377},"43":{"loc":{"start":{"line":383,"column":4},"end":{"line":386,"column":5}},"type":"if","locations":[{"start":{"line":383,"column":4},"end":{"line":386,"column":5}},{"start":{"line":383,"column":4},"end":{"line":386,"column":5}}],"line":383},"44":{"loc":{"start":{"line":388,"column":4},"end":{"line":391,"column":5}},"type":"if","locations":[{"start":{"line":388,"column":4},"end":{"line":391,"column":5}},{"start":{"line":388,"column":4},"end":{"line":391,"column":5}}],"line":388},"45":{"loc":{"start":{"line":393,"column":4},"end":{"line":396,"column":5}},"type":"if","locations":[{"start":{"line":393,"column":4},"end":{"line":396,"column":5}},{"start":{"line":393,"column":4},"end":{"line":396,"column":5}}],"line":393},"46":{"loc":{"start":{"line":407,"column":4},"end":{"line":410,"column":5}},"type":"if","locations":[{"start":{"line":407,"column":4},"end":{"line":410,"column":5}},{"start":{"line":407,"column":4},"end":{"line":410,"column":5}}],"line":407},"47":{"loc":{"start":{"line":411,"column":4},"end":{"line":414,"column":5}},"type":"if","locations":[{"start":{"line":411,"column":4},"end":{"line":414,"column":5}},{"start":{"line":411,"column":4},"end":{"line":414,"column":5}}],"line":411},"48":{"loc":{"start":{"line":411,"column":8},"end":{"line":411,"column":40}},"type":"binary-expr","locations":[{"start":{"line":411,"column":8},"end":{"line":411,"column":13}},{"start":{"line":411,"column":17},"end":{"line":411,"column":40}}],"line":411},"49":{"loc":{"start":{"line":418,"column":8},"end":{"line":421,"column":9}},"type":"if","locations":[{"start":{"line":418,"column":8},"end":{"line":421,"column":9}},{"start":{"line":418,"column":8},"end":{"line":421,"column":9}}],"line":418},"50":{"loc":{"start":{"line":426,"column":8},"end":{"line":429,"column":9}},"type":"if","locations":[{"start":{"line":426,"column":8},"end":{"line":429,"column":9}},{"start":{"line":426,"column":8},"end":{"line":429,"column":9}}],"line":426},"51":{"loc":{"start":{"line":432,"column":4},"end":{"line":435,"column":5}},"type":"if","locations":[{"start":{"line":432,"column":4},"end":{"line":435,"column":5}},{"start":{"line":432,"column":4},"end":{"line":435,"column":5}}],"line":432},"52":{"loc":{"start":{"line":437,"column":4},"end":{"line":440,"column":5}},"type":"if","locations":[{"start":{"line":437,"column":4},"end":{"line":440,"column":5}},{"start":{"line":437,"column":4},"end":{"line":440,"column":5}}],"line":437},"53":{"loc":{"start":{"line":442,"column":4},"end":{"line":445,"column":5}},"type":"if","locations":[{"start":{"line":442,"column":4},"end":{"line":445,"column":5}},{"start":{"line":442,"column":4},"end":{"line":445,"column":5}}],"line":442},"54":{"loc":{"start":{"line":457,"column":4},"end":{"line":460,"column":5}},"type":"if","locations":[{"start":{"line":457,"column":4},"end":{"line":460,"column":5}},{"start":{"line":457,"column":4},"end":{"line":460,"column":5}}],"line":457},"55":{"loc":{"start":{"line":461,"column":4},"end":{"line":464,"column":5}},"type":"if","locations":[{"start":{"line":461,"column":4},"end":{"line":464,"column":5}},{"start":{"line":461,"column":4},"end":{"line":464,"column":5}}],"line":461},"56":{"loc":{"start":{"line":461,"column":8},"end":{"line":461,"column":40}},"type":"binary-expr","locations":[{"start":{"line":461,"column":8},"end":{"line":461,"column":13}},{"start":{"line":461,"column":17},"end":{"line":461,"column":40}}],"line":461},"57":{"loc":{"start":{"line":468,"column":8},"end":{"line":471,"column":9}},"type":"if","locations":[{"start":{"line":468,"column":8},"end":{"line":471,"column":9}},{"start":{"line":468,"column":8},"end":{"line":471,"column":9}}],"line":468},"58":{"loc":{"start":{"line":476,"column":8},"end":{"line":479,"column":9}},"type":"if","locations":[{"start":{"line":476,"column":8},"end":{"line":479,"column":9}},{"start":{"line":476,"column":8},"end":{"line":479,"column":9}}],"line":476},"59":{"loc":{"start":{"line":482,"column":4},"end":{"line":485,"column":5}},"type":"if","locations":[{"start":{"line":482,"column":4},"end":{"line":485,"column":5}},{"start":{"line":482,"column":4},"end":{"line":485,"column":5}}],"line":482},"60":{"loc":{"start":{"line":487,"column":4},"end":{"line":490,"column":5}},"type":"if","locations":[{"start":{"line":487,"column":4},"end":{"line":490,"column":5}},{"start":{"line":487,"column":4},"end":{"line":490,"column":5}}],"line":487},"61":{"loc":{"start":{"line":492,"column":4},"end":{"line":495,"column":5}},"type":"if","locations":[{"start":{"line":492,"column":4},"end":{"line":495,"column":5}},{"start":{"line":492,"column":4},"end":{"line":495,"column":5}}],"line":492}},"s":{"0":1,"1":1,"2":1,"3":1,"4":1,"5":1,"6":1,"7":1,"8":0,"9":1,"10":1,"11":1,"12":4,"13":1,"14":1,"15":0,"16":0,"17":0,"18":0,"19":0,"20":0,"21":0,"22":0,"23":1,"24":0,"25":0,"26":0,"27":0,"28":0,"29":0,"30":0,"31":0,"32":1,"33":0,"34":0,"35":0,"36":0,"37":0,"38":0,"39":0,"40":0,"41":1,"42":0,"43":0,"44":0,"45":0,"46":0,"47":0,"48":0,"49":0,"50":0,"51":0,"52":0,"53":0,"54":0,"55":0,"56":0,"57":0,"58":0,"59":0,"60":0,"61":0,"62":0,"63":0,"64":0,"65":0,"66":0,"67":0,"68":0,"69":0,"70":0,"71":0,"72":0,"73":0,"74":0,"75":0,"76":0,"77":0,"78":0,"79":0,"80":0,"81":0,"82":0,"83":1,"84":0,"85":0,"86":0,"87":0,"88":0,"89":0,"90":0,"91":0,"92":0,"93":0,"94":0,"95":0,"96":1,"97":0,"98":0,"99":0,"100":0,"101":0,"102":0,"103":0,"104":0,"105":0,"106":0,"107":0,"108":0,"109":1,"110":0,"111":0,"112":0,"113":0,"114":0,"115":0,"116":0,"117":0,"118":0,"119":0,"120":0,"121":0,"122":1,"123":0,"124":0,"125":0,"126":0,"127":0,"128":0,"129":0,"130":0,"131":0,"132":0,"133":0,"134":0,"135":0,"136":0,"137":0,"138":0,"139":0,"140":0,"141":0,"142":0,"143":0,"144":0,"145":1,"146":0,"147":0,"148":0,"149":0,"150":0,"151":0,"152":0,"153":0,"154":0,"155":0,"156":0,"157":0,"158":0,"159":0,"160":0,"161":0,"162":0,"163":0,"164":0,"165":0,"166":0,"167":0,"168":1,"169":0,"170":0,"171":0,"172":0,"173":0,"174":0,"175":0,"176":0,"177":0,"178":0,"179":0,"180":0,"181":0,"182":0,"183":0,"184":0,"185":0,"186":0,"187":0,"188":0,"189":0,"190":0,"191":1,"192":0,"193":0,"194":0,"195":0,"196":0,"197":0,"198":0,"199":0,"200":0,"201":0,"202":0,"203":0,"204":0,"205":0,"206":0,"207":0,"208":0,"209":0,"210":0,"211":0,"212":0,"213":0,"214":0,"215":0,"216":0,"217":0,"218":1,"219":0,"220":0,"221":0,"222":0,"223":0,"224":0,"225":0,"226":0,"227":0,"228":0,"229":0,"230":0,"231":0,"232":0,"233":0,"234":0,"235":0,"236":0,"237":0,"238":0,"239":0,"240":0,"241":0,"242":0,"243":0,"244":0,"245":1,"246":0,"247":0,"248":0,"249":0,"250":0,"251":0,"252":0,"253":0,"254":0,"255":0,"256":0,"257":0,"258":0,"259":0,"260":0,"261":0,"262":0,"263":0,"264":0,"265":0,"266":0,"267":0,"268":0,"269":0,"270":0,"271":0,"272":1},"f":{"0":1,"1":1,"2":0,"3":0,"4":0,"5":0,"6":0,"7":0,"8":0,"9":0,"10":0,"11":0,"12":0,"13":0,"14":0,"15":0,"16":0,"17":0,"18":0,"19":0,"20":0,"21":0,"22":0,"23":0,"24":0,"25":0,"26":0,"27":0,"28":0,"29":0,"30":0,"31":0,"32":0,"33":0,"34":0,"35":0,"36":0},"b":{"0":[0,1],"1":[0,0],"2":[0,0],"3":[0,0],"4":[0,0],"5":[0,0],"6":[0,0],"7":[0,0],"8":[0,0],"9":[0,0],"10":[0,0],"11":[0,0],"12":[0,0],"13":[0,0],"14":[0,0],"15":[0,0],"16":[0,0],"17":[0,0],"18":[0,0],"19":[0,0],"20":[0,0],"21":[0,0],"22":[0,0],"23":[0,0],"24":[0,0],"25":[0,0],"26":[0,0],"27":[0,0],"28":[0,0],"29":[0,0],"30":[0,0],"31":[0,0],"32":[0,0],"33":[0,0],"34":[0,0],"35":[0,0],"36":[0,0],"37":[0,0],"38":[0,0],"39":[0,0],"40":[0,0],"41":[0,0],"42":[0,0],"43":[0,0],"44":[0,0],"45":[0,0],"46":[0,0],"47":[0,0],"48":[0,0],"49":[0,0],"50":[0,0],"51":[0,0],"52":[0,0],"53":[0,0],"54":[0,0],"55":[0,0],"56":[0,0],"57":[0,0],"58":[0,0],"59":[0,0],"60":[0,0],"61":[0,0]},"_coverageSchema":"1a1c01bbd47fc00a2c39e90264f33305004495a9","hash":"ec8145582ffc103028e0122552eb065ec8f03594"}
,"C:\\Users\\david\\Desktop\\Uni\\Ingegneria del Software 2\\Progetto\\SEII-Project\\models\\album.js": {"path":"C:\\Users\\david\\Desktop\\Uni\\Ingegneria del Software 2\\Progetto\\SEII-Project\\models\\album.js","statementMap":{"0":{"start":{"line":1,"column":17},"end":{"line":1,"column":36}},"1":{"start":{"line":3,"column":20},"end":{"line":39,"column":2}},"2":{"start":{"line":41,"column":0},"end":{"line":41,"column":54}}},"fnMap":{},"branchMap":{},"s":{"0":1,"1":1,"2":1},"f":{},"b":{},"_coverageSchema":"1a1c01bbd47fc00a2c39e90264f33305004495a9","hash":"25deb209d6b83b95497faa5e790230fd6ec83d32"}
,"C:\\Users\\david\\Desktop\\Uni\\Ingegneria del Software 2\\Progetto\\SEII-Project\\models\\event.js": {"path":"C:\\Users\\david\\Desktop\\Uni\\Ingegneria del Software 2\\Progetto\\SEII-Project\\models\\event.js","statementMap":{"0":{"start":{"line":1,"column":15},"end":{"line":1,"column":34}},"1":{"start":{"line":2,"column":13},"end":{"line":2,"column":28}},"2":{"start":{"line":4,"column":20},"end":{"line":40,"column":26}},"3":{"start":{"line":42,"column":0},"end":{"line":42,"column":54}}},"fnMap":{},"branchMap":{},"s":{"0":1,"1":1,"2":1,"3":1},"f":{},"b":{},"_coverageSchema":"1a1c01bbd47fc00a2c39e90264f33305004495a9","hash":"87510fe48cfaa4bf5bb26e27a1f38758cfa351eb"}
,"C:\\Users\\david\\Desktop\\Uni\\Ingegneria del Software 2\\Progetto\\SEII-Project\\models\\product.js": {"path":"C:\\Users\\david\\Desktop\\Uni\\Ingegneria del Software 2\\Progetto\\SEII-Project\\models\\product.js","statementMap":{"0":{"start":{"line":1,"column":17},"end":{"line":1,"column":36}},"1":{"start":{"line":3,"column":22},"end":{"line":34,"column":2}},"2":{"start":{"line":36,"column":0},"end":{"line":36,"column":58}}},"fnMap":{},"branchMap":{},"s":{"0":1,"1":1,"2":1},"f":{},"b":{},"_coverageSchema":"1a1c01bbd47fc00a2c39e90264f33305004495a9","hash":"5d3e7cb1c2c239fb2a45ca70c47e7e9e8eb8f8b0"}
,"C:\\Users\\david\\Desktop\\Uni\\Ingegneria del Software 2\\Progetto\\SEII-Project\\models\\user.js": {"path":"C:\\Users\\david\\Desktop\\Uni\\Ingegneria del Software 2\\Progetto\\SEII-Project\\models\\user.js","statementMap":{"0":{"start":{"line":1,"column":17},"end":{"line":1,"column":36}},"1":{"start":{"line":2,"column":15},"end":{"line":2,"column":32}},"2":{"start":{"line":4,"column":15},"end":{"line":4,"column":30}},"3":{"start":{"line":5,"column":19},"end":{"line":5,"column":21}},"4":{"start":{"line":7,"column":19},"end":{"line":33,"column":27}},"5":{"start":{"line":37,"column":0},"end":{"line":52,"column":3}},"6":{"start":{"line":38,"column":15},"end":{"line":38,"column":19}},"7":{"start":{"line":39,"column":2},"end":{"line":51,"column":3}},"8":{"start":{"line":40,"column":4},"end":{"line":40,"column":11}},"9":{"start":{"line":42,"column":4},"end":{"line":50,"column":7}},"10":{"start":{"line":43,"column":6},"end":{"line":49,"column":7}},"11":{"start":{"line":44,"column":8},"end":{"line":44,"column":66}},"12":{"start":{"line":45,"column":8},"end":{"line":45,"column":18}},"13":{"start":{"line":47,"column":8},"end":{"line":47,"column":29}},"14":{"start":{"line":48,"column":8},"end":{"line":48,"column":15}},"15":{"start":{"line":55,"column":0},"end":{"line":55,"column":52}}},"fnMap":{"0":{"name":"(anonymous_0)","decl":{"start":{"line":37,"column":23},"end":{"line":37,"column":24}},"loc":{"start":{"line":37,"column":38},"end":{"line":52,"column":1}},"line":37},"1":{"name":"(anonymous_1)","decl":{"start":{"line":42,"column":44},"end":{"line":42,"column":45}},"loc":{"start":{"line":42,"column":64},"end":{"line":50,"column":5}},"line":42}},"branchMap":{"0":{"loc":{"start":{"line":39,"column":2},"end":{"line":51,"column":3}},"type":"if","locations":[{"start":{"line":39,"column":2},"end":{"line":51,"column":3}},{"start":{"line":39,"column":2},"end":{"line":51,"column":3}}],"line":39},"1":{"loc":{"start":{"line":39,"column":5},"end":{"line":39,"column":36}},"type":"binary-expr","locations":[{"start":{"line":39,"column":5},"end":{"line":39,"column":21}},{"start":{"line":39,"column":25},"end":{"line":39,"column":36}}],"line":39},"2":{"loc":{"start":{"line":43,"column":6},"end":{"line":49,"column":7}},"type":"if","locations":[{"start":{"line":43,"column":6},"end":{"line":49,"column":7}},{"start":{"line":43,"column":6},"end":{"line":49,"column":7}}],"line":43}},"s":{"0":1,"1":1,"2":1,"3":1,"4":1,"5":1,"6":0,"7":0,"8":0,"9":0,"10":0,"11":0,"12":0,"13":0,"14":0,"15":1},"f":{"0":0,"1":0},"b":{"0":[0,0],"1":[0,0],"2":[0,0]},"_coverageSchema":"1a1c01bbd47fc00a2c39e90264f33305004495a9","hash":"faa543f979e3f6bf152faa68b094ad31b8256ed0"}
}
