TN:
SF:index.js
FN:32,(anonymous_0)
FN:45,(anonymous_1)
FN:89,(anonymous_2)
FN:90,(anonymous_3)
FN:97,(anonymous_4)
FN:98,(anonymous_5)
FN:109,(anonymous_6)
FN:110,(anonymous_7)
FN:116,(anonymous_8)
FN:117,(anonymous_9)
FN:123,(anonymous_10)
FN:124,(anonymous_11)
FN:130,(anonymous_12)
FN:131,(anonymous_13)
FN:137,(anonymous_14)
FN:138,(anonymous_15)
FN:144,(anonymous_16)
FN:145,(anonymous_17)
FN:151,(anonymous_18)
FN:152,(anonymous_19)
FN:158,(anonymous_20)
FN:159,(anonymous_21)
FN:165,(anonymous_22)
FN:166,(anonymous_23)
FN:172,(anonymous_24)
FN:173,(anonymous_25)
FN:179,(anonymous_26)
FN:180,(anonymous_27)
FN:186,(anonymous_28)
FN:187,(anonymous_29)
FN:197,(anonymous_30)
FN:200,(anonymous_31)
FN:203,(anonymous_32)
FN:206,(anonymous_33)
FN:209,(anonymous_34)
FN:212,(anonymous_35)
FN:215,(anonymous_36)
FN:218,(anonymous_37)
FN:221,(anonymous_38)
FN:225,(anonymous_39)
FN:229,(anonymous_40)
FN:233,(anonymous_41)
FN:300,(anonymous_42)
FN:306,(anonymous_43)
FNF:44
FNH:1
FNDA:0,(anonymous_0)
FNDA:10,(anonymous_1)
FNDA:0,(anonymous_2)
FNDA:0,(anonymous_3)
FNDA:0,(anonymous_4)
FNDA:0,(anonymous_5)
FNDA:0,(anonymous_6)
FNDA:0,(anonymous_7)
FNDA:0,(anonymous_8)
FNDA:0,(anonymous_9)
FNDA:0,(anonymous_10)
FNDA:0,(anonymous_11)
FNDA:0,(anonymous_12)
FNDA:0,(anonymous_13)
FNDA:0,(anonymous_14)
FNDA:0,(anonymous_15)
FNDA:0,(anonymous_16)
FNDA:0,(anonymous_17)
FNDA:0,(anonymous_18)
FNDA:0,(anonymous_19)
FNDA:0,(anonymous_20)
FNDA:0,(anonymous_21)
FNDA:0,(anonymous_22)
FNDA:0,(anonymous_23)
FNDA:0,(anonymous_24)
FNDA:0,(anonymous_25)
FNDA:0,(anonymous_26)
FNDA:0,(anonymous_27)
FNDA:0,(anonymous_28)
FNDA:0,(anonymous_29)
FNDA:0,(anonymous_30)
FNDA:0,(anonymous_31)
FNDA:0,(anonymous_32)
FNDA:0,(anonymous_33)
FNDA:0,(anonymous_34)
FNDA:0,(anonymous_35)
FNDA:0,(anonymous_36)
FNDA:0,(anonymous_37)
FNDA:0,(anonymous_38)
FNDA:0,(anonymous_39)
FNDA:0,(anonymous_40)
FNDA:0,(anonymous_41)
FNDA:0,(anonymous_42)
FNDA:0,(anonymous_43)
DA:1,13
DA:2,13
DA:3,13
DA:4,13
DA:6,13
DA:9,13
DA:10,13
DA:12,13
DA:13,13
DA:17,13
DA:20,13
DA:21,13
DA:22,13
DA:23,13
DA:24,13
DA:25,13
DA:26,13
DA:27,13
DA:29,13
DA:32,13
DA:33,0
DA:39,13
DA:46,10
DA:64,13
DA:66,13
DA:68,13
DA:70,13
DA:73,13
DA:74,13
DA:75,13
DA:76,13
DA:77,13
DA:80,13
DA:81,13
DA:82,13
DA:84,13
DA:85,13
DA:86,13
DA:89,13
DA:90,0
DA:91,0
DA:92,0
DA:97,13
DA:98,0
DA:99,0
DA:100,0
DA:101,0
DA:109,13
DA:110,0
DA:111,0
DA:112,0
DA:116,13
DA:117,0
DA:118,0
DA:119,0
DA:123,13
DA:124,0
DA:125,0
DA:126,0
DA:130,13
DA:131,0
DA:132,0
DA:133,0
DA:137,13
DA:138,0
DA:139,0
DA:140,0
DA:144,13
DA:145,0
DA:146,0
DA:147,0
DA:151,13
DA:152,0
DA:153,0
DA:154,0
DA:158,13
DA:159,0
DA:160,0
DA:161,0
DA:165,13
DA:166,0
DA:167,0
DA:168,0
DA:172,13
DA:173,0
DA:174,0
DA:175,0
DA:179,13
DA:180,0
DA:181,0
DA:182,0
DA:186,13
DA:187,0
DA:188,0
DA:189,0
DA:195,13
DA:197,13
DA:198,0
DA:200,13
DA:201,0
DA:203,13
DA:204,0
DA:206,13
DA:207,0
DA:209,13
DA:210,0
DA:212,13
DA:213,0
DA:215,13
DA:216,0
DA:218,13
DA:219,0
DA:221,13
DA:222,0
DA:225,13
DA:226,0
DA:229,13
DA:230,0
DA:233,13
DA:234,0
DA:239,13
DA:240,13
DA:242,13
DA:243,13
DA:244,13
DA:245,13
DA:246,13
DA:247,13
DA:248,13
DA:249,13
DA:250,13
DA:251,13
DA:252,13
DA:253,13
DA:254,13
DA:255,13
DA:258,13
DA:259,13
DA:262,13
DA:263,13
DA:264,13
DA:268,13
DA:269,13
DA:271,13
DA:272,13
DA:273,13
DA:274,13
DA:277,13
DA:278,13
DA:280,13
DA:281,13
DA:282,13
DA:283,13
DA:286,13
DA:288,13
DA:289,13
DA:290,13
DA:291,13
DA:294,13
DA:295,13
DA:296,13
DA:297,13
DA:300,13
DA:301,0
DA:302,0
DA:303,0
DA:306,13
DA:307,0
DA:308,0
DA:313,13
LF:170
LH:109
BRDA:92,0,0,0
BRDA:92,0,1,0
BRDA:101,1,0,0
BRDA:101,1,1,0
BRDA:112,2,0,0
BRDA:112,2,1,0
BRDA:119,3,0,0
BRDA:119,3,1,0
BRDA:126,4,0,0
BRDA:126,4,1,0
BRDA:133,5,0,0
BRDA:133,5,1,0
BRDA:140,6,0,0
BRDA:140,6,1,0
BRDA:147,7,0,0
BRDA:147,7,1,0
BRDA:154,8,0,0
BRDA:154,8,1,0
BRDA:161,9,0,0
BRDA:161,9,1,0
BRDA:168,10,0,0
BRDA:168,10,1,0
BRDA:175,11,0,0
BRDA:175,11,1,0
BRDA:182,12,0,0
BRDA:182,12,1,0
BRDA:189,13,0,0
BRDA:189,13,1,0
BRDA:307,14,0,0
BRDA:307,14,1,0
BRF:30
BRH:0
end_of_record
TN:
SF:api\events.js
FN:8,checkDate
FN:17,toDate
FN:33,(anonymous_2)
FN:51,(anonymous_3)
FN:86,(anonymous_4)
FN:124,(anonymous_5)
FN:154,(anonymous_6)
FN:166,(anonymous_7)
FN:184,(anonymous_8)
FN:211,(anonymous_9)
FN:227,(anonymous_10)
FN:240,(anonymous_11)
FN:258,(anonymous_12)
FN:285,(anonymous_13)
FN:335,(anonymous_14)
FN:367,(anonymous_15)
FN:376,(anonymous_16)
FN:385,(anonymous_17)
FN:394,(anonymous_18)
FN:403,(anonymous_19)
FNF:20
FNH:0
FNDA:0,checkDate
FNDA:0,toDate
FNDA:0,(anonymous_2)
FNDA:0,(anonymous_3)
FNDA:0,(anonymous_4)
FNDA:0,(anonymous_5)
FNDA:0,(anonymous_6)
FNDA:0,(anonymous_7)
FNDA:0,(anonymous_8)
FNDA:0,(anonymous_9)
FNDA:0,(anonymous_10)
FNDA:0,(anonymous_11)
FNDA:0,(anonymous_12)
FNDA:0,(anonymous_13)
FNDA:0,(anonymous_14)
FNDA:0,(anonymous_15)
FNDA:0,(anonymous_16)
FNDA:0,(anonymous_17)
FNDA:0,(anonymous_18)
FNDA:0,(anonymous_19)
DA:1,13
DA:2,13
DA:3,13
DA:9,0
DA:11,0
DA:19,0
DA:20,0
DA:22,0
DA:23,0
DA:26,0
DA:33,13
DA:36,0
DA:37,0
DA:38,0
DA:42,0
DA:45,0
DA:46,0
DA:47,0
DA:51,0
DA:52,0
DA:53,0
DA:54,0
DA:58,0
DA:59,0
DA:60,0
DA:64,0
DA:65,0
DA:66,0
DA:69,0
DA:80,0
DA:81,0
DA:82,0
DA:86,0
DA:87,0
DA:88,0
DA:89,0
DA:91,0
DA:93,0
DA:96,0
DA:97,0
DA:98,0
DA:101,0
DA:102,0
DA:103,0
DA:106,0
DA:107,0
DA:108,0
DA:111,0
DA:112,0
DA:113,0
DA:115,0
DA:118,0
DA:119,0
DA:120,0
DA:124,0
DA:125,0
DA:126,0
DA:127,0
DA:131,0
DA:132,0
DA:133,0
DA:136,0
DA:137,0
DA:138,0
DA:141,0
DA:142,0
DA:143,0
DA:146,0
DA:147,0
DA:148,0
DA:153,0
DA:154,0
DA:155,0
DA:156,0
DA:158,0
DA:166,13
DA:169,0
DA:170,0
DA:171,0
DA:175,0
DA:178,0
DA:179,0
DA:180,0
DA:184,0
DA:185,0
DA:186,0
DA:187,0
DA:191,0
DA:192,0
DA:193,0
DA:197,0
DA:198,0
DA:199,0
DA:202,0
DA:205,0
DA:206,0
DA:207,0
DA:211,0
DA:212,0
DA:213,0
DA:214,0
DA:216,0
DA:218,0
DA:221,0
DA:222,0
DA:223,0
DA:227,0
DA:228,0
DA:229,0
DA:231,0
DA:240,13
DA:243,0
DA:244,0
DA:245,0
DA:249,0
DA:252,0
DA:253,0
DA:254,0
DA:258,0
DA:259,0
DA:260,0
DA:261,0
DA:265,0
DA:266,0
DA:267,0
DA:271,0
DA:272,0
DA:273,0
DA:276,0
DA:279,0
DA:280,0
DA:281,0
DA:285,0
DA:286,0
DA:287,0
DA:288,0
DA:290,0
DA:292,0
DA:295,0
DA:296,0
DA:297,0
DA:301,0
DA:310,0
DA:311,0
DA:312,0
DA:315,0
DA:316,0
DA:317,0
DA:320,0
DA:321,0
DA:322,0
DA:325,0
DA:326,0
DA:329,0
DA:330,0
DA:331,0
DA:335,0
DA:336,0
DA:337,0
DA:338,0
DA:341,0
DA:342,0
DA:343,0
DA:347,0
DA:348,0
DA:349,0
DA:352,0
DA:353,0
DA:354,0
DA:357,0
DA:358,0
DA:359,0
DA:360,0
DA:361,0
DA:366,0
DA:367,0
DA:368,0
DA:369,0
DA:370,0
DA:375,0
DA:376,0
DA:377,0
DA:378,0
DA:379,0
DA:384,0
DA:385,0
DA:386,0
DA:387,0
DA:388,0
DA:393,0
DA:394,0
DA:395,0
DA:396,0
DA:397,0
DA:402,0
DA:403,0
DA:404,0
DA:405,0
DA:406,0
DA:411,0
DA:414,13
LF:201
LH:7
BRDA:36,0,0,0
BRDA:36,0,1,0
BRDA:45,1,0,0
BRDA:45,1,1,0
BRDA:52,2,0,0
BRDA:52,2,1,0
BRDA:58,3,0,0
BRDA:58,3,1,0
BRDA:64,4,0,0
BRDA:64,4,1,0
BRDA:80,5,0,0
BRDA:80,5,1,0
BRDA:80,6,0,0
BRDA:80,6,1,0
BRDA:87,7,0,0
BRDA:87,7,1,0
BRDA:88,8,0,0
BRDA:88,8,1,0
BRDA:96,9,0,0
BRDA:96,9,1,0
BRDA:101,10,0,0
BRDA:101,10,1,0
BRDA:101,11,0,0
BRDA:101,11,1,0
BRDA:106,12,0,0
BRDA:106,12,1,0
BRDA:106,13,0,0
BRDA:106,13,1,0
BRDA:111,14,0,0
BRDA:111,14,1,0
BRDA:118,15,0,0
BRDA:118,15,1,0
BRDA:125,16,0,0
BRDA:125,16,1,0
BRDA:131,17,0,0
BRDA:131,17,1,0
BRDA:136,18,0,0
BRDA:136,18,1,0
BRDA:136,19,0,0
BRDA:136,19,1,0
BRDA:141,20,0,0
BRDA:141,20,1,0
BRDA:141,21,0,0
BRDA:141,21,1,0
BRDA:146,22,0,0
BRDA:146,22,1,0
BRDA:146,23,0,0
BRDA:146,23,1,0
BRDA:155,24,0,0
BRDA:155,24,1,0
BRDA:169,25,0,0
BRDA:169,25,1,0
BRDA:178,26,0,0
BRDA:178,26,1,0
BRDA:185,27,0,0
BRDA:185,27,1,0
BRDA:191,28,0,0
BRDA:191,28,1,0
BRDA:197,29,0,0
BRDA:197,29,1,0
BRDA:205,30,0,0
BRDA:205,30,1,0
BRDA:205,31,0,0
BRDA:205,31,1,0
BRDA:212,32,0,0
BRDA:212,32,1,0
BRDA:213,33,0,0
BRDA:213,33,1,0
BRDA:221,34,0,0
BRDA:221,34,1,0
BRDA:228,35,0,0
BRDA:228,35,1,0
BRDA:243,36,0,0
BRDA:243,36,1,0
BRDA:252,37,0,0
BRDA:252,37,1,0
BRDA:259,38,0,0
BRDA:259,38,1,0
BRDA:265,39,0,0
BRDA:265,39,1,0
BRDA:271,40,0,0
BRDA:271,40,1,0
BRDA:279,41,0,0
BRDA:279,41,1,0
BRDA:279,42,0,0
BRDA:279,42,1,0
BRDA:286,43,0,0
BRDA:286,43,1,0
BRDA:287,44,0,0
BRDA:287,44,1,0
BRDA:295,45,0,0
BRDA:295,45,1,0
BRDA:310,46,0,0
BRDA:310,46,1,0
BRDA:310,47,0,0
BRDA:310,47,1,0
BRDA:310,47,2,0
BRDA:315,48,0,0
BRDA:315,48,1,0
BRDA:315,49,0,0
BRDA:315,49,1,0
BRDA:315,49,2,0
BRDA:320,50,0,0
BRDA:320,50,1,0
BRDA:320,51,0,0
BRDA:320,51,1,0
BRDA:325,52,0,0
BRDA:325,52,1,0
BRDA:329,53,0,0
BRDA:329,53,1,0
BRDA:336,54,0,0
BRDA:336,54,1,0
BRDA:341,55,0,0
BRDA:341,55,1,0
BRDA:347,56,0,0
BRDA:347,56,1,0
BRDA:347,57,0,0
BRDA:347,57,1,0
BRDA:347,57,2,0
BRDA:352,58,0,0
BRDA:352,58,1,0
BRDA:352,59,0,0
BRDA:352,59,1,0
BRDA:352,59,2,0
BRDA:357,60,0,0
BRDA:357,60,1,0
BRDA:359,61,0,0
BRDA:359,61,1,0
BRDA:359,62,0,0
BRDA:359,62,1,0
BRDA:366,63,0,0
BRDA:366,63,1,0
BRDA:368,64,0,0
BRDA:368,64,1,0
BRDA:375,65,0,0
BRDA:375,65,1,0
BRDA:377,66,0,0
BRDA:377,66,1,0
BRDA:384,67,0,0
BRDA:384,67,1,0
BRDA:386,68,0,0
BRDA:386,68,1,0
BRDA:393,69,0,0
BRDA:393,69,1,0
BRDA:395,70,0,0
BRDA:395,70,1,0
BRDA:402,71,0,0
BRDA:402,71,1,0
BRDA:404,72,0,0
BRDA:404,72,1,0
BRF:150
BRH:0
end_of_record
TN:
SF:api\follow.js
FN:3,(anonymous_0)
FN:13,(anonymous_1)
FN:25,(anonymous_2)
FN:37,(anonymous_3)
FN:53,(anonymous_4)
FN:70,(anonymous_5)
FN:82,(anonymous_6)
FN:94,(anonymous_7)
FN:106,(anonymous_8)
FN:119,(anonymous_9)
FN:131,(anonymous_10)
FN:143,(anonymous_11)
FN:155,(anonymous_12)
FN:167,(anonymous_13)
FNF:14
FNH:0
FNDA:0,(anonymous_0)
FNDA:0,(anonymous_1)
FNDA:0,(anonymous_2)
FNDA:0,(anonymous_3)
FNDA:0,(anonymous_4)
FNDA:0,(anonymous_5)
FNDA:0,(anonymous_6)
FNDA:0,(anonymous_7)
FNDA:0,(anonymous_8)
FNDA:0,(anonymous_9)
FNDA:0,(anonymous_10)
FNDA:0,(anonymous_11)
FNDA:0,(anonymous_12)
FNDA:0,(anonymous_13)
DA:1,13
DA:3,13
DA:5,0
DA:6,0
DA:7,0
DA:10,0
DA:11,0
DA:13,0
DA:14,0
DA:15,0
DA:16,0
DA:17,0
DA:20,0
DA:21,0
DA:22,0
DA:25,0
DA:26,0
DA:27,0
DA:28,0
DA:29,0
DA:32,0
DA:33,0
DA:34,0
DA:37,0
DA:38,0
DA:39,0
DA:40,0
DA:41,0
DA:44,0
DA:45,0
DA:46,0
DA:48,0
DA:49,0
DA:53,13
DA:57,0
DA:58,0
DA:59,0
DA:62,0
DA:63,0
DA:65,0
DA:66,0
DA:67,0
DA:70,0
DA:71,0
DA:72,0
DA:73,0
DA:74,0
DA:77,0
DA:78,0
DA:79,0
DA:82,0
DA:83,0
DA:84,0
DA:85,0
DA:86,0
DA:89,0
DA:90,0
DA:91,0
DA:94,0
DA:95,0
DA:96,0
DA:97,0
DA:98,0
DA:101,0
DA:102,0
DA:103,0
DA:106,0
DA:107,0
DA:108,0
DA:109,0
DA:110,0
DA:112,0
DA:113,0
DA:119,13
DA:123,0
DA:124,0
DA:125,0
DA:128,0
DA:129,0
DA:131,0
DA:132,0
DA:133,0
DA:134,0
DA:135,0
DA:138,0
DA:139,0
DA:140,0
DA:143,0
DA:144,0
DA:145,0
DA:146,0
DA:147,0
DA:150,0
DA:151,0
DA:152,0
DA:155,0
DA:156,0
DA:157,0
DA:158,0
DA:159,0
DA:162,0
DA:163,0
DA:164,0
DA:167,0
DA:168,0
DA:169,0
DA:170,0
DA:171,0
DA:173,0
DA:174,0
DA:180,13
LF:111
LH:5
BRDA:5,0,0,0
BRDA:5,0,1,0
BRDA:14,1,0,0
BRDA:14,1,1,0
BRDA:20,2,0,0
BRDA:20,2,1,0
BRDA:26,3,0,0
BRDA:26,3,1,0
BRDA:32,4,0,0
BRDA:32,4,1,0
BRDA:38,5,0,0
BRDA:38,5,1,0
BRDA:44,6,0,0
BRDA:44,6,1,0
BRDA:57,7,0,0
BRDA:57,7,1,0
BRDA:65,8,0,0
BRDA:65,8,1,0
BRDA:71,9,0,0
BRDA:71,9,1,0
BRDA:77,10,0,0
BRDA:77,10,1,0
BRDA:83,11,0,0
BRDA:83,11,1,0
BRDA:89,12,0,0
BRDA:89,12,1,0
BRDA:95,13,0,0
BRDA:95,13,1,0
BRDA:101,14,0,0
BRDA:101,14,1,0
BRDA:107,15,0,0
BRDA:107,15,1,0
BRDA:123,16,0,0
BRDA:123,16,1,0
BRDA:132,17,0,0
BRDA:132,17,1,0
BRDA:138,18,0,0
BRDA:138,18,1,0
BRDA:144,19,0,0
BRDA:144,19,1,0
BRDA:150,20,0,0
BRDA:150,20,1,0
BRDA:156,21,0,0
BRDA:156,21,1,0
BRDA:162,22,0,0
BRDA:162,22,1,0
BRDA:168,23,0,0
BRDA:168,23,1,0
BRF:48
BRH:0
end_of_record
TN:
SF:api\login.js
FN:8,checkEmail
FN:19,(anonymous_1)
FN:42,(anonymous_2)
FN:45,(anonymous_3)
FNF:4
FNH:0
FNDA:0,checkEmail
FNDA:0,(anonymous_1)
FNDA:0,(anonymous_2)
FNDA:0,(anonymous_3)
DA:1,13
DA:2,13
DA:3,13
DA:4,13
DA:6,13
DA:9,0
DA:11,0
DA:12,0
DA:14,0
DA:19,13
DA:21,0
DA:22,0
DA:24,0
DA:25,0
DA:29,0
DA:30,0
DA:31,0
DA:33,0
DA:34,0
DA:35,0
DA:37,0
DA:38,0
DA:39,0
DA:42,0
DA:43,0
DA:45,0
DA:46,0
DA:47,0
DA:48,0
DA:49,0
DA:50,0
DA:51,0
DA:53,0
DA:55,0
DA:60,0
DA:61,0
DA:62,0
DA:63,0
DA:64,0
DA:65,0
DA:66,0
DA:67,0
DA:69,0
DA:70,0
DA:71,0
DA:72,0
DA:73,0
DA:78,0
DA:79,0
DA:80,0
DA:81,0
DA:82,0
DA:89,13
LF:53
LH:7
BRDA:11,0,0,0
BRDA:11,0,1,0
BRDA:29,1,0,0
BRDA:29,1,1,0
BRDA:29,2,0,0
BRDA:29,2,1,0
BRDA:33,3,0,0
BRDA:33,3,1,0
BRDA:37,4,0,0
BRDA:37,4,1,0
BRDA:37,5,0,0
BRDA:37,5,1,0
BRDA:43,6,0,0
BRDA:43,6,1,0
BRDA:43,7,0,0
BRDA:43,7,1,0
BRDA:46,8,0,0
BRDA:46,8,1,0
BRDA:53,9,0,0
BRDA:53,9,1,0
BRF:20
BRH:0
end_of_record
TN:
SF:api\manageAlbum.js
FN:13,(anonymous_0)
FN:32,(anonymous_1)
FN:46,(anonymous_2)
FN:68,(anonymous_3)
FN:96,(anonymous_4)
FN:126,(anonymous_5)
FN:142,(anonymous_6)
FN:157,(anonymous_7)
FN:176,(anonymous_8)
FN:190,(anonymous_9)
FN:206,(anonymous_10)
FN:221,(anonymous_11)
FN:247,(anonymous_12)
FN:288,(anonymous_13)
FN:303,(anonymous_14)
FN:326,(anonymous_15)
FN:330,(anonymous_16)
FNF:17
FNH:0
FNDA:0,(anonymous_0)
FNDA:0,(anonymous_1)
FNDA:0,(anonymous_2)
FNDA:0,(anonymous_3)
FNDA:0,(anonymous_4)
FNDA:0,(anonymous_5)
FNDA:0,(anonymous_6)
FNDA:0,(anonymous_7)
FNDA:0,(anonymous_8)
FNDA:0,(anonymous_9)
FNDA:0,(anonymous_10)
FNDA:0,(anonymous_11)
FNDA:0,(anonymous_12)
FNDA:0,(anonymous_13)
FNDA:0,(anonymous_14)
FNDA:0,(anonymous_15)
FNDA:0,(anonymous_16)
DA:9,13
DA:10,13
DA:11,13
DA:13,13
DA:14,0
DA:32,13
DA:33,0
DA:35,0
DA:36,0
DA:37,0
DA:40,0
DA:41,0
DA:42,0
DA:45,0
DA:46,0
DA:47,0
DA:48,0
DA:49,0
DA:50,0
DA:53,0
DA:54,0
DA:55,0
DA:58,0
DA:59,0
DA:60,0
DA:64,0
DA:65,0
DA:66,0
DA:68,0
DA:69,0
DA:70,0
DA:71,0
DA:72,0
DA:74,0
DA:76,0
DA:77,0
DA:78,0
DA:82,0
DA:83,0
DA:84,0
DA:87,0
DA:88,0
DA:89,0
DA:92,0
DA:93,0
DA:94,0
DA:96,0
DA:97,0
DA:98,0
DA:99,0
DA:104,0
DA:105,0
DA:106,0
DA:109,0
DA:110,0
DA:111,0
DA:115,0
DA:126,0
DA:127,0
DA:128,0
DA:129,0
DA:130,0
DA:132,0
DA:133,0
DA:142,13
DA:143,0
DA:145,0
DA:146,0
DA:147,0
DA:150,0
DA:151,0
DA:152,0
DA:155,0
DA:157,0
DA:158,0
DA:159,0
DA:160,0
DA:164,0
DA:165,0
DA:166,0
DA:169,0
DA:170,0
DA:171,0
DA:174,0
DA:176,0
DA:177,0
DA:178,0
DA:179,0
DA:180,0
DA:183,0
DA:184,0
DA:185,0
DA:190,0
DA:191,0
DA:192,0
DA:193,0
DA:194,0
DA:196,0
DA:197,0
DA:206,13
DA:207,0
DA:209,0
DA:210,0
DA:211,0
DA:214,0
DA:216,0
DA:217,0
DA:218,0
DA:221,0
DA:222,0
DA:223,0
DA:224,0
DA:228,0
DA:229,0
DA:230,0
DA:233,0
DA:234,0
DA:235,0
DA:238,0
DA:241,0
DA:242,0
DA:244,0
DA:245,0
DA:247,0
DA:248,0
DA:249,0
DA:250,0
DA:251,0
DA:253,0
DA:255,0
DA:256,0
DA:258,0
DA:262,0
DA:263,0
DA:265,0
DA:268,0
DA:269,0
DA:271,0
DA:274,0
DA:275,0
DA:277,0
DA:280,0
DA:281,0
DA:283,0
DA:286,0
DA:287,0
DA:288,0
DA:289,0
DA:290,0
DA:293,0
DA:294,0
DA:296,0
DA:299,0
DA:302,0
DA:303,0
DA:304,0
DA:305,0
DA:306,0
DA:307,0
DA:308,0
DA:309,0
DA:310,0
DA:311,0
DA:313,0
DA:314,0
DA:316,0
DA:317,0
DA:318,0
DA:326,13
DA:327,0
DA:328,0
DA:329,0
DA:330,0
DA:331,0
DA:332,0
DA:333,0
DA:334,0
DA:335,0
DA:337,0
DA:338,0
DA:344,13
LF:181
LH:9
BRDA:35,0,0,0
BRDA:35,0,1,0
BRDA:40,1,0,0
BRDA:40,1,1,0
BRDA:47,2,0,0
BRDA:47,2,1,0
BRDA:53,3,0,0
BRDA:53,3,1,0
BRDA:58,4,0,0
BRDA:58,4,1,0
BRDA:64,5,0,0
BRDA:64,5,1,0
BRDA:69,6,0,0
BRDA:69,6,1,0
BRDA:76,7,0,0
BRDA:76,7,1,0
BRDA:82,8,0,0
BRDA:82,8,1,0
BRDA:82,9,0,0
BRDA:82,9,1,0
BRDA:82,9,2,0
BRDA:87,10,0,0
BRDA:87,10,1,0
BRDA:87,11,0,0
BRDA:87,11,1,0
BRDA:92,12,0,0
BRDA:92,12,1,0
BRDA:92,13,0,0
BRDA:92,13,1,0
BRDA:97,14,0,0
BRDA:97,14,1,0
BRDA:97,15,0,0
BRDA:97,15,1,0
BRDA:97,15,2,0
BRDA:104,16,0,0
BRDA:104,16,1,0
BRDA:104,17,0,0
BRDA:104,17,1,0
BRDA:104,17,2,0
BRDA:109,18,0,0
BRDA:109,18,1,0
BRDA:109,19,0,0
BRDA:109,19,1,0
BRDA:127,20,0,0
BRDA:127,20,1,0
BRDA:145,21,0,0
BRDA:145,21,1,0
BRDA:150,22,0,0
BRDA:150,22,1,0
BRDA:158,23,0,0
BRDA:158,23,1,0
BRDA:164,24,0,0
BRDA:164,24,1,0
BRDA:169,25,0,0
BRDA:169,25,1,0
BRDA:177,26,0,0
BRDA:177,26,1,0
BRDA:183,27,0,0
BRDA:183,27,1,0
BRDA:191,28,0,0
BRDA:191,28,1,0
BRDA:209,29,0,0
BRDA:209,29,1,0
BRDA:216,30,0,0
BRDA:216,30,1,0
BRDA:222,31,0,0
BRDA:222,31,1,0
BRDA:228,32,0,0
BRDA:228,32,1,0
BRDA:233,33,0,0
BRDA:233,33,1,0
BRDA:244,34,0,0
BRDA:244,34,1,0
BRDA:248,35,0,0
BRDA:248,35,1,0
BRDA:255,36,0,0
BRDA:255,36,1,0
BRDA:262,37,0,0
BRDA:262,37,1,0
BRDA:262,38,0,0
BRDA:262,38,1,0
BRDA:268,39,0,0
BRDA:268,39,1,0
BRDA:268,40,0,0
BRDA:268,40,1,0
BRDA:274,41,0,0
BRDA:274,41,1,0
BRDA:274,42,0,0
BRDA:274,42,1,0
BRDA:274,42,2,0
BRDA:280,43,0,0
BRDA:280,43,1,0
BRDA:280,44,0,0
BRDA:280,44,1,0
BRDA:286,45,0,0
BRDA:286,45,1,0
BRDA:286,46,0,0
BRDA:286,46,1,0
BRDA:289,47,0,0
BRDA:289,47,1,0
BRDA:289,48,0,0
BRDA:289,48,1,0
BRDA:289,48,2,0
BRDA:293,49,0,0
BRDA:293,49,1,0
BRDA:302,50,0,0
BRDA:302,50,1,0
BRDA:304,51,0,0
BRDA:304,51,1,0
BRDA:308,52,0,0
BRDA:308,52,1,0
BRDA:309,53,0,0
BRDA:309,53,1,0
BRDA:316,54,0,0
BRDA:316,54,1,0
BRDA:331,55,0,0
BRDA:331,55,1,0
BRDA:333,56,0,0
BRDA:333,56,1,0
BRF:119
BRH:0
end_of_record
TN:
SF:api\manageInfo.js
FN:16,(anonymous_0)
FN:19,(anonymous_1)
FN:32,(anonymous_2)
FN:50,(anonymous_3)
FN:68,(anonymous_4)
FN:85,(anonymous_5)
FN:103,(anonymous_6)
FN:114,(anonymous_7)
FN:126,(anonymous_8)
FN:143,(anonymous_9)
FN:173,(anonymous_10)
FNF:11
FNH:0
FNDA:0,(anonymous_0)
FNDA:0,(anonymous_1)
FNDA:0,(anonymous_2)
FNDA:0,(anonymous_3)
FNDA:0,(anonymous_4)
FNDA:0,(anonymous_5)
FNDA:0,(anonymous_6)
FNDA:0,(anonymous_7)
FNDA:0,(anonymous_8)
FNDA:0,(anonymous_9)
FNDA:0,(anonymous_10)
DA:2,13
DA:3,13
DA:4,13
DA:16,13
DA:17,0
DA:18,0
DA:19,0
DA:20,0
DA:21,0
DA:22,0
DA:23,0
DA:24,0
DA:26,0
DA:27,0
DA:32,13
DA:33,0
DA:34,0
DA:35,0
DA:36,0
DA:37,0
DA:40,0
DA:41,0
DA:42,0
DA:45,0
DA:46,0
DA:47,0
DA:50,0
DA:51,0
DA:52,0
DA:53,0
DA:54,0
DA:57,0
DA:58,0
DA:59,0
DA:60,0
DA:62,0
DA:63,0
DA:64,0
DA:65,0
DA:68,0
DA:69,0
DA:70,0
DA:71,0
DA:72,0
DA:74,0
DA:75,0
DA:76,0
DA:78,0
DA:79,0
DA:85,13
DA:86,0
DA:87,0
DA:88,0
DA:89,0
DA:90,0
DA:93,0
DA:94,0
DA:95,0
DA:98,0
DA:99,0
DA:100,0
DA:103,0
DA:104,0
DA:105,0
DA:106,0
DA:107,0
DA:110,0
DA:111,0
DA:112,0
DA:114,0
DA:115,0
DA:116,0
DA:117,0
DA:118,0
DA:120,0
DA:121,0
DA:126,13
DA:127,0
DA:128,0
DA:129,0
DA:130,0
DA:133,0
DA:134,0
DA:135,0
DA:138,0
DA:139,0
DA:140,0
DA:143,0
DA:144,0
DA:145,0
DA:146,0
DA:147,0
DA:150,0
DA:151,0
DA:152,0
DA:154,0
DA:161,0
DA:162,0
DA:164,0
DA:165,0
DA:167,0
DA:168,0
DA:170,0
DA:171,0
DA:173,0
DA:174,0
DA:175,0
DA:176,0
DA:177,0
DA:179,0
DA:180,0
DA:185,13
LF:112
LH:8
BRDA:20,0,0,0
BRDA:20,0,1,0
BRDA:22,1,0,0
BRDA:22,1,1,0
BRDA:35,2,0,0
BRDA:35,2,1,0
BRDA:40,3,0,0
BRDA:40,3,1,0
BRDA:45,4,0,0
BRDA:45,4,1,0
BRDA:51,5,0,0
BRDA:51,5,1,0
BRDA:57,6,0,0
BRDA:57,6,1,0
BRDA:63,7,0,0
BRDA:63,7,1,0
BRDA:63,8,0,0
BRDA:63,8,1,0
BRDA:69,9,0,0
BRDA:69,9,1,0
BRDA:74,10,0,0
BRDA:74,10,1,0
BRDA:88,11,0,0
BRDA:88,11,1,0
BRDA:93,12,0,0
BRDA:93,12,1,0
BRDA:98,13,0,0
BRDA:98,13,1,0
BRDA:104,14,0,0
BRDA:104,14,1,0
BRDA:110,15,0,0
BRDA:110,15,1,0
BRDA:115,16,0,0
BRDA:115,16,1,0
BRDA:128,17,0,0
BRDA:128,17,1,0
BRDA:133,18,0,0
BRDA:133,18,1,0
BRDA:138,19,0,0
BRDA:138,19,1,0
BRDA:144,20,0,0
BRDA:144,20,1,0
BRDA:150,21,0,0
BRDA:150,21,1,0
BRDA:161,22,0,0
BRDA:161,22,1,0
BRDA:164,23,0,0
BRDA:164,23,1,0
BRDA:167,24,0,0
BRDA:167,24,1,0
BRDA:170,25,0,0
BRDA:170,25,1,0
BRDA:174,26,0,0
BRDA:174,26,1,0
BRF:54
BRH:0
end_of_record
TN:
SF:api\manageMerch.js
FN:16,(anonymous_0)
FN:37,(anonymous_1)
FN:56,(anonymous_2)
FN:100,(anonymous_3)
FN:109,(anonymous_4)
FN:130,(anonymous_5)
FN:143,(anonymous_6)
FN:158,(anonymous_7)
FN:168,(anonymous_8)
FN:189,(anonymous_9)
FN:202,(anonymous_10)
FN:253,(anonymous_11)
FN:262,(anonymous_12)
FN:271,(anonymous_13)
FN:280,(anonymous_14)
FN:293,(anonymous_15)
FN:296,(anonymous_16)
FNF:17
FNH:0
FNDA:0,(anonymous_0)
FNDA:0,(anonymous_1)
FNDA:0,(anonymous_2)
FNDA:0,(anonymous_3)
FNDA:0,(anonymous_4)
FNDA:0,(anonymous_5)
FNDA:0,(anonymous_6)
FNDA:0,(anonymous_7)
FNDA:0,(anonymous_8)
FNDA:0,(anonymous_9)
FNDA:0,(anonymous_10)
FNDA:0,(anonymous_11)
FNDA:0,(anonymous_12)
FNDA:0,(anonymous_13)
FNDA:0,(anonymous_14)
FNDA:0,(anonymous_15)
FNDA:0,(anonymous_16)
DA:1,13
DA:2,13
DA:3,13
DA:16,13
DA:17,0
DA:18,0
DA:19,0
DA:21,0
DA:22,0
DA:23,0
DA:26,0
DA:27,0
DA:28,0
DA:31,0
DA:32,0
DA:33,0
DA:37,0
DA:38,0
DA:39,0
DA:40,0
DA:41,0
DA:45,0
DA:46,0
DA:47,0
DA:51,0
DA:52,0
DA:53,0
DA:56,0
DA:57,0
DA:58,0
DA:59,0
DA:61,0
DA:64,0
DA:65,0
DA:66,0
DA:70,0
DA:79,0
DA:80,0
DA:81,0
DA:84,0
DA:85,0
DA:86,0
DA:89,0
DA:90,0
DA:91,0
DA:94,0
DA:95,0
DA:96,0
DA:99,0
DA:100,0
DA:101,0
DA:102,0
DA:104,0
DA:109,13
DA:110,0
DA:111,0
DA:112,0
DA:114,0
DA:115,0
DA:116,0
DA:119,0
DA:120,0
DA:121,0
DA:124,0
DA:125,0
DA:126,0
DA:130,0
DA:131,0
DA:132,0
DA:133,0
DA:134,0
DA:137,0
DA:138,0
DA:139,0
DA:143,0
DA:144,0
DA:145,0
DA:146,0
DA:148,0
DA:150,0
DA:153,0
DA:154,0
DA:155,0
DA:158,0
DA:159,0
DA:160,0
DA:162,0
DA:168,13
DA:169,0
DA:170,0
DA:171,0
DA:173,0
DA:174,0
DA:175,0
DA:178,0
DA:179,0
DA:180,0
DA:183,0
DA:184,0
DA:185,0
DA:189,0
DA:190,0
DA:191,0
DA:192,0
DA:193,0
DA:196,0
DA:197,0
DA:198,0
DA:202,0
DA:203,0
DA:204,0
DA:205,0
DA:207,0
DA:209,0
DA:212,0
DA:213,0
DA:214,0
DA:218,0
DA:225,0
DA:226,0
DA:227,0
DA:230,0
DA:231,0
DA:232,0
DA:235,0
DA:236,0
DA:237,0
DA:238,0
DA:239,0
DA:243,0
DA:244,0
DA:245,0
DA:246,0
DA:247,0
DA:252,0
DA:253,0
DA:254,0
DA:255,0
DA:256,0
DA:261,0
DA:262,0
DA:263,0
DA:264,0
DA:265,0
DA:270,0
DA:271,0
DA:272,0
DA:273,0
DA:274,0
DA:279,0
DA:280,0
DA:281,0
DA:282,0
DA:283,0
DA:288,0
DA:293,13
DA:294,0
DA:295,0
DA:296,0
DA:297,0
DA:298,0
DA:299,0
DA:300,0
DA:302,0
DA:307,13
LF:165
LH:8
BRDA:21,0,0,0
BRDA:21,0,1,0
BRDA:26,1,0,0
BRDA:26,1,1,0
BRDA:31,2,0,0
BRDA:31,2,1,0
BRDA:38,3,0,0
BRDA:38,3,1,0
BRDA:45,4,0,0
BRDA:45,4,1,0
BRDA:51,5,0,0
BRDA:51,5,1,0
BRDA:57,6,0,0
BRDA:57,6,1,0
BRDA:64,7,0,0
BRDA:64,7,1,0
BRDA:79,8,0,0
BRDA:79,8,1,0
BRDA:79,9,0,0
BRDA:79,9,1,0
BRDA:84,10,0,0
BRDA:84,10,1,0
BRDA:84,11,0,0
BRDA:84,11,1,0
BRDA:89,12,0,0
BRDA:89,12,1,0
BRDA:89,13,0,0
BRDA:89,13,1,0
BRDA:94,14,0,0
BRDA:94,14,1,0
BRDA:94,15,0,0
BRDA:94,15,1,0
BRDA:101,16,0,0
BRDA:101,16,1,0
BRDA:114,17,0,0
BRDA:114,17,1,0
BRDA:119,18,0,0
BRDA:119,18,1,0
BRDA:124,19,0,0
BRDA:124,19,1,0
BRDA:131,20,0,0
BRDA:131,20,1,0
BRDA:137,21,0,0
BRDA:137,21,1,0
BRDA:144,22,0,0
BRDA:144,22,1,0
BRDA:145,23,0,0
BRDA:145,23,1,0
BRDA:153,24,0,0
BRDA:153,24,1,0
BRDA:159,25,0,0
BRDA:159,25,1,0
BRDA:173,26,0,0
BRDA:173,26,1,0
BRDA:178,27,0,0
BRDA:178,27,1,0
BRDA:183,28,0,0
BRDA:183,28,1,0
BRDA:190,29,0,0
BRDA:190,29,1,0
BRDA:196,30,0,0
BRDA:196,30,1,0
BRDA:203,31,0,0
BRDA:203,31,1,0
BRDA:204,32,0,0
BRDA:204,32,1,0
BRDA:212,33,0,0
BRDA:212,33,1,0
BRDA:225,34,0,0
BRDA:225,34,1,0
BRDA:225,35,0,0
BRDA:225,35,1,0
BRDA:225,35,2,0
BRDA:230,36,0,0
BRDA:230,36,1,0
BRDA:230,37,0,0
BRDA:230,37,1,0
BRDA:230,37,2,0
BRDA:235,38,0,0
BRDA:235,38,1,0
BRDA:237,39,0,0
BRDA:237,39,1,0
BRDA:237,40,0,0
BRDA:237,40,1,0
BRDA:243,41,0,0
BRDA:243,41,1,0
BRDA:245,42,0,0
BRDA:245,42,1,0
BRDA:245,43,0,0
BRDA:245,43,1,0
BRDA:252,44,0,0
BRDA:252,44,1,0
BRDA:254,45,0,0
BRDA:254,45,1,0
BRDA:261,46,0,0
BRDA:261,46,1,0
BRDA:263,47,0,0
BRDA:263,47,1,0
BRDA:270,48,0,0
BRDA:270,48,1,0
BRDA:272,49,0,0
BRDA:272,49,1,0
BRDA:279,50,0,0
BRDA:279,50,1,0
BRDA:281,51,0,0
BRDA:281,51,1,0
BRDA:297,52,0,0
BRDA:297,52,1,0
BRDA:299,53,0,0
BRDA:299,53,1,0
BRF:110
BRH:0
end_of_record
TN:
SF:api\register.js
FN:9,checkEmail
FN:23,(anonymous_1)
FN:51,(anonymous_2)
FN:65,(anonymous_3)
FNF:4
FNH:0
FNDA:0,checkEmail
FNDA:0,(anonymous_1)
FNDA:0,(anonymous_2)
FNDA:0,(anonymous_3)
DA:5,13
DA:7,13
DA:10,0
DA:12,0
DA:13,0
DA:15,0
DA:23,13
DA:24,0
DA:31,0
DA:32,0
DA:33,0
DA:36,0
DA:37,0
DA:38,0
DA:41,0
DA:42,0
DA:43,0
DA:46,0
DA:47,0
DA:48,0
DA:51,0
DA:52,0
DA:53,0
DA:54,0
DA:58,0
DA:59,0
DA:60,0
DA:63,0
DA:65,0
DA:66,0
DA:67,0
DA:71,0
DA:75,13
LF:33
LH:4
BRDA:12,0,0,0
BRDA:12,0,1,0
BRDA:31,1,0,0
BRDA:31,1,1,0
BRDA:31,2,0,0
BRDA:31,2,1,0
BRDA:36,3,0,0
BRDA:36,3,1,0
BRDA:36,4,0,0
BRDA:36,4,1,0
BRDA:41,5,0,0
BRDA:41,5,1,0
BRDA:46,6,0,0
BRDA:46,6,1,0
BRDA:46,7,0,0
BRDA:46,7,1,0
BRDA:52,8,0,0
BRDA:52,8,1,0
BRDA:58,9,0,0
BRDA:58,9,1,0
BRDA:66,10,0,0
BRDA:66,10,1,0
BRF:22
BRH:0
end_of_record
TN:
SF:api\tokenChecker.js
FN:5,(anonymous_0)
FN:15,(anonymous_1)
FNF:2
FNH:2
FNDA:36,(anonymous_0)
FNDA:17,(anonymous_1)
DA:1,13
DA:2,13
DA:3,13
DA:5,13
DA:7,36
DA:10,36
DA:11,19
DA:15,17
DA:16,17
DA:17,17
DA:19,0
DA:20,0
DA:26,13
LF:13
LH:11
BRDA:7,0,0,36
BRDA:7,0,1,19
BRDA:7,0,2,19
BRDA:10,1,0,19
BRDA:10,1,1,17
BRDA:16,2,0,17
BRDA:16,2,1,0
BRF:7
BRH:6
end_of_record
TN:
SF:api\userStory4.js
FN:9,(anonymous_0)
FN:10,(anonymous_1)
FN:24,(anonymous_2)
FN:25,(anonymous_3)
FN:39,(anonymous_4)
FN:40,(anonymous_5)
FN:54,(anonymous_6)
FN:55,(anonymous_7)
FN:69,(anonymous_8)
FN:80,(anonymous_9)
FN:97,(anonymous_10)
FN:110,(anonymous_11)
FN:123,(anonymous_12)
FN:141,(anonymous_13)
FN:146,(anonymous_14)
FN:158,(anonymous_15)
FN:171,(anonymous_16)
FN:183,(anonymous_17)
FN:200,(anonymous_18)
FN:210,(anonymous_19)
FN:226,(anonymous_20)
FN:236,(anonymous_21)
FN:252,(anonymous_22)
FN:261,(anonymous_23)
FN:277,(anonymous_24)
FN:287,(anonymous_25)
FN:302,(anonymous_26)
FN:319,(anonymous_27)
FN:330,(anonymous_28)
FN:345,(anonymous_29)
FN:362,(anonymous_30)
FN:373,(anonymous_31)
FN:388,(anonymous_32)
FN:406,(anonymous_33)
FN:421,(anonymous_34)
FN:429,(anonymous_35)
FN:456,(anonymous_36)
FN:470,(anonymous_37)
FN:478,(anonymous_38)
FN:505,(anonymous_39)
FN:520,(anonymous_40)
FN:528,(anonymous_41)
FNF:42
FNH:10
FNDA:0,(anonymous_0)
FNDA:0,(anonymous_1)
FNDA:0,(anonymous_2)
FNDA:0,(anonymous_3)
FNDA:0,(anonymous_4)
FNDA:0,(anonymous_5)
FNDA:0,(anonymous_6)
FNDA:0,(anonymous_7)
FNDA:1,(anonymous_8)
FNDA:1,(anonymous_9)
FNDA:0,(anonymous_10)
FNDA:0,(anonymous_11)
FNDA:0,(anonymous_12)
FNDA:2,(anonymous_13)
FNDA:2,(anonymous_14)
FNDA:2,(anonymous_15)
FNDA:2,(anonymous_16)
FNDA:1,(anonymous_17)
FNDA:0,(anonymous_18)
FNDA:0,(anonymous_19)
FNDA:0,(anonymous_20)
FNDA:0,(anonymous_21)
FNDA:0,(anonymous_22)
FNDA:0,(anonymous_23)
FNDA:0,(anonymous_24)
FNDA:0,(anonymous_25)
FNDA:0,(anonymous_26)
FNDA:0,(anonymous_27)
FNDA:0,(anonymous_28)
FNDA:0,(anonymous_29)
FNDA:0,(anonymous_30)
FNDA:0,(anonymous_31)
FNDA:0,(anonymous_32)
FNDA:4,(anonymous_33)
FNDA:3,(anonymous_34)
FNDA:3,(anonymous_35)
FNDA:0,(anonymous_36)
FNDA:0,(anonymous_37)
FNDA:0,(anonymous_38)
FNDA:0,(anonymous_39)
FNDA:0,(anonymous_40)
FNDA:0,(anonymous_41)
DA:1,13
DA:2,13
DA:3,13
DA:4,13
DA:9,13
DA:10,0
DA:11,0
DA:13,0
DA:14,0
DA:15,0
DA:17,0
DA:24,13
DA:25,0
DA:26,0
DA:28,0
DA:29,0
DA:30,0
DA:32,0
DA:39,13
DA:40,0
DA:41,0
DA:43,0
DA:44,0
DA:45,0
DA:47,0
DA:54,13
DA:55,0
DA:56,0
DA:58,0
DA:59,0
DA:60,0
DA:62,0
DA:69,13
DA:70,1
DA:71,1
DA:74,1
DA:75,0
DA:76,0
DA:80,1
DA:81,1
DA:82,0
DA:83,0
DA:87,1
DA:88,1
DA:89,1
DA:92,0
DA:97,0
DA:98,0
DA:99,0
DA:100,0
DA:102,0
DA:103,0
DA:104,0
DA:106,0
DA:110,0
DA:111,0
DA:112,0
DA:113,0
DA:115,0
DA:116,0
DA:117,0
DA:119,0
DA:123,0
DA:124,0
DA:125,0
DA:126,0
DA:129,0
DA:130,0
DA:131,0
DA:133,0
DA:135,0
DA:141,13
DA:142,2
DA:143,2
DA:146,2
DA:147,2
DA:148,0
DA:149,0
DA:152,2
DA:153,1
DA:155,1
DA:158,2
DA:159,2
DA:160,0
DA:161,0
DA:164,2
DA:165,2
DA:166,10
DA:168,2
DA:171,2
DA:172,2
DA:173,0
DA:174,0
DA:177,2
DA:178,2
DA:179,6
DA:181,2
DA:183,2
DA:184,1
DA:185,0
DA:186,0
DA:189,1
DA:190,1
DA:191,3
DA:193,1
DA:195,1
DA:200,13
DA:201,0
DA:204,0
DA:205,0
DA:206,0
DA:210,0
DA:211,0
DA:212,0
DA:213,0
DA:217,0
DA:218,0
DA:219,0
DA:221,0
DA:226,13
DA:227,0
DA:230,0
DA:231,0
DA:232,0
DA:236,0
DA:237,0
DA:238,0
DA:239,0
DA:242,0
DA:243,0
DA:244,0
DA:247,0
DA:252,13
DA:253,0
DA:255,0
DA:256,0
DA:257,0
DA:261,0
DA:262,0
DA:263,0
DA:264,0
DA:268,0
DA:269,0
DA:270,0
DA:272,0
DA:277,13
DA:278,0
DA:279,0
DA:281,0
DA:282,0
DA:283,0
DA:287,0
DA:288,0
DA:289,0
DA:290,0
DA:294,0
DA:295,0
DA:296,0
DA:299,0
DA:302,0
DA:303,0
DA:304,0
DA:305,0
DA:309,0
DA:310,0
DA:311,0
DA:313,0
DA:314,0
DA:319,13
DA:320,0
DA:321,0
DA:324,0
DA:325,0
DA:326,0
DA:330,0
DA:331,0
DA:332,0
DA:333,0
DA:337,0
DA:338,0
DA:339,0
DA:342,0
DA:345,0
DA:346,0
DA:347,0
DA:348,0
DA:352,0
DA:353,0
DA:354,0
DA:356,0
DA:357,0
DA:362,13
DA:363,0
DA:364,0
DA:367,0
DA:368,0
DA:369,0
DA:373,0
DA:374,0
DA:375,0
DA:376,0
DA:380,0
DA:381,0
DA:382,0
DA:385,0
DA:388,0
DA:389,0
DA:390,0
DA:391,0
DA:395,0
DA:396,0
DA:397,0
DA:399,0
DA:400,0
DA:406,13
DA:407,4
DA:408,4
DA:411,4
DA:412,1
DA:413,1
DA:415,3
DA:416,0
DA:417,0
DA:421,3
DA:422,3
DA:423,0
DA:424,0
DA:429,3
DA:430,3
DA:431,0
DA:432,0
DA:436,3
DA:437,1
DA:438,1
DA:441,2
DA:442,2
DA:443,2
DA:446,0
DA:447,0
DA:448,0
DA:450,0
DA:456,13
DA:457,0
DA:458,0
DA:460,0
DA:461,0
DA:462,0
DA:464,0
DA:465,0
DA:466,0
DA:470,0
DA:471,0
DA:472,0
DA:473,0
DA:478,0
DA:479,0
DA:480,0
DA:481,0
DA:485,0
DA:486,0
DA:487,0
DA:490,0
DA:491,0
DA:492,0
DA:495,0
DA:496,0
DA:497,0
DA:500,0
DA:505,13
DA:506,0
DA:507,0
DA:510,0
DA:511,0
DA:512,0
DA:514,0
DA:515,0
DA:516,0
DA:520,0
DA:521,0
DA:522,0
DA:523,0
DA:528,0
DA:529,0
DA:530,0
DA:531,0
DA:535,0
DA:536,0
DA:537,0
DA:540,0
DA:541,0
DA:542,0
DA:545,0
DA:546,0
DA:547,0
DA:550,0
DA:553,13
LF:296
LH:70
BRDA:11,0,0,0
BRDA:11,0,1,0
BRDA:26,1,0,0
BRDA:26,1,1,0
BRDA:41,2,0,0
BRDA:41,2,1,0
BRDA:56,3,0,0
BRDA:56,3,1,0
BRDA:74,4,0,0
BRDA:74,4,1,1
BRDA:74,5,0,1
BRDA:74,5,1,1
BRDA:81,6,0,0
BRDA:81,6,1,1
BRDA:87,7,0,1
BRDA:87,7,1,0
BRDA:98,8,0,0
BRDA:98,8,1,0
BRDA:111,9,0,0
BRDA:111,9,1,0
BRDA:124,10,0,0
BRDA:124,10,1,0
BRDA:147,11,0,0
BRDA:147,11,1,2
BRDA:152,12,0,1
BRDA:152,12,1,1
BRDA:159,13,0,0
BRDA:159,13,1,2
BRDA:172,14,0,0
BRDA:172,14,1,2
BRDA:184,15,0,0
BRDA:184,15,1,1
BRDA:204,16,0,0
BRDA:204,16,1,0
BRDA:211,17,0,0
BRDA:211,17,1,0
BRDA:217,18,0,0
BRDA:217,18,1,0
BRDA:230,19,0,0
BRDA:230,19,1,0
BRDA:237,20,0,0
BRDA:237,20,1,0
BRDA:242,21,0,0
BRDA:242,21,1,0
BRDA:255,22,0,0
BRDA:255,22,1,0
BRDA:262,23,0,0
BRDA:262,23,1,0
BRDA:268,24,0,0
BRDA:268,24,1,0
BRDA:281,25,0,0
BRDA:281,25,1,0
BRDA:281,26,0,0
BRDA:281,26,1,0
BRDA:288,27,0,0
BRDA:288,27,1,0
BRDA:294,28,0,0
BRDA:294,28,1,0
BRDA:303,29,0,0
BRDA:303,29,1,0
BRDA:309,30,0,0
BRDA:309,30,1,0
BRDA:324,31,0,0
BRDA:324,31,1,0
BRDA:324,32,0,0
BRDA:324,32,1,0
BRDA:331,33,0,0
BRDA:331,33,1,0
BRDA:337,34,0,0
BRDA:337,34,1,0
BRDA:346,35,0,0
BRDA:346,35,1,0
BRDA:352,36,0,0
BRDA:352,36,1,0
BRDA:367,37,0,0
BRDA:367,37,1,0
BRDA:367,38,0,0
BRDA:367,38,1,0
BRDA:374,39,0,0
BRDA:374,39,1,0
BRDA:380,40,0,0
BRDA:380,40,1,0
BRDA:389,41,0,0
BRDA:389,41,1,0
BRDA:395,42,0,0
BRDA:395,42,1,0
BRDA:411,43,0,1
BRDA:411,43,1,3
BRDA:415,44,0,0
BRDA:415,44,1,3
BRDA:415,45,0,3
BRDA:415,45,1,3
BRDA:422,46,0,0
BRDA:422,46,1,3
BRDA:430,47,0,0
BRDA:430,47,1,3
BRDA:436,48,0,1
BRDA:436,48,1,2
BRDA:441,49,0,2
BRDA:441,49,1,0
BRDA:446,50,0,0
BRDA:446,50,1,0
BRDA:460,51,0,0
BRDA:460,51,1,0
BRDA:464,52,0,0
BRDA:464,52,1,0
BRDA:464,53,0,0
BRDA:464,53,1,0
BRDA:471,54,0,0
BRDA:471,54,1,0
BRDA:479,55,0,0
BRDA:479,55,1,0
BRDA:485,56,0,0
BRDA:485,56,1,0
BRDA:490,57,0,0
BRDA:490,57,1,0
BRDA:495,58,0,0
BRDA:495,58,1,0
BRDA:510,59,0,0
BRDA:510,59,1,0
BRDA:514,60,0,0
BRDA:514,60,1,0
BRDA:514,61,0,0
BRDA:514,61,1,0
BRDA:521,62,0,0
BRDA:521,62,1,0
BRDA:529,63,0,0
BRDA:529,63,1,0
BRDA:535,64,0,0
BRDA:535,64,1,0
BRDA:540,65,0,0
BRDA:540,65,1,0
BRDA:545,66,0,0
BRDA:545,66,1,0
BRF:134
BRH:21
end_of_record
TN:
SF:models\album.js
FNF:0
FNH:0
DA:1,13
DA:3,13
DA:41,13
LF:3
LH:3
BRF:0
BRH:0
end_of_record
TN:
SF:models\event.js
FNF:0
FNH:0
DA:1,13
DA:2,13
DA:4,13
DA:42,13
LF:4
LH:4
BRF:0
BRH:0
end_of_record
TN:
SF:models\product.js
FNF:0
FNH:0
DA:1,13
DA:3,13
DA:36,13
LF:3
LH:3
BRF:0
BRH:0
end_of_record
TN:
SF:models\user.js
FN:42,(anonymous_0)
FN:47,(anonymous_1)
FNF:2
FNH:0
FNDA:0,(anonymous_0)
FNDA:0,(anonymous_1)
DA:1,13
DA:2,13
DA:4,13
DA:5,13
DA:7,13
DA:42,13
DA:43,0
DA:44,0
DA:45,0
DA:47,0
DA:48,0
DA:49,0
DA:50,0
DA:52,0
DA:53,0
DA:60,13
LF:16
LH:7
BRDA:44,0,0,0
BRDA:44,0,1,0
BRDA:44,1,0,0
BRDA:44,1,1,0
BRDA:48,2,0,0
BRDA:48,2,1,0
BRF:6
BRH:0
end_of_record
