TN:
SF:index.js
FN:12,(anonymous_0)
FN:15,(anonymous_1)
FN:28,(anonymous_2)
FN:45,(anonymous_3)
FN:48,(anonymous_4)
FN:51,(anonymous_5)
FN:56,(anonymous_6)
FN:62,(anonymous_7)
FNF:8
FNH:2
FNDA:1,(anonymous_0)
FNDA:1,(anonymous_1)
FNDA:0,(anonymous_2)
FNDA:0,(anonymous_3)
FNDA:0,(anonymous_4)
FNDA:0,(anonymous_5)
FNDA:0,(anonymous_6)
FNDA:0,(anonymous_7)
DA:2,1
DA:3,1
DA:4,1
DA:7,1
DA:8,1
DA:11,1
DA:13,1
DA:15,1
DA:16,1
DA:22,1
DA:25,1
DA:28,1
DA:29,0
DA:34,1
DA:37,1
DA:38,1
DA:39,1
DA:40,1
DA:43,1
DA:45,1
DA:46,0
DA:48,1
DA:49,0
DA:51,1
DA:52,0
DA:56,1
DA:57,0
DA:58,0
DA:59,0
DA:62,1
DA:63,0
DA:64,0
DA:70,1
LF:33
LH:24
BRDA:22,0,0,1
BRDA:22,0,1,1
BRDA:63,1,0,0
BRDA:63,1,1,0
BRF:4
BRH:2
end_of_record
TN:
SF:lib\events.js
FN:20,checkDate
FN:29,toDate
FN:44,(anonymous_2)
FN:48,(anonymous_3)
FN:91,(anonymous_4)
FN:120,(anonymous_5)
FN:132,(anonymous_6)
FN:136,(anonymous_7)
FN:155,(anonymous_8)
FN:170,(anonymous_9)
FN:183,(anonymous_10)
FN:187,(anonymous_11)
FN:206,(anonymous_12)
FN:256,(anonymous_13)
FN:288,(anonymous_14)
FN:297,(anonymous_15)
FN:306,(anonymous_16)
FN:315,(anonymous_17)
FN:324,(anonymous_18)
FN:338,(anonymous_19)
FNF:20
FNH:11
FNDA:3,checkDate
FNDA:3,toDate
FNDA:5,(anonymous_2)
FNDA:5,(anonymous_3)
FNDA:1,(anonymous_4)
FNDA:0,(anonymous_5)
FNDA:1,(anonymous_6)
FNDA:1,(anonymous_7)
FNDA:1,(anonymous_8)
FNDA:0,(anonymous_9)
FNDA:4,(anonymous_10)
FNDA:4,(anonymous_11)
FNDA:4,(anonymous_12)
FNDA:0,(anonymous_13)
FNDA:0,(anonymous_14)
FNDA:0,(anonymous_15)
FNDA:0,(anonymous_16)
FNDA:0,(anonymous_17)
FNDA:0,(anonymous_18)
FNDA:0,(anonymous_19)
DA:1,1
DA:8,1
DA:9,1
DA:10,1
DA:21,3
DA:23,3
DA:24,3
DA:26,0
DA:30,3
DA:31,3
DA:33,3
DA:34,3
DA:37,3
DA:44,1
DA:46,5
DA:48,5
DA:49,5
DA:50,0
DA:51,0
DA:55,5
DA:56,1
DA:57,1
DA:60,4
DA:70,4
DA:71,2
DA:72,2
DA:75,2
DA:76,0
DA:77,0
DA:80,2
DA:81,0
DA:82,0
DA:84,2
DA:86,2
DA:87,1
DA:88,1
DA:91,1
DA:92,1
DA:93,0
DA:94,0
DA:98,1
DA:99,0
DA:100,0
DA:103,1
DA:104,0
DA:105,0
DA:108,1
DA:109,0
DA:110,0
DA:113,1
DA:114,1
DA:115,1
DA:119,0
DA:120,0
DA:121,0
DA:122,0
DA:124,0
DA:132,1
DA:134,1
DA:136,1
DA:137,1
DA:138,0
DA:139,0
DA:143,1
DA:144,0
DA:145,0
DA:148,1
DA:150,1
DA:151,0
DA:152,0
DA:155,1
DA:156,1
DA:157,0
DA:158,0
DA:160,0
DA:162,1
DA:165,1
DA:166,1
DA:167,1
DA:170,0
DA:171,0
DA:172,0
DA:174,0
DA:183,1
DA:185,4
DA:187,4
DA:188,4
DA:189,0
DA:190,0
DA:194,4
DA:195,0
DA:196,0
DA:199,4
DA:201,4
DA:202,0
DA:203,0
DA:206,4
DA:207,4
DA:208,0
DA:209,0
DA:211,0
DA:213,4
DA:216,4
DA:217,1
DA:218,1
DA:222,3
DA:233,3
DA:234,0
DA:235,0
DA:238,3
DA:239,0
DA:240,0
DA:243,3
DA:244,0
DA:245,0
DA:248,3
DA:249,1
DA:251,1
DA:252,1
DA:253,1
DA:256,0
DA:257,0
DA:258,0
DA:259,0
DA:262,0
DA:263,0
DA:264,0
DA:268,2
DA:269,0
DA:270,0
DA:273,2
DA:274,0
DA:275,0
DA:278,2
DA:279,1
DA:280,1
DA:281,1
DA:282,1
DA:287,1
DA:288,0
DA:289,0
DA:290,0
DA:291,0
DA:296,1
DA:297,0
DA:298,0
DA:299,0
DA:300,0
DA:305,1
DA:306,0
DA:307,0
DA:308,0
DA:309,0
DA:314,1
DA:315,0
DA:316,0
DA:317,0
DA:318,0
DA:323,1
DA:324,0
DA:325,0
DA:326,0
DA:327,0
DA:332,1
DA:338,1
DA:339,0
DA:340,0
DA:341,0
DA:342,0
DA:343,0
DA:344,0
DA:345,0
DA:348,0
DA:349,0
DA:353,1
LF:175
LH:87
BRDA:23,0,0,3
BRDA:23,0,1,0
BRDA:49,1,0,0
BRDA:49,1,1,5
BRDA:55,2,0,1
BRDA:55,2,1,4
BRDA:70,3,0,2
BRDA:70,3,1,2
BRDA:70,4,0,4
BRDA:70,4,1,2
BRDA:75,5,0,0
BRDA:75,5,1,2
BRDA:75,6,0,2
BRDA:75,6,1,2
BRDA:80,7,0,0
BRDA:80,7,1,2
BRDA:86,8,0,1
BRDA:86,8,1,1
BRDA:92,9,0,0
BRDA:92,9,1,1
BRDA:98,10,0,0
BRDA:98,10,1,1
BRDA:103,11,0,0
BRDA:103,11,1,1
BRDA:103,12,0,1
BRDA:103,12,1,1
BRDA:108,13,0,0
BRDA:108,13,1,1
BRDA:108,14,0,1
BRDA:108,14,1,1
BRDA:113,15,0,1
BRDA:113,15,1,0
BRDA:113,16,0,1
BRDA:113,16,1,1
BRDA:121,17,0,0
BRDA:121,17,1,0
BRDA:137,18,0,0
BRDA:137,18,1,1
BRDA:143,19,0,0
BRDA:143,19,1,1
BRDA:150,20,0,0
BRDA:150,20,1,1
BRDA:150,21,0,1
BRDA:150,21,1,1
BRDA:156,22,0,0
BRDA:156,22,1,1
BRDA:157,23,0,0
BRDA:157,23,1,0
BRDA:165,24,0,1
BRDA:165,24,1,0
BRDA:171,25,0,0
BRDA:171,25,1,0
BRDA:188,26,0,0
BRDA:188,26,1,4
BRDA:194,27,0,0
BRDA:194,27,1,4
BRDA:201,28,0,0
BRDA:201,28,1,4
BRDA:201,29,0,4
BRDA:201,29,1,4
BRDA:207,30,0,0
BRDA:207,30,1,4
BRDA:208,31,0,0
BRDA:208,31,1,0
BRDA:216,32,0,1
BRDA:216,32,1,3
BRDA:233,33,0,0
BRDA:233,33,1,3
BRDA:233,34,0,3
BRDA:233,34,1,1
BRDA:233,34,2,1
BRDA:238,35,0,0
BRDA:238,35,1,3
BRDA:238,36,0,3
BRDA:238,36,1,1
BRDA:238,36,2,1
BRDA:243,37,0,0
BRDA:243,37,1,3
BRDA:243,38,0,3
BRDA:243,38,1,1
BRDA:248,39,0,1
BRDA:248,39,1,2
BRDA:251,40,0,1
BRDA:251,40,1,0
BRDA:257,41,0,0
BRDA:257,41,1,0
BRDA:262,42,0,0
BRDA:262,42,1,0
BRDA:268,43,0,0
BRDA:268,43,1,2
BRDA:268,44,0,2
BRDA:268,44,1,1
BRDA:268,44,2,1
BRDA:273,45,0,0
BRDA:273,45,1,2
BRDA:273,46,0,2
BRDA:273,46,1,0
BRDA:273,46,2,0
BRDA:278,47,0,1
BRDA:278,47,1,1
BRDA:280,48,0,1
BRDA:280,48,1,0
BRDA:280,49,0,1
BRDA:280,49,1,1
BRDA:287,50,0,0
BRDA:287,50,1,1
BRDA:289,51,0,0
BRDA:289,51,1,0
BRDA:296,52,0,0
BRDA:296,52,1,1
BRDA:298,53,0,0
BRDA:298,53,1,0
BRDA:305,54,0,0
BRDA:305,54,1,1
BRDA:307,55,0,0
BRDA:307,55,1,0
BRDA:314,56,0,0
BRDA:314,56,1,1
BRDA:316,57,0,0
BRDA:316,57,1,0
BRDA:323,58,0,0
BRDA:323,58,1,1
BRDA:325,59,0,0
BRDA:325,59,1,0
BRDA:342,60,0,0
BRDA:342,60,1,0
BRDA:343,61,0,0
BRDA:343,61,1,0
BRDA:343,62,0,0
BRDA:343,62,1,0
BRDA:348,63,0,0
BRDA:348,63,1,0
BRF:132
BRH:70
end_of_record
TN:
SF:models\event.js
FNF:0
FNH:0
DA:1,1
DA:2,1
DA:4,1
DA:37,1
LF:4
LH:4
BRF:0
BRH:0
end_of_record
TN:
SF:models\user.js
FN:37,(anonymous_0)
FN:42,(anonymous_1)
FNF:2
FNH:0
FNDA:0,(anonymous_0)
FNDA:0,(anonymous_1)
DA:1,1
DA:2,1
DA:4,1
DA:5,1
DA:7,1
DA:37,1
DA:38,0
DA:39,0
DA:40,0
DA:42,0
DA:43,0
DA:44,0
DA:45,0
DA:47,0
DA:48,0
DA:55,1
LF:16
LH:7
BRDA:39,0,0,0
BRDA:39,0,1,0
BRDA:39,1,0,0
BRDA:39,1,1,0
BRDA:43,2,0,0
BRDA:43,2,1,0
BRF:6
BRH:0
end_of_record
